Removed Pin From Net: NetName=+2V8 Pin=C4-1
Removed Pin From Net: NetName=+2V8 Pin=C5-1
Removed Pin From Net: NetName=+2V8 Pin=C6-1
Removed Pin From Net: NetName=+2V8 Pin=IC1-4
Removed Pin From Net: NetName=+2V8 Pin=LED1-2
Removed Pin From Net: NetName=+2V8 Pin=LED2-1
Removed Pin From Net: NetName=+2V8 Pin=R2-1
Removed Pin From Net: NetName=+2V8 Pin=R3-2
Removed Pin From Net: NetName=+2V8 Pin=R17-2
Added Pin To Net: NetName=IC5_5 Pin=C4-1
Added Pin To Net: NetName=IC5_5 Pin=C5-1
Added Pin To Net: NetName=IC5_5 Pin=C6-1
Added Pin To Net: NetName=IC5_5 Pin=IC1-4
Added Pin To Net: NetName=IC5_5 Pin=LED1-2
Added Pin To Net: NetName=IC5_5 Pin=LED2-1
Added Pin To Net: NetName=IC5_5 Pin=R2-1
Added Pin To Net: NetName=IC5_5 Pin=R3-2
Added Pin To Net: NetName=IC5_5 Pin=R17-2
Added Net: Name=IC5_5
Added Member To Class: ClassName=Schema_linksonder Member=Component IC1 MIC29302WU-TR
Added Member To Class: ClassName=Schema_linksonder Member=Component IC5 LTC4413
Added Member To Class: ClassName=Schema_linksonder Member=Component R8 47K
Added Member To Class: ClassName=Schema_rechtsonder Member=Component T1 2N7002-7-F
