23/02/2021 12:27:31: Configuration Read from: C:\Users\11903685\AppData\Local\Autodesk\AutoCAD 2021\R24.0\enu\Support\infocenter.xml
23/02/2021 12:27:33: ICommunicationCenterConnector.SubAwareServiceUrl does not contain valid URL.
 Attempting to load from registry
23/02/2021 12:27:33: System.Runtime.InteropServices.COMException (0x80040154): Retrieving the COM class factory for component with CLSID {CEE92F99-D9C7-4E46-9AB7-E3F705B9A543} failed due to the following error: 80040154 Klasse is niet geregistreerd (Exception from HRESULT: 0x80040154 (REGDB_E_CLASSNOTREG)).
   at Autodesk.Private.InfoCenter.CommunicationCenter.InitCommCenter()
23/02/2021 12:27:33: Error executing network check
23/02/2021 12:27:33: Retrieving the COM class factory for component with CLSID {9E928A7C-095E-4F44-81C5-D4F14F4F0265} failed due to the following error: 80040154 Klasse is niet geregistreerd (Exception from HRESULT: 0x80040154 (REGDB_E_CLASSNOTREG)).
23/02/2021 12:27:33: Error executing network check
23/02/2021 12:27:33: Retrieving the COM class factory for component with CLSID {9E928A7C-095E-4F44-81C5-D4F14F4F0265} failed due to the following error: 80040154 Klasse is niet geregistreerd (Exception from HRESULT: 0x80040154 (REGDB_E_CLASSNOTREG)).
4/03/2021 8:53:47: Configuration Read from: C:\Users\11903685\AppData\Local\Autodesk\AutoCAD 2021\R24.0\enu\Support\infocenter.xml
4/03/2021 8:53:54: ICommunicationCenterConnector.SubAwareServiceUrl does not contain valid URL.
 Attempting to load from registry
4/03/2021 8:53:54: System.Runtime.InteropServices.COMException (0x80040154): Retrieving the COM class factory for component with CLSID {CEE92F99-D9C7-4E46-9AB7-E3F705B9A543} failed due to the following error: 80040154 Klasse is niet geregistreerd (Exception from HRESULT: 0x80040154 (REGDB_E_CLASSNOTREG)).
   at Autodesk.Private.InfoCenter.CommunicationCenter.InitCommCenter()
4/03/2021 8:53:54: Error executing network check
4/03/2021 8:53:54: Retrieving the COM class factory for component with CLSID {9E928A7C-095E-4F44-81C5-D4F14F4F0265} failed due to the following error: 80040154 Klasse is niet geregistreerd (Exception from HRESULT: 0x80040154 (REGDB_E_CLASSNOTREG)).
4/03/2021 8:53:54: Error executing network check
4/03/2021 8:53:54: Retrieving the COM class factory for component with CLSID {9E928A7C-095E-4F44-81C5-D4F14F4F0265} failed due to the following error: 80040154 Klasse is niet geregistreerd (Exception from HRESULT: 0x80040154 (REGDB_E_CLASSNOTREG)).
15/03/2021 15:18:44: Configuration Read from: C:\Users\11903685\AppData\Local\Autodesk\AutoCAD 2021\R24.0\enu\Support\infocenter.xml
15/03/2021 15:18:52: ICommunicationCenterConnector.SubAwareServiceUrl does not contain valid URL.
 Attempting to load from registry
15/03/2021 15:18:52: System.Runtime.InteropServices.COMException (0x80040154): Retrieving the COM class factory for component with CLSID {CEE92F99-D9C7-4E46-9AB7-E3F705B9A543} failed due to the following error: 80040154 Klasse is niet geregistreerd (Exception from HRESULT: 0x80040154 (REGDB_E_CLASSNOTREG)).
   at Autodesk.Private.InfoCenter.CommunicationCenter.InitCommCenter()
15/03/2021 15:18:52: Error executing network check
15/03/2021 15:18:52: Retrieving the COM class factory for component with CLSID {9E928A7C-095E-4F44-81C5-D4F14F4F0265} failed due to the following error: 80040154 Klasse is niet geregistreerd (Exception from HRESULT: 0x80040154 (REGDB_E_CLASSNOTREG)).
15/03/2021 15:18:52: Error executing network check
15/03/2021 15:18:52: Retrieving the COM class factory for component with CLSID {9E928A7C-095E-4F44-81C5-D4F14F4F0265} failed due to the following error: 80040154 Klasse is niet geregistreerd (Exception from HRESULT: 0x80040154 (REGDB_E_CLASSNOTREG)).
29/03/2021 17:49:26: Configuration Read from: C:\Users\11903685\AppData\Local\Autodesk\AutoCAD 2021\R24.0\enu\Support\infocenter.xml
29/03/2021 17:49:36: ICommunicationCenterConnector.SubAwareServiceUrl does not contain valid URL.
 Attempting to load from registry
29/03/2021 17:49:36: System.Runtime.InteropServices.COMException (0x80040154): Retrieving the COM class factory for component with CLSID {CEE92F99-D9C7-4E46-9AB7-E3F705B9A543} failed due to the following error: 80040154 Klasse is niet geregistreerd (Exception from HRESULT: 0x80040154 (REGDB_E_CLASSNOTREG)).
   at Autodesk.Private.InfoCenter.CommunicationCenter.InitCommCenter()
29/03/2021 17:49:36: Error executing network check
29/03/2021 17:49:36: Retrieving the COM class factory for component with CLSID {9E928A7C-095E-4F44-81C5-D4F14F4F0265} failed due to the following error: 80040154 Klasse is niet geregistreerd (Exception from HRESULT: 0x80040154 (REGDB_E_CLASSNOTREG)).
29/03/2021 17:49:36: Error executing network check
29/03/2021 17:49:36: Retrieving the COM class factory for component with CLSID {9E928A7C-095E-4F44-81C5-D4F14F4F0265} failed due to the following error: 80040154 Klasse is niet geregistreerd (Exception from HRESULT: 0x80040154 (REGDB_E_CLASSNOTREG)).
31/03/2021 17:01:38: Configuration Read from: C:\Users\11903685\AppData\Local\Autodesk\AutoCAD 2021\R24.0\enu\Support\infocenter.xml
31/03/2021 17:01:40: ICommunicationCenterConnector.SubAwareServiceUrl does not contain valid URL.
 Attempting to load from registry
31/03/2021 17:01:40: System.Runtime.InteropServices.COMException (0x80040154): Retrieving the COM class factory for component with CLSID {CEE92F99-D9C7-4E46-9AB7-E3F705B9A543} failed due to the following error: 80040154 Klasse is niet geregistreerd (Exception from HRESULT: 0x80040154 (REGDB_E_CLASSNOTREG)).
   at Autodesk.Private.InfoCenter.CommunicationCenter.InitCommCenter()
31/03/2021 17:01:40: Error executing network check
31/03/2021 17:01:40: Retrieving the COM class factory for component with CLSID {9E928A7C-095E-4F44-81C5-D4F14F4F0265} failed due to the following error: 80040154 Klasse is niet geregistreerd (Exception from HRESULT: 0x80040154 (REGDB_E_CLASSNOTREG)).
31/03/2021 17:01:40: Error executing network check
31/03/2021 17:01:40: Retrieving the COM class factory for component with CLSID {9E928A7C-095E-4F44-81C5-D4F14F4F0265} failed due to the following error: 80040154 Klasse is niet geregistreerd (Exception from HRESULT: 0x80040154 (REGDB_E_CLASSNOTREG)).
31/03/2021 17:02:51: Configuration Read from: C:\Users\11903685\AppData\Local\Autodesk\AutoCAD 2021\R24.0\enu\Support\infocenter.xml
31/03/2021 17:02:56: ICommunicationCenterConnector.SubAwareServiceUrl does not contain valid URL.
 Attempting to load from registry
31/03/2021 17:02:56: System.Runtime.InteropServices.COMException (0x80040154): Retrieving the COM class factory for component with CLSID {CEE92F99-D9C7-4E46-9AB7-E3F705B9A543} failed due to the following error: 80040154 Klasse is niet geregistreerd (Exception from HRESULT: 0x80040154 (REGDB_E_CLASSNOTREG)).
   at Autodesk.Private.InfoCenter.CommunicationCenter.InitCommCenter()
31/03/2021 17:02:56: Error executing network check
31/03/2021 17:02:56: Retrieving the COM class factory for component with CLSID {9E928A7C-095E-4F44-81C5-D4F14F4F0265} failed due to the following error: 80040154 Klasse is niet geregistreerd (Exception from HRESULT: 0x80040154 (REGDB_E_CLASSNOTREG)).
31/03/2021 17:02:56: Error executing network check
31/03/2021 17:02:56: Retrieving the COM class factory for component with CLSID {9E928A7C-095E-4F44-81C5-D4F14F4F0265} failed due to the following error: 80040154 Klasse is niet geregistreerd (Exception from HRESULT: 0x80040154 (REGDB_E_CLASSNOTREG)).
1/04/2021 8:56:34: Configuration Read from: C:\Users\11903685\AppData\Local\Autodesk\AutoCAD 2021\R24.0\enu\Support\infocenter.xml
1/04/2021 8:56:44: ICommunicationCenterConnector.SubAwareServiceUrl does not contain valid URL.
 Attempting to load from registry
1/04/2021 8:56:44: System.Runtime.InteropServices.COMException (0x80040154): Retrieving the COM class factory for component with CLSID {CEE92F99-D9C7-4E46-9AB7-E3F705B9A543} failed due to the following error: 80040154 Klasse is niet geregistreerd (Exception from HRESULT: 0x80040154 (REGDB_E_CLASSNOTREG)).
   at Autodesk.Private.InfoCenter.CommunicationCenter.InitCommCenter()
1/04/2021 8:56:44: Error executing network check
1/04/2021 8:56:44: Retrieving the COM class factory for component with CLSID {9E928A7C-095E-4F44-81C5-D4F14F4F0265} failed due to the following error: 80040154 Klasse is niet geregistreerd (Exception from HRESULT: 0x80040154 (REGDB_E_CLASSNOTREG)).
1/04/2021 8:56:44: Error executing network check
1/04/2021 8:56:44: Retrieving the COM class factory for component with CLSID {9E928A7C-095E-4F44-81C5-D4F14F4F0265} failed due to the following error: 80040154 Klasse is niet geregistreerd (Exception from HRESULT: 0x80040154 (REGDB_E_CLASSNOTREG)).
1/04/2021 13:53:27: Configuration Read from: C:\Users\11903685\AppData\Local\Autodesk\AutoCAD 2021\R24.0\enu\Support\infocenter.xml
1/04/2021 13:53:34: ICommunicationCenterConnector.SubAwareServiceUrl does not contain valid URL.
 Attempting to load from registry
1/04/2021 13:53:34: System.Runtime.InteropServices.COMException (0x80040154): Retrieving the COM class factory for component with CLSID {CEE92F99-D9C7-4E46-9AB7-E3F705B9A543} failed due to the following error: 80040154 Klasse is niet geregistreerd (Exception from HRESULT: 0x80040154 (REGDB_E_CLASSNOTREG)).
   at Autodesk.Private.InfoCenter.CommunicationCenter.InitCommCenter()
1/04/2021 13:53:34: Error executing network check
1/04/2021 13:53:34: Retrieving the COM class factory for component with CLSID {9E928A7C-095E-4F44-81C5-D4F14F4F0265} failed due to the following error: 80040154 Klasse is niet geregistreerd (Exception from HRESULT: 0x80040154 (REGDB_E_CLASSNOTREG)).
1/04/2021 13:53:34: Error executing network check
1/04/2021 13:53:34: Retrieving the COM class factory for component with CLSID {9E928A7C-095E-4F44-81C5-D4F14F4F0265} failed due to the following error: 80040154 Klasse is niet geregistreerd (Exception from HRESULT: 0x80040154 (REGDB_E_CLASSNOTREG)).
2/04/2021 9:16:03: Configuration Read from: C:\Users\11903685\AppData\Local\Autodesk\AutoCAD 2021\R24.0\enu\Support\infocenter.xml
2/04/2021 9:16:10: ICommunicationCenterConnector.SubAwareServiceUrl does not contain valid URL.
 Attempting to load from registry
2/04/2021 9:16:10: System.Runtime.InteropServices.COMException (0x80040154): Retrieving the COM class factory for component with CLSID {CEE92F99-D9C7-4E46-9AB7-E3F705B9A543} failed due to the following error: 80040154 Klasse is niet geregistreerd (Exception from HRESULT: 0x80040154 (REGDB_E_CLASSNOTREG)).
   at Autodesk.Private.InfoCenter.CommunicationCenter.InitCommCenter()
2/04/2021 9:16:10: Error executing network check
2/04/2021 9:16:10: Retrieving the COM class factory for component with CLSID {9E928A7C-095E-4F44-81C5-D4F14F4F0265} failed due to the following error: 80040154 Klasse is niet geregistreerd (Exception from HRESULT: 0x80040154 (REGDB_E_CLASSNOTREG)).
2/04/2021 9:16:10: Error executing network check
2/04/2021 9:16:10: Retrieving the COM class factory for component with CLSID {9E928A7C-095E-4F44-81C5-D4F14F4F0265} failed due to the following error: 80040154 Klasse is niet geregistreerd (Exception from HRESULT: 0x80040154 (REGDB_E_CLASSNOTREG)).
2/04/2021 15:09:25: Configuration Read from: C:\Users\11903685\AppData\Local\Autodesk\AutoCAD 2021\R24.0\enu\Support\infocenter.xml
2/04/2021 15:09:30: ICommunicationCenterConnector.SubAwareServiceUrl does not contain valid URL.
 Attempting to load from registry
2/04/2021 15:09:30: System.Runtime.InteropServices.COMException (0x80040154): Retrieving the COM class factory for component with CLSID {CEE92F99-D9C7-4E46-9AB7-E3F705B9A543} failed due to the following error: 80040154 Klasse is niet geregistreerd (Exception from HRESULT: 0x80040154 (REGDB_E_CLASSNOTREG)).
   at Autodesk.Private.InfoCenter.CommunicationCenter.InitCommCenter()
2/04/2021 15:09:30: Error executing network check
2/04/2021 15:09:30: Retrieving the COM class factory for component with CLSID {9E928A7C-095E-4F44-81C5-D4F14F4F0265} failed due to the following error: 80040154 Klasse is niet geregistreerd (Exception from HRESULT: 0x80040154 (REGDB_E_CLASSNOTREG)).
2/04/2021 15:09:30: Error executing network check
2/04/2021 15:09:30: Retrieving the COM class factory for component with CLSID {9E928A7C-095E-4F44-81C5-D4F14F4F0265} failed due to the following error: 80040154 Klasse is niet geregistreerd (Exception from HRESULT: 0x80040154 (REGDB_E_CLASSNOTREG)).
2/04/2021 18:25:42: Configuration Read from: C:\Users\11903685\AppData\Local\Autodesk\AutoCAD 2021\R24.0\enu\Support\infocenter.xml
2/04/2021 18:25:47: ICommunicationCenterConnector.SubAwareServiceUrl does not contain valid URL.
 Attempting to load from registry
2/04/2021 18:25:47: System.Runtime.InteropServices.COMException (0x80040154): Retrieving the COM class factory for component with CLSID {CEE92F99-D9C7-4E46-9AB7-E3F705B9A543} failed due to the following error: 80040154 Klasse is niet geregistreerd (Exception from HRESULT: 0x80040154 (REGDB_E_CLASSNOTREG)).
   at Autodesk.Private.InfoCenter.CommunicationCenter.InitCommCenter()
2/04/2021 18:25:47: Error executing network check
2/04/2021 18:25:47: Retrieving the COM class factory for component with CLSID {9E928A7C-095E-4F44-81C5-D4F14F4F0265} failed due to the following error: 80040154 Klasse is niet geregistreerd (Exception from HRESULT: 0x80040154 (REGDB_E_CLASSNOTREG)).
2/04/2021 18:25:47: Error executing network check
2/04/2021 18:25:47: Retrieving the COM class factory for component with CLSID {9E928A7C-095E-4F44-81C5-D4F14F4F0265} failed due to the following error: 80040154 Klasse is niet geregistreerd (Exception from HRESULT: 0x80040154 (REGDB_E_CLASSNOTREG)).
2/04/2021 18:26:11: Configuration Read from: C:\Users\11903685\AppData\Local\Autodesk\AutoCAD 2021\R24.0\enu\Support\infocenter.xml
2/04/2021 18:26:16: ICommunicationCenterConnector.SubAwareServiceUrl does not contain valid URL.
 Attempting to load from registry
2/04/2021 18:26:16: System.Runtime.InteropServices.COMException (0x80040154): Retrieving the COM class factory for component with CLSID {CEE92F99-D9C7-4E46-9AB7-E3F705B9A543} failed due to the following error: 80040154 Klasse is niet geregistreerd (Exception from HRESULT: 0x80040154 (REGDB_E_CLASSNOTREG)).
   at Autodesk.Private.InfoCenter.CommunicationCenter.InitCommCenter()
2/04/2021 18:26:16: Error executing network check
2/04/2021 18:26:16: Retrieving the COM class factory for component with CLSID {9E928A7C-095E-4F44-81C5-D4F14F4F0265} failed due to the following error: 80040154 Klasse is niet geregistreerd (Exception from HRESULT: 0x80040154 (REGDB_E_CLASSNOTREG)).
2/04/2021 18:26:16: Error executing network check
2/04/2021 18:26:16: Retrieving the COM class factory for component with CLSID {9E928A7C-095E-4F44-81C5-D4F14F4F0265} failed due to the following error: 80040154 Klasse is niet geregistreerd (Exception from HRESULT: 0x80040154 (REGDB_E_CLASSNOTREG)).
2/04/2021 18:26:38: Configuration Read from: C:\Users\11903685\AppData\Local\Autodesk\AutoCAD 2021\R24.0\enu\Support\infocenter.xml
2/04/2021 18:26:40: ICommunicationCenterConnector.SubAwareServiceUrl does not contain valid URL.
 Attempting to load from registry
2/04/2021 18:26:40: System.Runtime.InteropServices.COMException (0x80040154): Retrieving the COM class factory for component with CLSID {CEE92F99-D9C7-4E46-9AB7-E3F705B9A543} failed due to the following error: 80040154 Klasse is niet geregistreerd (Exception from HRESULT: 0x80040154 (REGDB_E_CLASSNOTREG)).
   at Autodesk.Private.InfoCenter.CommunicationCenter.InitCommCenter()
2/04/2021 18:26:40: Error executing network check
2/04/2021 18:26:40: Retrieving the COM class factory for component with CLSID {9E928A7C-095E-4F44-81C5-D4F14F4F0265} failed due to the following error: 80040154 Klasse is niet geregistreerd (Exception from HRESULT: 0x80040154 (REGDB_E_CLASSNOTREG)).
2/04/2021 18:26:40: Error executing network check
2/04/2021 18:26:40: Retrieving the COM class factory for component with CLSID {9E928A7C-095E-4F44-81C5-D4F14F4F0265} failed due to the following error: 80040154 Klasse is niet geregistreerd (Exception from HRESULT: 0x80040154 (REGDB_E_CLASSNOTREG)).
3/04/2021 8:17:47: Configuration Read from: C:\Users\11903685\AppData\Local\Autodesk\AutoCAD 2021\R24.0\enu\Support\infocenter.xml
3/04/2021 8:17:50: ICommunicationCenterConnector.SubAwareServiceUrl does not contain valid URL.
 Attempting to load from registry
3/04/2021 8:17:50: System.Runtime.InteropServices.COMException (0x80040154): Retrieving the COM class factory for component with CLSID {CEE92F99-D9C7-4E46-9AB7-E3F705B9A543} failed due to the following error: 80040154 Klasse is niet geregistreerd (Exception from HRESULT: 0x80040154 (REGDB_E_CLASSNOTREG)).
   at Autodesk.Private.InfoCenter.CommunicationCenter.InitCommCenter()
3/04/2021 8:17:50: Error executing network check
3/04/2021 8:17:50: Retrieving the COM class factory for component with CLSID {9E928A7C-095E-4F44-81C5-D4F14F4F0265} failed due to the following error: 80040154 Klasse is niet geregistreerd (Exception from HRESULT: 0x80040154 (REGDB_E_CLASSNOTREG)).
3/04/2021 8:17:50: Error executing network check
3/04/2021 8:17:50: Retrieving the COM class factory for component with CLSID {9E928A7C-095E-4F44-81C5-D4F14F4F0265} failed due to the following error: 80040154 Klasse is niet geregistreerd (Exception from HRESULT: 0x80040154 (REGDB_E_CLASSNOTREG)).
3/04/2021 12:09:01: Configuration Read from: C:\Users\11903685\AppData\Local\Autodesk\AutoCAD 2021\R24.0\enu\Support\infocenter.xml
3/04/2021 12:09:04: ICommunicationCenterConnector.SubAwareServiceUrl does not contain valid URL.
 Attempting to load from registry
3/04/2021 12:09:04: System.Runtime.InteropServices.COMException (0x80040154): Retrieving the COM class factory for component with CLSID {CEE92F99-D9C7-4E46-9AB7-E3F705B9A543} failed due to the following error: 80040154 Klasse is niet geregistreerd (Exception from HRESULT: 0x80040154 (REGDB_E_CLASSNOTREG)).
   at Autodesk.Private.InfoCenter.CommunicationCenter.InitCommCenter()
3/04/2021 12:09:04: Error executing network check
3/04/2021 12:09:04: Retrieving the COM class factory for component with CLSID {9E928A7C-095E-4F44-81C5-D4F14F4F0265} failed due to the following error: 80040154 Klasse is niet geregistreerd (Exception from HRESULT: 0x80040154 (REGDB_E_CLASSNOTREG)).
3/04/2021 12:09:04: Error executing network check
3/04/2021 12:09:04: Retrieving the COM class factory for component with CLSID {9E928A7C-095E-4F44-81C5-D4F14F4F0265} failed due to the following error: 80040154 Klasse is niet geregistreerd (Exception from HRESULT: 0x80040154 (REGDB_E_CLASSNOTREG)).
3/04/2021 12:09:25: Configuration Read from: C:\Users\11903685\AppData\Local\Autodesk\AutoCAD 2021\R24.0\enu\Support\infocenter.xml
3/04/2021 12:09:30: ICommunicationCenterConnector.SubAwareServiceUrl does not contain valid URL.
 Attempting to load from registry
3/04/2021 12:09:30: System.Runtime.InteropServices.COMException (0x80040154): Retrieving the COM class factory for component with CLSID {CEE92F99-D9C7-4E46-9AB7-E3F705B9A543} failed due to the following error: 80040154 Klasse is niet geregistreerd (Exception from HRESULT: 0x80040154 (REGDB_E_CLASSNOTREG)).
   at Autodesk.Private.InfoCenter.CommunicationCenter.InitCommCenter()
3/04/2021 12:09:30: Error executing network check
3/04/2021 12:09:30: Retrieving the COM class factory for component with CLSID {9E928A7C-095E-4F44-81C5-D4F14F4F0265} failed due to the following error: 80040154 Klasse is niet geregistreerd (Exception from HRESULT: 0x80040154 (REGDB_E_CLASSNOTREG)).
3/04/2021 12:09:30: Error executing network check
3/04/2021 12:09:30: Retrieving the COM class factory for component with CLSID {9E928A7C-095E-4F44-81C5-D4F14F4F0265} failed due to the following error: 80040154 Klasse is niet geregistreerd (Exception from HRESULT: 0x80040154 (REGDB_E_CLASSNOTREG)).
4/04/2021 10:59:05: Configuration Read from: C:\Users\11903685\AppData\Local\Autodesk\AutoCAD 2021\R24.0\enu\Support\infocenter.xml
4/04/2021 10:59:07: ICommunicationCenterConnector.SubAwareServiceUrl does not contain valid URL.
 Attempting to load from registry
4/04/2021 10:59:07: System.Runtime.InteropServices.COMException (0x80040154): Retrieving the COM class factory for component with CLSID {CEE92F99-D9C7-4E46-9AB7-E3F705B9A543} failed due to the following error: 80040154 Klasse is niet geregistreerd (Exception from HRESULT: 0x80040154 (REGDB_E_CLASSNOTREG)).
   at Autodesk.Private.InfoCenter.CommunicationCenter.InitCommCenter()
4/04/2021 10:59:07: Error executing network check
4/04/2021 10:59:07: Retrieving the COM class factory for component with CLSID {9E928A7C-095E-4F44-81C5-D4F14F4F0265} failed due to the following error: 80040154 Klasse is niet geregistreerd (Exception from HRESULT: 0x80040154 (REGDB_E_CLASSNOTREG)).
4/04/2021 10:59:07: Error executing network check
4/04/2021 10:59:07: Retrieving the COM class factory for component with CLSID {9E928A7C-095E-4F44-81C5-D4F14F4F0265} failed due to the following error: 80040154 Klasse is niet geregistreerd (Exception from HRESULT: 0x80040154 (REGDB_E_CLASSNOTREG)).
13/04/2021 15:12:39: Configuration Read from: C:\Users\11903685\AppData\Local\Autodesk\AutoCAD 2021\R24.0\enu\Support\infocenter.xml
13/04/2021 15:12:43: ICommunicationCenterConnector.SubAwareServiceUrl does not contain valid URL.
 Attempting to load from registry
13/04/2021 15:12:43: System.Runtime.InteropServices.COMException (0x80040154): Retrieving the COM class factory for component with CLSID {CEE92F99-D9C7-4E46-9AB7-E3F705B9A543} failed due to the following error: 80040154 Klasse is niet geregistreerd (Exception from HRESULT: 0x80040154 (REGDB_E_CLASSNOTREG)).
   at Autodesk.Private.InfoCenter.CommunicationCenter.InitCommCenter()
13/04/2021 15:12:43: Error executing network check
13/04/2021 15:12:43: Retrieving the COM class factory for component with CLSID {9E928A7C-095E-4F44-81C5-D4F14F4F0265} failed due to the following error: 80040154 Klasse is niet geregistreerd (Exception from HRESULT: 0x80040154 (REGDB_E_CLASSNOTREG)).
13/04/2021 15:12:43: Error executing network check
13/04/2021 15:12:43: Retrieving the COM class factory for component with CLSID {9E928A7C-095E-4F44-81C5-D4F14F4F0265} failed due to the following error: 80040154 Klasse is niet geregistreerd (Exception from HRESULT: 0x80040154 (REGDB_E_CLASSNOTREG)).
16/04/2021 12:06:56: Configuration Read from: C:\Users\11903685\AppData\Local\Autodesk\AutoCAD 2021\R24.0\enu\Support\infocenter.xml
16/04/2021 12:07:09: ICommunicationCenterConnector.SubAwareServiceUrl does not contain valid URL.
 Attempting to load from registry
16/04/2021 12:07:10: System.Runtime.InteropServices.COMException (0x80040154): Retrieving the COM class factory for component with CLSID {CEE92F99-D9C7-4E46-9AB7-E3F705B9A543} failed due to the following error: 80040154 Klasse is niet geregistreerd (Exception from HRESULT: 0x80040154 (REGDB_E_CLASSNOTREG)).
   at Autodesk.Private.InfoCenter.CommunicationCenter.InitCommCenter()
16/04/2021 12:07:10: Error executing network check
16/04/2021 12:07:10: Retrieving the COM class factory for component with CLSID {9E928A7C-095E-4F44-81C5-D4F14F4F0265} failed due to the following error: 80040154 Klasse is niet geregistreerd (Exception from HRESULT: 0x80040154 (REGDB_E_CLASSNOTREG)).
16/04/2021 12:07:10: Error executing network check
16/04/2021 12:07:10: Retrieving the COM class factory for component with CLSID {9E928A7C-095E-4F44-81C5-D4F14F4F0265} failed due to the following error: 80040154 Klasse is niet geregistreerd (Exception from HRESULT: 0x80040154 (REGDB_E_CLASSNOTREG)).
29/04/2021 9:01:43: Configuration Read from: C:\Users\11903685\AppData\Local\Autodesk\AutoCAD 2021\R24.0\enu\Support\infocenter.xml
29/04/2021 9:01:51: ICommunicationCenterConnector.SubAwareServiceUrl does not contain valid URL.
 Attempting to load from registry
29/04/2021 9:01:51: System.Runtime.InteropServices.COMException (0x80040154): Retrieving the COM class factory for component with CLSID {CEE92F99-D9C7-4E46-9AB7-E3F705B9A543} failed due to the following error: 80040154 Klasse is niet geregistreerd (Exception from HRESULT: 0x80040154 (REGDB_E_CLASSNOTREG)).
   at Autodesk.Private.InfoCenter.CommunicationCenter.InitCommCenter()
29/04/2021 9:01:51: Error executing network check
29/04/2021 9:01:51: Retrieving the COM class factory for component with CLSID {9E928A7C-095E-4F44-81C5-D4F14F4F0265} failed due to the following error: 80040154 Klasse is niet geregistreerd (Exception from HRESULT: 0x80040154 (REGDB_E_CLASSNOTREG)).
29/04/2021 9:01:51: Error executing network check
29/04/2021 9:01:51: Retrieving the COM class factory for component with CLSID {9E928A7C-095E-4F44-81C5-D4F14F4F0265} failed due to the following error: 80040154 Klasse is niet geregistreerd (Exception from HRESULT: 0x80040154 (REGDB_E_CLASSNOTREG)).
6/05/2021 11:50:25: Configuration Read from: C:\Users\11903685\AppData\Local\Autodesk\AutoCAD 2021\R24.0\enu\Support\infocenter.xml
6/05/2021 11:50:48: ICommunicationCenterConnector.SubAwareServiceUrl does not contain valid URL.
 Attempting to load from registry
6/05/2021 11:50:48: System.Runtime.InteropServices.COMException (0x80040154): Retrieving the COM class factory for component with CLSID {CEE92F99-D9C7-4E46-9AB7-E3F705B9A543} failed due to the following error: 80040154 Klasse is niet geregistreerd (Exception from HRESULT: 0x80040154 (REGDB_E_CLASSNOTREG)).
   at Autodesk.Private.InfoCenter.CommunicationCenter.InitCommCenter()
6/05/2021 11:50:48: Error executing network check
6/05/2021 11:50:48: Retrieving the COM class factory for component with CLSID {9E928A7C-095E-4F44-81C5-D4F14F4F0265} failed due to the following error: 80040154 Klasse is niet geregistreerd (Exception from HRESULT: 0x80040154 (REGDB_E_CLASSNOTREG)).
6/05/2021 11:50:48: Error executing network check
6/05/2021 11:50:48: Retrieving the COM class factory for component with CLSID {9E928A7C-095E-4F44-81C5-D4F14F4F0265} failed due to the following error: 80040154 Klasse is niet geregistreerd (Exception from HRESULT: 0x80040154 (REGDB_E_CLASSNOTREG)).
9/05/2021 11:30:30: Configuration Read from: C:\Users\11903685\AppData\Local\Autodesk\AutoCAD 2021\R24.0\enu\Support\infocenter.xml
9/05/2021 11:30:35: ICommunicationCenterConnector.SubAwareServiceUrl does not contain valid URL.
 Attempting to load from registry
9/05/2021 11:30:35: System.Runtime.InteropServices.COMException (0x80040154): Retrieving the COM class factory for component with CLSID {CEE92F99-D9C7-4E46-9AB7-E3F705B9A543} failed due to the following error: 80040154 Klasse is niet geregistreerd (Exception from HRESULT: 0x80040154 (REGDB_E_CLASSNOTREG)).
   at Autodesk.Private.InfoCenter.CommunicationCenter.InitCommCenter()
9/05/2021 11:30:35: Error executing network check
9/05/2021 11:30:35: Retrieving the COM class factory for component with CLSID {9E928A7C-095E-4F44-81C5-D4F14F4F0265} failed due to the following error: 80040154 Klasse is niet geregistreerd (Exception from HRESULT: 0x80040154 (REGDB_E_CLASSNOTREG)).
9/05/2021 11:30:35: Error executing network check
9/05/2021 11:30:35: Retrieving the COM class factory for component with CLSID {9E928A7C-095E-4F44-81C5-D4F14F4F0265} failed due to the following error: 80040154 Klasse is niet geregistreerd (Exception from HRESULT: 0x80040154 (REGDB_E_CLASSNOTREG)).
9/05/2021 13:06:11: Configuration Read from: C:\Users\11903685\AppData\Local\Autodesk\AutoCAD 2021\R24.0\enu\Support\infocenter.xml
9/05/2021 13:06:13: ICommunicationCenterConnector.SubAwareServiceUrl does not contain valid URL.
 Attempting to load from registry
9/05/2021 13:06:13: System.Runtime.InteropServices.COMException (0x80040154): Retrieving the COM class factory for component with CLSID {CEE92F99-D9C7-4E46-9AB7-E3F705B9A543} failed due to the following error: 80040154 Klasse is niet geregistreerd (Exception from HRESULT: 0x80040154 (REGDB_E_CLASSNOTREG)).
   at Autodesk.Private.InfoCenter.CommunicationCenter.InitCommCenter()
9/05/2021 13:06:13: Error executing network check
9/05/2021 13:06:13: Retrieving the COM class factory for component with CLSID {9E928A7C-095E-4F44-81C5-D4F14F4F0265} failed due to the following error: 80040154 Klasse is niet geregistreerd (Exception from HRESULT: 0x80040154 (REGDB_E_CLASSNOTREG)).
9/05/2021 13:06:13: Error executing network check
9/05/2021 13:06:13: Retrieving the COM class factory for component with CLSID {9E928A7C-095E-4F44-81C5-D4F14F4F0265} failed due to the following error: 80040154 Klasse is niet geregistreerd (Exception from HRESULT: 0x80040154 (REGDB_E_CLASSNOTREG)).
9/05/2021 13:06:50: Configuration Read from: C:\Users\11903685\AppData\Local\Autodesk\AutoCAD 2021\R24.0\enu\Support\infocenter.xml
9/05/2021 13:06:58: ICommunicationCenterConnector.SubAwareServiceUrl does not contain valid URL.
 Attempting to load from registry
9/05/2021 13:06:58: System.Runtime.InteropServices.COMException (0x80040154): Retrieving the COM class factory for component with CLSID {CEE92F99-D9C7-4E46-9AB7-E3F705B9A543} failed due to the following error: 80040154 Klasse is niet geregistreerd (Exception from HRESULT: 0x80040154 (REGDB_E_CLASSNOTREG)).
   at Autodesk.Private.InfoCenter.CommunicationCenter.InitCommCenter()
9/05/2021 13:06:58: Error executing network check
9/05/2021 13:06:58: Retrieving the COM class factory for component with CLSID {9E928A7C-095E-4F44-81C5-D4F14F4F0265} failed due to the following error: 80040154 Klasse is niet geregistreerd (Exception from HRESULT: 0x80040154 (REGDB_E_CLASSNOTREG)).
9/05/2021 13:06:58: Error executing network check
9/05/2021 13:06:58: Retrieving the COM class factory for component with CLSID {9E928A7C-095E-4F44-81C5-D4F14F4F0265} failed due to the following error: 80040154 Klasse is niet geregistreerd (Exception from HRESULT: 0x80040154 (REGDB_E_CLASSNOTREG)).
10/05/2021 8:49:46: Configuration Read from: C:\Users\11903685\AppData\Local\Autodesk\AutoCAD 2021\R24.0\enu\Support\infocenter.xml
10/05/2021 8:49:51: ICommunicationCenterConnector.SubAwareServiceUrl does not contain valid URL.
 Attempting to load from registry
10/05/2021 8:49:51: System.Runtime.InteropServices.COMException (0x80040154): Retrieving the COM class factory for component with CLSID {CEE92F99-D9C7-4E46-9AB7-E3F705B9A543} failed due to the following error: 80040154 Klasse is niet geregistreerd (Exception from HRESULT: 0x80040154 (REGDB_E_CLASSNOTREG)).
   at Autodesk.Private.InfoCenter.CommunicationCenter.InitCommCenter()
10/05/2021 8:49:51: Error executing network check
10/05/2021 8:49:51: Retrieving the COM class factory for component with CLSID {9E928A7C-095E-4F44-81C5-D4F14F4F0265} failed due to the following error: 80040154 Klasse is niet geregistreerd (Exception from HRESULT: 0x80040154 (REGDB_E_CLASSNOTREG)).
10/05/2021 8:49:51: Error executing network check
10/05/2021 8:49:51: Retrieving the COM class factory for component with CLSID {9E928A7C-095E-4F44-81C5-D4F14F4F0265} failed due to the following error: 80040154 Klasse is niet geregistreerd (Exception from HRESULT: 0x80040154 (REGDB_E_CLASSNOTREG)).
10/05/2021 17:15:54: Configuration Read from: C:\Users\11903685\AppData\Local\Autodesk\AutoCAD 2021\R24.0\enu\Support\infocenter.xml
10/05/2021 17:16:03: ICommunicationCenterConnector.SubAwareServiceUrl does not contain valid URL.
 Attempting to load from registry
10/05/2021 17:16:03: System.Runtime.InteropServices.COMException (0x80040154): Retrieving the COM class factory for component with CLSID {CEE92F99-D9C7-4E46-9AB7-E3F705B9A543} failed due to the following error: 80040154 Klasse is niet geregistreerd (Exception from HRESULT: 0x80040154 (REGDB_E_CLASSNOTREG)).
   at Autodesk.Private.InfoCenter.CommunicationCenter.InitCommCenter()
10/05/2021 17:16:03: Error executing network check
10/05/2021 17:16:03: Retrieving the COM class factory for component with CLSID {9E928A7C-095E-4F44-81C5-D4F14F4F0265} failed due to the following error: 80040154 Klasse is niet geregistreerd (Exception from HRESULT: 0x80040154 (REGDB_E_CLASSNOTREG)).
10/05/2021 17:16:03: Error executing network check
10/05/2021 17:16:03: Retrieving the COM class factory for component with CLSID {9E928A7C-095E-4F44-81C5-D4F14F4F0265} failed due to the following error: 80040154 Klasse is niet geregistreerd (Exception from HRESULT: 0x80040154 (REGDB_E_CLASSNOTREG)).
31/05/2021 10:09:35: Configuration Read from: C:\Users\11903685\AppData\Local\Autodesk\AutoCAD 2021\R24.0\enu\Support\infocenter.xml
31/05/2021 10:09:44: ICommunicationCenterConnector.SubAwareServiceUrl does not contain valid URL.
 Attempting to load from registry
31/05/2021 10:09:44: System.Runtime.InteropServices.COMException (0x80040154): Retrieving the COM class factory for component with CLSID {CEE92F99-D9C7-4E46-9AB7-E3F705B9A543} failed due to the following error: 80040154 Klasse is niet geregistreerd (Exception from HRESULT: 0x80040154 (REGDB_E_CLASSNOTREG)).
   at Autodesk.Private.InfoCenter.CommunicationCenter.InitCommCenter()
31/05/2021 10:09:44: Error executing network check
31/05/2021 10:09:44: Retrieving the COM class factory for component with CLSID {9E928A7C-095E-4F44-81C5-D4F14F4F0265} failed due to the following error: 80040154 Klasse is niet geregistreerd (Exception from HRESULT: 0x80040154 (REGDB_E_CLASSNOTREG)).
31/05/2021 10:09:44: Error executing network check
31/05/2021 10:09:44: Retrieving the COM class factory for component with CLSID {9E928A7C-095E-4F44-81C5-D4F14F4F0265} failed due to the following error: 80040154 Klasse is niet geregistreerd (Exception from HRESULT: 0x80040154 (REGDB_E_CLASSNOTREG)).
31/05/2021 11:29:10: Configuration Read from: C:\Users\11903685\AppData\Local\Autodesk\AutoCAD 2021\R24.0\enu\Support\infocenter.xml
31/05/2021 11:29:14: ICommunicationCenterConnector.SubAwareServiceUrl does not contain valid URL.
 Attempting to load from registry
31/05/2021 11:29:14: System.Runtime.InteropServices.COMException (0x80040154): Retrieving the COM class factory for component with CLSID {CEE92F99-D9C7-4E46-9AB7-E3F705B9A543} failed due to the following error: 80040154 Klasse is niet geregistreerd (Exception from HRESULT: 0x80040154 (REGDB_E_CLASSNOTREG)).
   at Autodesk.Private.InfoCenter.CommunicationCenter.InitCommCenter()
31/05/2021 11:29:14: Error executing network check
31/05/2021 11:29:14: Retrieving the COM class factory for component with CLSID {9E928A7C-095E-4F44-81C5-D4F14F4F0265} failed due to the following error: 80040154 Klasse is niet geregistreerd (Exception from HRESULT: 0x80040154 (REGDB_E_CLASSNOTREG)).
31/05/2021 11:29:14: Error executing network check
31/05/2021 11:29:14: Retrieving the COM class factory for component with CLSID {9E928A7C-095E-4F44-81C5-D4F14F4F0265} failed due to the following error: 80040154 Klasse is niet geregistreerd (Exception from HRESULT: 0x80040154 (REGDB_E_CLASSNOTREG)).
31/05/2021 13:36:18: Configuration Read from: C:\Users\11903685\AppData\Local\Autodesk\AutoCAD 2021\R24.0\enu\Support\infocenter.xml
31/05/2021 13:36:23: ICommunicationCenterConnector.SubAwareServiceUrl does not contain valid URL.
 Attempting to load from registry
31/05/2021 13:36:23: System.Runtime.InteropServices.COMException (0x80040154): Retrieving the COM class factory for component with CLSID {CEE92F99-D9C7-4E46-9AB7-E3F705B9A543} failed due to the following error: 80040154 Klasse is niet geregistreerd (Exception from HRESULT: 0x80040154 (REGDB_E_CLASSNOTREG)).
   at Autodesk.Private.InfoCenter.CommunicationCenter.InitCommCenter()
31/05/2021 13:36:23: Error executing network check
31/05/2021 13:36:23: Retrieving the COM class factory for component with CLSID {9E928A7C-095E-4F44-81C5-D4F14F4F0265} failed due to the following error: 80040154 Klasse is niet geregistreerd (Exception from HRESULT: 0x80040154 (REGDB_E_CLASSNOTREG)).
31/05/2021 13:36:23: Error executing network check
31/05/2021 13:36:23: Retrieving the COM class factory for component with CLSID {9E928A7C-095E-4F44-81C5-D4F14F4F0265} failed due to the following error: 80040154 Klasse is niet geregistreerd (Exception from HRESULT: 0x80040154 (REGDB_E_CLASSNOTREG)).
31/05/2021 15:49:59: Configuration Read from: C:\Users\11903685\AppData\Local\Autodesk\AutoCAD 2021\R24.0\enu\Support\infocenter.xml
31/05/2021 15:50:02: ICommunicationCenterConnector.SubAwareServiceUrl does not contain valid URL.
 Attempting to load from registry
31/05/2021 15:50:02: System.Runtime.InteropServices.COMException (0x80040154): Retrieving the COM class factory for component with CLSID {CEE92F99-D9C7-4E46-9AB7-E3F705B9A543} failed due to the following error: 80040154 Klasse is niet geregistreerd (Exception from HRESULT: 0x80040154 (REGDB_E_CLASSNOTREG)).
   at Autodesk.Private.InfoCenter.CommunicationCenter.InitCommCenter()
31/05/2021 15:50:02: Error executing network check
31/05/2021 15:50:02: Retrieving the COM class factory for component with CLSID {9E928A7C-095E-4F44-81C5-D4F14F4F0265} failed due to the following error: 80040154 Klasse is niet geregistreerd (Exception from HRESULT: 0x80040154 (REGDB_E_CLASSNOTREG)).
31/05/2021 15:50:02: Error executing network check
31/05/2021 15:50:02: Retrieving the COM class factory for component with CLSID {9E928A7C-095E-4F44-81C5-D4F14F4F0265} failed due to the following error: 80040154 Klasse is niet geregistreerd (Exception from HRESULT: 0x80040154 (REGDB_E_CLASSNOTREG)).
31/05/2021 18:32:01: Configuration Read from: C:\Users\11903685\AppData\Local\Autodesk\AutoCAD 2021\R24.0\enu\Support\infocenter.xml
31/05/2021 18:32:07: ICommunicationCenterConnector.SubAwareServiceUrl does not contain valid URL.
 Attempting to load from registry
31/05/2021 18:32:07: System.Runtime.InteropServices.COMException (0x80040154): Retrieving the COM class factory for component with CLSID {CEE92F99-D9C7-4E46-9AB7-E3F705B9A543} failed due to the following error: 80040154 Klasse is niet geregistreerd (Exception from HRESULT: 0x80040154 (REGDB_E_CLASSNOTREG)).
   at Autodesk.Private.InfoCenter.CommunicationCenter.InitCommCenter()
31/05/2021 18:32:07: Error executing network check
31/05/2021 18:32:07: Retrieving the COM class factory for component with CLSID {9E928A7C-095E-4F44-81C5-D4F14F4F0265} failed due to the following error: 80040154 Klasse is niet geregistreerd (Exception from HRESULT: 0x80040154 (REGDB_E_CLASSNOTREG)).
31/05/2021 18:32:07: Error executing network check
31/05/2021 18:32:07: Retrieving the COM class factory for component with CLSID {9E928A7C-095E-4F44-81C5-D4F14F4F0265} failed due to the following error: 80040154 Klasse is niet geregistreerd (Exception from HRESULT: 0x80040154 (REGDB_E_CLASSNOTREG)).
1/06/2021 10:45:03: Configuration Read from: C:\Users\11903685\AppData\Local\Autodesk\AutoCAD 2021\R24.0\enu\Support\infocenter.xml
1/06/2021 10:45:07: ICommunicationCenterConnector.SubAwareServiceUrl does not contain valid URL.
 Attempting to load from registry
1/06/2021 10:45:07: System.Runtime.InteropServices.COMException (0x80040154): Retrieving the COM class factory for component with CLSID {CEE92F99-D9C7-4E46-9AB7-E3F705B9A543} failed due to the following error: 80040154 Klasse is niet geregistreerd (Exception from HRESULT: 0x80040154 (REGDB_E_CLASSNOTREG)).
   at Autodesk.Private.InfoCenter.CommunicationCenter.InitCommCenter()
1/06/2021 10:45:07: Error executing network check
1/06/2021 10:45:07: Retrieving the COM class factory for component with CLSID {9E928A7C-095E-4F44-81C5-D4F14F4F0265} failed due to the following error: 80040154 Klasse is niet geregistreerd (Exception from HRESULT: 0x80040154 (REGDB_E_CLASSNOTREG)).
1/06/2021 10:45:07: Error executing network check
1/06/2021 10:45:07: Retrieving the COM class factory for component with CLSID {9E928A7C-095E-4F44-81C5-D4F14F4F0265} failed due to the following error: 80040154 Klasse is niet geregistreerd (Exception from HRESULT: 0x80040154 (REGDB_E_CLASSNOTREG)).
1/06/2021 15:49:52: Configuration Read from: C:\Users\11903685\AppData\Local\Autodesk\AutoCAD 2021\R24.0\enu\Support\infocenter.xml
1/06/2021 15:49:55: ICommunicationCenterConnector.SubAwareServiceUrl does not contain valid URL.
 Attempting to load from registry
1/06/2021 15:49:55: System.Runtime.InteropServices.COMException (0x80040154): Retrieving the COM class factory for component with CLSID {CEE92F99-D9C7-4E46-9AB7-E3F705B9A543} failed due to the following error: 80040154 Klasse is niet geregistreerd (Exception from HRESULT: 0x80040154 (REGDB_E_CLASSNOTREG)).
   at Autodesk.Private.InfoCenter.CommunicationCenter.InitCommCenter()
1/06/2021 15:49:55: Error executing network check
1/06/2021 15:49:55: Retrieving the COM class factory for component with CLSID {9E928A7C-095E-4F44-81C5-D4F14F4F0265} failed due to the following error: 80040154 Klasse is niet geregistreerd (Exception from HRESULT: 0x80040154 (REGDB_E_CLASSNOTREG)).
1/06/2021 15:49:55: Error executing network check
1/06/2021 15:49:55: Retrieving the COM class factory for component with CLSID {9E928A7C-095E-4F44-81C5-D4F14F4F0265} failed due to the following error: 80040154 Klasse is niet geregistreerd (Exception from HRESULT: 0x80040154 (REGDB_E_CLASSNOTREG)).
