[ AutoCAD - Fri Apr 16 12:57:43 2021  ]----------------------------------------

Command: 
Command: 
Command: 
Command: _QSave 
Command: Specify opposite corner or [Fence/WPolygon/CPolygon]: options

Command: *Cancel*

Command: *Cancel*

Command:   <Switching to: Model>
Restoring cached viewports.

Command: Specify opposite corner or [Fence/WPolygon/CPolygon]: options

Command: 
Command: OPTIONS

Command: 
Command: 
Command: _OPEN 
Command: 
Automatic save to C:\Users\11903685\AppData\Local\Temp\logo_1_26136_9f2daf78.sv$ ...

Command: 
Command: Restoring cached viewports - Regenerating layout.

Command: 
Command: *Cancel*

Command: *Cancel*

Command:  
Command: 
