[ AutoCAD - Mon May 31 13:36:34 2021  ]----------------------------------------
Loading AEC Base...
Loading AEC Base Extended...
Loading AEC Core...
Loading AEC Project Base...
Loading AEC Architectural Base...
Loading AEC Schedule...

Loading Modeler DLLs.

Opening an AutoCAD 2018 format file.
Substituting [simplex.shx] for [Freehand575 BT].


AutoCAD menu utilities loaded.*Cancel*

Command: 

Autodesk DWG.  This file is a TrustedDWG last saved by an Autodesk application or Autodesk licensed application.

Command: 

Command: 
Command: 

Command: _Options 
Command: _Options 
Command: Specify opposite corner or [Fence/WPolygon/CPolygon]: 
Command: _.erase 4 found

Command: Specify opposite corner or [Fence/WPolygon/CPolygon]: 
Command: _.erase 2 found

Command:  
Command: 
Command: 
Command: _qsave 
Command: _Options 
Command: 
Command:  
Enter new value for WSCURRENT <"3D Modeling">: 

Command: 
WSCURRENT

Enter new value for WSCURRENT <"Drafting & Annotation">: *Cancel*

Command: 
Command: 
Command: _rectang 
Specify first corner point or [Chamfer/Elevation/Fillet/Thickness/Width]: 
Specify other corner point or [Area/Dimensions/Rotation]: @100,137

Command:  
Command: Specify opposite corner or [Fence/WPolygon/CPolygon]: 
Command: *Cancel*

Command:  
Command:  
Enter new value for WSCURRENT <"Drafting & Annotation">: 

Command: 
WSCURRENT

Enter new value for WSCURRENT <"3D Modeling">: *Cancel*

Command: 
Command: 
Command: _extrude 
Current wire frame density:  ISOLINES=20, Closed profiles creation mode = Solid

Select objects to extrude or [MOde]: _MO Closed profiles creation mode [SOlid/SUrface] <Solid>: _SO

Select objects to extrude or [MOde]: 1 found

Select objects to extrude or [MOde]: 

Specify height of extrusion or [Direction/Path/Taper angle/Expression]: 30


Command: *Cancel*

Command: Specify opposite corner or [Fence/WPolygon/CPolygon]: 
Command: 
EXTRUDE

Current wire frame density:  ISOLINES=20, Closed profiles creation mode = Solid
1 found

Cannot sweep or extrude an object of this type.
1 object removed from selection set.

Select objects to extrude or [MOde]: *Cancel*

Command: PROPERTIES

Command: 
Command: 
PROPERTIES

Command: Specify opposite corner or [Fence/WPolygon/CPolygon]: *Cancel*

Command: *Cancel*

Command: Specify opposite corner or [Fence/WPolygon/CPolygon]: *Cancel*

Command: Specify opposite corner or [Fence/WPolygon/CPolygon]: *Cancel*

Command: *Cancel*

Command: *Cancel*

Command: 
Command: *Cancel*

Command: *Cancel*

Command: Specify opposite corner or [Fence/WPolygon/CPolygon]: 
Command: 
PROPERTIES

Command: 
Command: 
Command: 
Command: 
Command: 
Command: *Cancel*

Command: *Cancel*

Command:  
Command: 
Command: 
Command:  
Command: 
Command: Specify opposite corner or [Fence/WPolygon/CPolygon]: *Cancel*

Command: *Cancel*

Command:  
Command:  
Command:  
Automatic save to C:\Users\11903685\AppData\Local\Temp\logo_1_19361_4a7e79e7.sv$ ...

Command: 
Command: 
Command: 
Command: _cylinder 
Specify center point of base or [3P/2P/Ttr/Elliptical]: 
Specify base radius or [Diameter]: *Cancel*

Command:  
Command:  
Command: 
Command: 
Command: _cylinder 
Specify center point of base or [3P/2P/Ttr/Elliptical]: 
Specify base radius or [Diameter]: 5

Specify height or [2Point/Axis endpoint] <30.000>: _u 
Requires numeric distance, second point, or option keyword.

Specify height or [2Point/Axis endpoint] <30.000>: _u 
Requires numeric distance, second point, or option keyword.

Specify height or [2Point/Axis endpoint] <30.000>: *Cancel*

Command: 
Command: 
Command: _cylinder 
Specify center point of base or [3P/2P/Ttr/Elliptical]: 
Specify base radius or [Diameter]: *Cancel*

Command: 
Command: 
Command: _cylinder 
Specify center point of base or [3P/2P/Ttr/Elliptical]: 
Specify base radius or [Diameter]: 2.5

Specify height or [2Point/Axis endpoint] <30.000>: 30

Command:  
Command: COPY

Select objects: 1 found

Select objects: 

Current settings:  Copy mode = Multiple
Specify base point or [Displacement/mOde] <Displacement>: 
Specify second point or [Array] <use first point as displacement>: 
Specify second point or [Array/Exit/Undo] <Exit>:  
Resuming COPY command.

Specify second point or [Array/Exit/Undo] <Exit>: 
Specify second point or [Array/Exit/Undo] <Exit>:  
Resuming COPY command.

Specify second point or [Array/Exit/Undo] <Exit>:  
Resuming COPY command.

Specify second point or [Array/Exit/Undo] <Exit>: 
Specify second point or [Array/Exit/Undo] <Exit>: *Cancel*

Command: 
Command: 
Specify point location or [Base point/Undo/eXit]: 30

Command: _u INTELLIZOOM 
Command: _u Grip Edit 
Command: 
Command:  
 
** MOVE **
Specify move point or [Base point/Copy/Undo/eXit]: -30

Command: *Cancel*

Command:  
Command:  
Command:  
Command:  
Command:  
Command:  
Command:  
Command:  
Command:  
Command: 
Command:  
 
** MOVE **
Specify move point or [Base point/Copy/Undo/eXit]: *Cancel*

Command:  
Command:  
Command:  
 
** MOVE **
Specify move point or [Base point/Copy/Undo/eXit]: *Cancel*

Command:  
Automatic save to C:\Users\11903685\AppData\Local\Temp\logo_1_19361_4a7e79e7.sv$ ...

Command: 
Command: 
Command: 
U
'.VIEWCUBEACTION 
Command:  
Command:  
Command:  
Command:  
Command: Specify opposite corner or [Fence/WPolygon/CPolygon]: 
Command:  
 
** MOVE **
Specify move point or [Base point/Copy/Undo/eXit]: 5

Command: Specify opposite corner or [Fence/WPolygon/CPolygon]: 
Command:  
 
** MOVE **
Specify move point or [Base point/Copy/Undo/eXit]: 5

Command:  
Command: Specify opposite corner or [Fence/WPolygon/CPolygon]: 
Command: _.erase 2 found

Command: _u INTELLIZOOM INTELLIZOOM INTELLIZOOM 
Command: _u ERASE 
Command: 
Command: _.erase 1 found

Command: 
Command: *Cancel*

Command:  
Command: 
Command: COPY
1 found

Current settings:  Copy mode = Multiple
Specify base point or [Displacement/mOde] <Displacement>: 
Specify second point or [Array] <use first point as displacement>: 90

Specify second point or [Array/Exit/Undo] <Exit>: *Cancel*

Command:  
Command:  
Command: 
Command: _.erase 1 found

Command: 
Command: _.erase 1 found

Command: 
Command: COPY
1 found

Current settings:  Copy mode = Multiple
Specify base point or [Displacement/mOde] <Displacement>: 
Specify second point or [Array] <use first point as displacement>: 130

Specify second point or [Array/Exit/Undo] <Exit>: *Cancel*

Command: 
Command: _.erase 1 found

Command:  
Command: 
Command: COPY
1 found

Current settings:  Copy mode = Multiple
Specify base point or [Displacement/mOde] <Displacement>: 
Specify second point or [Array] <use first point as displacement>: 125

Specify second point or [Array/Exit/Undo] <Exit>: 85

Specify second point or [Array/Exit/Undo] <Exit>: *Cancel*

Command: 
Command: _.erase 1 found

Command: 
Command: COPY
1 found

Current settings:  Copy mode = Multiple
Specify base point or [Displacement/mOde] <Displacement>: 
Specify second point or [Array] <use first point as displacement>: 125

Specify second point or [Array/Exit/Undo] <Exit>: 125

Specify second point or [Array/Exit/Undo] <Exit>: *Cancel*

Automatic save to C:\Users\11903685\AppData\Local\Temp\logo_1_19361_4a7e79e7.sv$ ...

Command: 
Command: 
Command: 
Command: _subtract Select solids, surfaces, and regions to subtract from ..

Select objects: 1 found

Select objects: 
Select solids, surfaces, and regions to subtract ..
Select objects: 1 found

Select objects: 1 found, 2 total

Select objects: 1 found, 3 total

Select objects: 1 found, 4 total

Select objects: 


Command:  
Command: Specify opposite corner or [Fence/WPolygon/CPolygon]: 
Command: _.erase 1 found

Command:  
Command:  
Command:  
Command:  
Command:  
Command:  
Command: 
Automatic save to C:\Users\11903685\AppData\Local\Temp\logo_1_19361_4a7e79e7.sv$ ...

Command: 
Command: Specify opposite corner or [Fence/WPolygon/CPolygon]: 
Command: *Cancel*

Command:  
Enter new value for WSCURRENT <"3D Modeling">: 

Command: 
WSCURRENT

Enter new value for WSCURRENT <"Drafting & Annotation">: *Cancel*

Command: 
Command: 
Command: _rectang 
Specify first corner point or [Chamfer/Elevation/Fillet/Thickness/Width]: 
Specify other corner point or [Area/Dimensions/Rotation]: @137,99

Command:  
Command: 
Command: 
Command: _circle 
Specify center point for circle or [3P/2P/Ttr (tan tan radius)]: 
Specify radius of circle or [Diameter]: 2.5

Command: 
Command: 
Command: _move 
Select objects: 1 found

Select objects: 

Specify base point or [Displacement] <Displacement>: 
Specify second point or <use first point as displacement>: 5

Command: Specify opposite corner or [Fence/WPolygon/CPolygon]: 
Command: 
MOVE
1 found

Specify base point or [Displacement] <Displacement>: 
Specify second point or <use first point as displacement>: 5

Command: Specify opposite corner or [Fence/WPolygon/CPolygon]: 
Command: 
Command: 
Command: _rotate 
Current positive angle in UCS:  ANGDIR=counterclockwise  ANGBASE=0.00
2 found

Specify base point: 
Specify rotation angle or [Copy/Reference] <0.00>: 90

Command: 
Command: 
Command: _copy 
Select objects: Specify opposite corner: 1 found

Select objects: 

Current settings:  Copy mode = Multiple
Specify base point or [Displacement/mOde] <Displacement>: 
Specify second point or [Array] <use first point as displacement>: *Cancel*

Command: 
Command: 
Command: _circle 
Specify center point for circle or [3P/2P/Ttr (tan tan radius)]: 
Specify radius of circle or [Diameter] <2.500>: 5

Command: _u CIRCLE GROUP 
Command: 
Command: 
Command: _circle 
Specify center point for circle or [3P/2P/Ttr (tan tan radius)]: 
Specify radius of circle or [Diameter] <2.500>: 2.5

Command: 
Command: 
Command: _copy 
Select objects: 1 found

Select objects: 1 found (1 duplicate), 1 total

Select objects: 

Current settings:  Copy mode = Multiple
Specify base point or [Displacement/mOde] <Displacement>: 
Specify second point or [Array] <use first point as displacement>: 90

Specify second point or [Array/Exit/Undo] <Exit>: 130

Specify second point or [Array/Exit/Undo] <Exit>: *Cancel*

Command: 
Command:  COPY
1 found

Current settings:  Copy mode = Multiple
Specify base point or [Displacement/mOde] <Displacement>: 
Specify second point or [Array] <use first point as displacement>: 5

Specify second point or [Array/Exit/Undo] <Exit>: *Cancel*

Command: Specify opposite corner or [Fence/WPolygon/CPolygon]: 
Command: *Cancel*

Command: 
Command:  COPY
1 found

Current settings:  Copy mode = Multiple
Specify base point or [Displacement/mOde] <Displacement>: 
Specify second point or [Array] <use first point as displacement>: 130

Specify second point or [Array/Exit/Undo] <Exit>: *Cancel*

Command:  
Command: Specify opposite corner or [Fence/WPolygon/CPolygon]: 
Command: _.erase 1 found

Command: 
Command: 
Command: 
Command: _move 1 found

Specify base point or [Displacement] <Displacement>: 
Specify second point or <use first point as displacement>: 5

Command:  
Command: 
Command: _.erase 1 found

Command:  
Command: 
Command: 
Command: _offset 
Current settings: Erase source=No  Layer=Source  OFFSETGAPTYPE=0
Specify offset distance or [Through/Erase/Layer] <Through>: 20

Select object to offset or [Exit/Undo] <Exit>: 
Specify point on side to offset or [Exit/Multiple/Undo] <Exit>: 
Select object to offset or [Exit/Undo] <Exit>:  
Resuming OFFSET command.

Select object to offset or [Exit/Undo] <Exit>:  
Command: 5
Unknown command "5".  Press F1 for help.

Command:  OFFSET

Current settings: Erase source=No  Layer=Source  OFFSETGAPTYPE=0
Specify offset distance or [Through/Erase/Layer] <20.000>: 5

Select object to offset or [Exit/Undo] <Exit>: 
Specify point on side to offset or [Exit/Multiple/Undo] <Exit>: 
Select object to offset or [Exit/Undo] <Exit>:  
Command: Specify opposite corner or [Fence/WPolygon/CPolygon]: 
Command: *Cancel*

Command: 
Command: 
Command: _line 
Specify first point: 
Specify next point or [Undo]: 20

Specify next point or [Undo]:  
Automatic save to C:\Users\11903685\AppData\Local\Temp\logo_1_19361_4a7e79e7.sv$ ...

Command: 
Command:  LINE

Specify first point: 
Specify next point or [Undo]: 20

Specify next point or [Undo]: 
Specify next point or [Close/Undo]:  
Command:  LINE

Specify first point: 
Specify next point or [Undo]: 
Specify next point or [Undo]:  
Command: 
Command: 
Command: _circle 
Specify center point for circle or [3P/2P/Ttr (tan tan radius)]: 
Specify radius of circle or [Diameter] <2.500>: 5

Command: Specify opposite corner or [Fence/WPolygon/CPolygon]: 
Command: _.erase 1 found

Command: 
Command: _.erase 1 found

Command: Specify opposite corner or [Fence/WPolygon/CPolygon]: 
Command: 
Command: _.erase 1 found

Command: 
Command: _.erase 1 found

Command: Specify opposite corner or [Fence/WPolygon/CPolygon]: 
Command: 
Command: 
Command: _arraypolar 1 found

Type = Polar  Associative = Yes

Specify center point of array or [Base point/Axis of rotation]: *Cancel*

Command: Specify opposite corner or [Fence/WPolygon/CPolygon]: 
Command: Specify opposite corner or [Fence/WPolygon/CPolygon]: *Cancel*

Command: *Cancel*

Command:  
Command: 
Command: 
Command: _mirror 
Select objects: 1 found

Select objects: 
Specify first point of mirror line: 
Specify second point of mirror line: 
Erase source objects? [Yes/No] <No>: 

Command: Specify opposite corner or [Fence/WPolygon/CPolygon]: 
Command: Specify opposite corner or [Fence/WPolygon/CPolygon]: 
Command: 
MIRROR
2 found
Specify first point of mirror line: 
Specify second point of mirror line: 
Erase source objects? [Yes/No] <No>: 

Command: 
Command: 
Command: _circle 
Specify center point for circle or [3P/2P/Ttr (tan tan radius)]: 
Specify radius of circle or [Diameter] <5.000>: *Cancel*

Command: 
Command: 
Command: _circle 
Specify center point for circle or [3P/2P/Ttr (tan tan radius)]: 
Specify radius of circle or [Diameter] <5.000>: 5

Command:  CIRCLE

Specify center point for circle or [3P/2P/Ttr (tan tan radius)]: 
Specify radius of circle or [Diameter] <5.000>: 5

Command:  
Command:  CIRCLE

Specify center point for circle or [3P/2P/Ttr (tan tan radius)]: 
Specify radius of circle or [Diameter] <5.000>: 5

Command:  CIRCLE

Specify center point for circle or [3P/2P/Ttr (tan tan radius)]: 
Specify radius of circle or [Diameter] <5.000>: 5

Command: Specify opposite corner or [Fence/WPolygon/CPolygon]: 
Command: 
Command: 
Command: Specify opposite corner or [Fence/WPolygon/CPolygon]: 
Command: 
Command: 
Command: 
Command: 
Command: _move 5 found

Specify base point or [Displacement] <Displacement>: 
Specify second point or <use first point as displacement>: 
Command: Specify opposite corner or [Fence/WPolygon/CPolygon]: 
Command: Specify opposite corner or [Fence/WPolygon/CPolygon]: 
Command: 
Command: 
Command: _copy 10 found

Current settings:  Copy mode = Multiple
Specify base point or [Displacement/mOde] <Displacement>: 
Specify second point or [Array] <use first point as displacement>:  
Resuming COPY command.

Specify second point or [Array] <use first point as displacement>: 
Specify second point or [Array/Exit/Undo] <Exit>: *Cancel*

Command:  
Command: 
Automatic save to C:\Users\11903685\AppData\Local\Temp\logo_1_19361_4a7e79e7.sv$ ...

Command: 
Command:  
Command: 
Command: 
Command: _qsave 
Command:  
Enter new value for WSCURRENT <"Drafting & Annotation">: 

Command: 
WSCURRENT

Enter new value for WSCURRENT <"3D Modeling">: *Cancel*

Command: 
Command: 
Command: _extrude 
Current wire frame density:  ISOLINES=20, Closed profiles creation mode = Solid

Select objects to extrude or [MOde]: _MO Closed profiles creation mode [SOlid/SUrface] <Solid>: _SO

Select objects to extrude or [MOde]: 1 found

Select objects to extrude or [MOde]: 1 found, 2 total

Select objects to extrude or [MOde]: Specify opposite corner: 0 found
Select objects to extrude or [MOde]: Specify opposite corner: 1 found, 3 total

Select objects to extrude or [MOde]: Specify opposite corner: 1 found, 4 total

Select objects to extrude or [MOde]: 

Specify height of extrusion or [Direction/Path/Taper angle/Expression] <30.000>: 20


Command: Specify opposite corner or [Fence/WPolygon/CPolygon]: 
Command: Specify opposite corner or [Fence/WPolygon/CPolygon]: 
Command: Specify opposite corner or [Fence/WPolygon/CPolygon]: 
Command: Specify opposite corner or [Fence/WPolygon/CPolygon]: 
Command:  
 
** MOVE **
Specify move point or [Base point/Copy/Undo/eXit]: 5

Command: 
Command: 
Command: Specify opposite corner or [Fence/WPolygon/CPolygon]: 
Command: Specify opposite corner or [Fence/WPolygon/CPolygon]: 
Command: 
Command: 
Command: 
Command: _extrude 
Current wire frame density:  ISOLINES=20, Closed profiles creation mode = Solid
8 found
_MO Closed profiles creation mode [SOlid/SUrface] <Solid>: _SO

Cannot sweep or extrude an object of this type.
Cannot sweep or extrude an object of this type.
Cannot sweep or extrude an object of this type.
Cannot sweep or extrude an object of this type.
4 objects removed from selection set.

Specify height of extrusion or [Direction/Path/Taper angle/Expression] <20.000>: 50


Command: 
Command: 
Command: 
Command:  
Command: 
Command:  
 
** MOVE **
Specify move point or [Base point/Copy/Undo/eXit]: 5

Command: 
Command: 
Command: 
Command: _extrude 
Current wire frame density:  ISOLINES=20, Closed profiles creation mode = Solid
5 found
_MO Closed profiles creation mode [SOlid/SUrface] <Solid>: _SO

Cannot sweep or extrude an object of this type.
Cannot sweep or extrude an object of this type.
Cannot sweep or extrude an object of this type.
Cannot sweep or extrude an object of this type.
4 objects removed from selection set.

Specify height of extrusion or [Direction/Path/Taper angle/Expression] <50.000>: 50


Command: 
Command:  
 
** MOVE **
Specify move point or [Base point/Copy/Undo/eXit]: 5

Command: 
Command: *Cancel*

Command: 
Command: 
Command:  
Command: 
Command: 
Command: 
.QUICKPROPERTIES

Command: *Cancel*

Command: 
Command:  
Command:  
Command: *Cancel*

Command: 
Command: 
Command: 
Command: _extrude 
Current wire frame density:  ISOLINES=20, Closed profiles creation mode = Solid
1 found
_MO Closed profiles creation mode [SOlid/SUrface] <Solid>: _SO

Specify height of extrusion or [Direction/Path/Taper angle/Expression] <50.000>: 55


Command:  
Command:  
Command: 
Command: 
Command: _qsave 
Command: 
Command: 
Command: 
Command: 
Command: _subtract Select solids, surfaces, and regions to subtract from ..

Select objects: *Cancel*

Command: 
Command: 
Command: _union 
Select objects: 1 found

Select objects: 1 found, 2 total

Select objects: 1 found, 3 total

Select objects: 1 found, 4 total

Select objects: 1 found, 5 total

Select objects: 1 found, 6 total

Select objects: 1 found, 7 total

Select objects: 1 found, 8 total

Select objects: Specify opposite corner: 3 found (1 duplicate), 10 total

Select objects: 1 found (1 duplicate), 10 total

Select objects: *Cancel*

Command: 
Command: 
Command: _union 
Select objects: 1 found

Select objects: 1 found, 2 total

Select objects: 1 found, 3 total

Select objects: 1 found, 4 total

Select objects: 1 found, 5 total

Select objects: 1 found, 6 total

Select objects: 1 found, 7 total

Select objects: 1 found, 8 total

Select objects: 1 found, 9 total

Select objects: 


Command: _u INTELLIZOOM 
Command: _u UNION GROUP 
Command: 
Command: 
Command: _subtract Select solids, surfaces, and regions to subtract from ..

Select objects: 1 found

Select objects: 1 found, 2 total

Select objects: 1 found (1 duplicate), 2 total

Select objects: 1 found, 3 total

Select objects: 1 found, 4 total

Select objects: 1 found, 5 total

Select objects: 1 found, 6 total

Select objects: 1 found, 7 total

Select objects: 1 found, 8 total

Select objects: 
Select solids, surfaces, and regions to subtract ..
Select objects: 1 found

Select objects: 


Command: 
Command: 
Command:  
Command: _u '.3DPAN2 
Command: _u VSCURRENT GROUP Regenerating model.

Command: _u SUBTRACT GROUP 
Command:  Regenerating model.

Command:  Regenerating model.

Command:  Regenerating model.

Command:  Regenerating model.

Command: 
Command: 
Command: 
Command: 
Command: 
Command: 
Command: 
Command: 
Command: 
Command: 
Command: 
Command: 
Command: *Cancel*

Command: 
Command: 
Command: _subtract Select solids, surfaces, and regions to subtract from ..

Select objects: 1 found

Select objects: 
Select solids, surfaces, and regions to subtract ..
Select objects: 1 found

Select objects: 
No solids, surfaces, or regions selected.

Command: _u SUBTRACT GROUP 
Command: *Cancel*

Command:  
Command:  
Command: 
Command: 
Command: 
Command: 
 
** STRETCH **
Specify stretch point or [Base point/Copy/Undo/eXit]: *Cancel*

Command: 
Command: 
Command: 
 
** STRETCH **
Specify stretch point or [Base point/Copy/Undo/eXit]: 100

Command: *Cancel*

Command: Specify opposite corner or [Fence/WPolygon/CPolygon]: *Cancel*

Command: 
Command: 
Command: _subtract Select solids, surfaces, and regions to subtract from ..

Select objects: 1 found

Select objects: 
Select solids, surfaces, and regions to subtract ..
Select objects: 1 found

Select objects: 


Command: 
Command: 
Command:  
Command: 
Command: 
Command: _union 
Select objects: Specify opposite corner: 9 found

Select objects: 


Command:  
Automatic save to C:\Users\11903685\AppData\Local\Temp\logo_1_17920_a08db1e0.sv$ ...

Command: 
Command: 
Command: _.erase 1 found

Command: _u ERASE 
Command: Specify opposite corner or [Fence/WPolygon/CPolygon]: 
Command: Specify opposite corner or [Fence/WPolygon/CPolygon]: 
Command: Specify opposite corner or [Fence/WPolygon/CPolygon]: 
Command: *Cancel*

Command: Specify opposite corner or [Fence/WPolygon/CPolygon]: 
Command: Specify opposite corner or [Fence/WPolygon/CPolygon]: 
Command: COPY
10 found

Current settings:  Copy mode = Multiple
Specify base point or [Displacement/mOde] <Displacement>: 
Specify second point or [Array] <use first point as displacement>:  
Resuming COPY command.

Specify second point or [Array] <use first point as displacement>:  
Resuming COPY command.

Specify second point or [Array] <use first point as displacement>:  
Resuming COPY command.

Specify second point or [Array] <use first point as displacement>: 
Specify second point or [Array/Exit/Undo] <Exit>: *Cancel*

Command: 
Command: _.erase 1 found

Command: 
Command: _.erase 1 found

Command: 
Command: _.erase 1 found

Command: Specify opposite corner or [Fence/WPolygon/CPolygon]: 
Command: _.erase 1 found

Command:  
Command:  
Command:  
Command:  
Command: 
Command: 
Command: 
Command: _qsave 
Command: 
Command: _.erase 1 found

Command:  
Command:  
Command:  
Command:  
Command: 
Command: 
Command: _circle 
Specify center point for circle or [3P/2P/Ttr (tan tan radius)]: 
Specify radius of circle or [Diameter] <5.000>: *Cancel*

Command: 
Command: 
Command: _circle 
Specify center point for circle or [3P/2P/Ttr (tan tan radius)]: 
Specify radius of circle or [Diameter] <5.000>: 2

Command: 
Command: 
Command: _circle 
Specify center point for circle or [3P/2P/Ttr (tan tan radius)]: 
Specify radius of circle or [Diameter] <2.000>: 2.5

Command: Specify opposite corner or [Fence/WPolygon/CPolygon]: 
Command: 
Command: _.erase 1 found

Command: Specify opposite corner or [Fence/WPolygon/CPolygon]: 
Command: 
Command: _.erase 1 found

Command: 
Command: 
Command: _circle 
Specify center point for circle or [3P/2P/Ttr (tan tan radius)]: 
Specify radius of circle or [Diameter] <2.500>: 4

Command:  CIRCLE

Specify center point for circle or [3P/2P/Ttr (tan tan radius)]: 
Specify radius of circle or [Diameter] <4.000>: 2

Command:  CIRCLE

Specify center point for circle or [3P/2P/Ttr (tan tan radius)]: 
Specify radius of circle or [Diameter] <2.000>: 4

Command: 
Automatic save to C:\Users\11903685\AppData\Local\Temp\logo_1_29099_a4a7e103.sv$ ...

Command: 
Command: _.erase 1 found

Command:  
Command:  .ERASE

Select objects: *Cancel*

Command: 
Command: _circle 
Specify center point for circle or [3P/2P/Ttr (tan tan radius)]: 
Specify radius of circle or [Diameter] <4.000>: 2

Command:  CIRCLE

Specify center point for circle or [3P/2P/Ttr (tan tan radius)]: 
Specify radius of circle or [Diameter] <2.000>: 4

Command:  CIRCLE

Specify center point for circle or [3P/2P/Ttr (tan tan radius)]:  
Resuming CIRCLE command.

Specify center point for circle or [3P/2P/Ttr (tan tan radius)]: 
Specify radius of circle or [Diameter] <4.000>: 2

Command:  CIRCLE

Specify center point for circle or [3P/2P/Ttr (tan tan radius)]: 
Specify radius of circle or [Diameter] <2.000>: 4

Command: 
Command: _.erase 1 found

Command: 
Command: _.erase 1 found

Command:  
Command:  
Command: 
Command: 
Command: _extrude 
Current wire frame density:  ISOLINES=20, Closed profiles creation mode = Solid

Select objects to extrude or [MOde]: _MO Closed profiles creation mode [SOlid/SUrface] <Solid>: _SO

Select objects to extrude or [MOde]: 1 found

Select objects to extrude or [MOde]: 

Specify height of extrusion or [Direction/Path/Taper angle/Expression] <55.000>: 5


Command:  EXTRUDE

Current wire frame density:  ISOLINES=20, Closed profiles creation mode = Solid

Select objects to extrude or [MOde]: 1 found

Select objects to extrude or [MOde]:  
Specify height of extrusion or [Direction/Path/Taper angle/Expression] <5.000>: 5


Command: 
Command:  
 
** MOVE **
Specify move point or [Base point/Copy/Undo/eXit]: 5

Command:  EXTRUDE

Current wire frame density:  ISOLINES=20, Closed profiles creation mode = Solid
1 found

Cannot sweep or extrude an object of this type.
1 object removed from selection set.

Select objects to extrude or [MOde]: 1 found

Select objects to extrude or [MOde]:  
Specify height of extrusion or [Direction/Path/Taper angle/Expression] <5.000>: 5


Command: 
Command:  
 
** MOVE **
Specify move point or [Base point/Copy/Undo/eXit]: 5

Command:  EXTRUDE

Current wire frame density:  ISOLINES=20, Closed profiles creation mode = Solid
1 found

Cannot sweep or extrude an object of this type.
1 object removed from selection set.

Select objects to extrude or [MOde]: 1 found

Select objects to extrude or [MOde]:  
Specify height of extrusion or [Direction/Path/Taper angle/Expression] <5.000>: 5


Command:  
Command: 
Command:  EXTRUDE

Current wire frame density:  ISOLINES=20, Closed profiles creation mode = Solid
1 found

Specify height of extrusion or [Direction/Path/Taper angle/Expression] <5.000>: 5


Command:  EXTRUDE

Current wire frame density:  ISOLINES=20, Closed profiles creation mode = Solid

Select objects to extrude or [MOde]: 1 found

Select objects to extrude or [MOde]: 

Cannot sweep or extrude an object of this type.
1 object removed from selection set.

Select objects to extrude or [MOde]: 1 found

Select objects to extrude or [MOde]: 1 found (1 duplicate), 1 total

Select objects to extrude or [MOde]: *Cancel*

Command: 
Command:  
 
** MOVE **
Specify move point or [Base point/Copy/Undo/eXit]: 5

Command:  EXTRUDE

Current wire frame density:  ISOLINES=20, Closed profiles creation mode = Solid
1 found

Cannot sweep or extrude an object of this type.
1 object removed from selection set.

Select objects to extrude or [MOde]: 1 found

Select objects to extrude or [MOde]:  
Specify height of extrusion or [Direction/Path/Taper angle/Expression] <5.000>: 5


Command:  
Command:  
Command:  EXTRUDE

Current wire frame density:  ISOLINES=20, Closed profiles creation mode = Solid

Select objects to extrude or [MOde]: 1 found

Select objects to extrude or [MOde]:  
Specify height of extrusion or [Direction/Path/Taper angle/Expression] <5.000>: 5


Command: 
Command:  
 
** MOVE **
Specify move point or [Base point/Copy/Undo/eXit]: 5

Command:  EXTRUDE

Current wire frame density:  ISOLINES=20, Closed profiles creation mode = Solid
1 found

Cannot sweep or extrude an object of this type.
1 object removed from selection set.

Select objects to extrude or [MOde]: 1 found

Select objects to extrude or [MOde]:  
Specify height of extrusion or [Direction/Path/Taper angle/Expression] <5.000>: 5


Command:  
Command:  
Command: 
Command:  
 
** MOVE **
Specify move point or [Base point/Copy/Undo/eXit]: 5

Command: 
Command: *Cancel*

Command: Specify opposite corner or [Fence/WPolygon/CPolygon]: 
Command:  
 
** MOVE **
Specify move point or [Base point/Copy/Undo/eXit]: 5

Command: *Cancel*

Command: 
Command:  EXTRUDE

Current wire frame density:  ISOLINES=20, Closed profiles creation mode = Solid
1 found

Specify height of extrusion or [Direction/Path/Taper angle/Expression] <5.000>: 10


Command: 
Command: 
Command: _subtract Select solids, surfaces, and regions to subtract from ..

Select objects: 1 found

Select objects: 
Select solids, surfaces, and regions to subtract ..
Select objects: 1 found

Select objects: 1 found, 2 total

Select objects:  
Resuming SUBTRACT command.

Select objects: 1 found, 3 total

Select objects:  
Resuming SUBTRACT command.

Select objects: 1 found, 4 total

Select objects: 


Command:  
Command: 
Command: 
Command: _subtract Select solids, surfaces, and regions to subtract from ..

Select objects: 1 found

Select objects: 
Select solids, surfaces, and regions to subtract ..
Select objects: 1 found

Select objects: 1 found, 2 total

Select objects: 1 found, 3 total

Select objects:  
Resuming SUBTRACT command.

Select objects: 1 found, 4 total

Select objects: 


Command:  
Command: *Cancel*

Command: *Cancel*

Command: 3DO
3DORBIT Press ESC or ENTER to exit, or right-click to display shortcut-menu.

Command: Specify opposite corner or [Fence/WPolygon/CPolygon]: 
Command:  
 
** ROTATE **
Specify rotation angle or [Base point/Copy/Undo/Reference/eXit]: 180

Command: *Cancel*

Command:  
Command:  
Command:  
Command:  
Command:  
Command: Specify opposite corner or [Fence/WPolygon/CPolygon]: 
Command: Specify opposite corner or [Fence/WPolygon/CPolygon]: 
Command:  
Command: Specify opposite corner or [Fence/WPolygon/CPolygon]: 
Command: Specify opposite corner or [Fence/WPolygon/CPolygon]: 
Automatic save to C:\Users\11903685\AppData\Local\Temp\logo_1_29099_a4a7e103.sv$ ...

Command: 
Command: 
Command: *Cancel*

Command:  
Command: Specify opposite corner or [Fence/WPolygon/CPolygon]: 
Command: COPY
160 found

Current settings:  Copy mode = Multiple
Specify base point or [Displacement/mOde] <Displacement>: 
Specify second point or [Array] <use first point as displacement>:  
Resuming COPY command.

Specify second point or [Array] <use first point as displacement>: 
Specify second point or [Array/Exit/Undo] <Exit>: *Cancel*

Command:  
Command: Specify opposite corner or [Fence/WPolygon/CPolygon]: 
Command: 
Command: 
Command: _rotate 
Current positive angle in UCS:  ANGDIR=counterclockwise  ANGBASE=0.00
160 found

Specify base point: 
Specify rotation angle or [Copy/Reference] <90.00>: 90

Command:  
Command:  
Command:  
Command:  
Command:  
Command:  
Command:  
Command:  
Command:  
Command:  
Command:  
Command:  
Command:  
Command: 
Command: 
Command: _qsave 
Command:  
Command: Specify opposite corner or [Fence/WPolygon/CPolygon]: 
Command: 
Command: 
Command: _scale 160 found

Specify base point: 
Specify scale factor or [Copy/Reference]:  
Resuming SCALE command.

Specify scale factor or [Copy/Reference]: *Cancel*

Command:  
Command: Specify opposite corner or [Fence/WPolygon/CPolygon]: *Cancel*

Command: Specify opposite corner or [Fence/WPolygon/CPolygon]: *Cancel*

Command: Specify opposite corner or [Fence/WPolygon/CPolygon]: 
Command: COPY
1 found

Current settings:  Copy mode = Multiple
Specify base point or [Displacement/mOde] <Displacement>: 
Specify second point or [Array] <use first point as displacement>: 
Specify second point or [Array/Exit/Undo] <Exit>: *Cancel*

Command:  
Command:  
Command:  
Command: Specify opposite corner or [Fence/WPolygon/CPolygon]: 
Command: COPY
160 found

Current settings:  Copy mode = Multiple
Specify base point or [Displacement/mOde] <Displacement>: 
Specify second point or [Array] <use first point as displacement>: 
Specify second point or [Array/Exit/Undo] <Exit>: *Cancel*

Command:  
Command: 
Command: 
Command: _scale 
Select objects: Specify opposite corner: 160 found

Select objects: 

Specify base point: 
Specify scale factor or [Copy/Reference]: 
Extremely small scale factor ignored.
0.5

Command: Specify opposite corner or [Fence/WPolygon/CPolygon]: *Cancel*

Command:  
Command: Specify opposite corner or [Fence/WPolygon/CPolygon]: 
Command:  
Command: *Cancel*

Command:  
Command:  
Command: 
Command: 
Command: _qsave 
Command:  
Command: Specify opposite corner or [Fence/WPolygon/CPolygon]: 
Command: Specify opposite corner or [Fence/WPolygon/CPolygon]: 
Command: Specify opposite corner or [Fence/WPolygon/CPolygon]: 
Command: 
Command:  
Command: Specify opposite corner or [Fence/WPolygon/CPolygon]: 
Command: COPY
160 found

Current settings:  Copy mode = Multiple
Specify base point or [Displacement/mOde] <Displacement>: 
Specify second point or [Array] <use first point as displacement>:  
Resuming COPY command.

Specify second point or [Array] <use first point as displacement>: *Cancel*

Command:  
Command:  
Command: _u '.VIEWCUBEACTION 
Command:  
Command:  
Command:  
Command: Specify opposite corner or [Fence/WPolygon/CPolygon]: 
Command: Specify opposite corner or [Fence/WPolygon/CPolygon]: 
Command: Specify opposite corner or [Fence/WPolygon/CPolygon]: 
Command: *Cancel*

Command: Specify opposite corner or [Fence/WPolygon/CPolygon]: 
Command: JOIN
160 found

118 objects converted to 17 polylines, 41 objects discarded from the operation
Command:  
Command: Specify opposite corner or [Fence/WPolygon/CPolygon]: 
Command: JOIN
6 found

0 objects joined, 6 objects discarded from the operation
Command: Specify opposite corner or [Fence/WPolygon/CPolygon]: 
Command: JOIN
2 found

0 objects joined, 2 objects discarded from the operation
Command: *Cancel*

Command:  
Command:  
Command:  
Command: 
Command: 
Command: _extrude 
Current wire frame density:  ISOLINES=20, Closed profiles creation mode = Solid

Select objects to extrude or [MOde]: _MO Closed profiles creation mode [SOlid/SUrface] <Solid>: _SO

Select objects to extrude or [MOde]: 1 found

Select objects to extrude or [MOde]: 2


*Invalid selection*
Expects a point or Window/Last/Crossing/BOX/ALL/Fence/WPolygon/CPolygon/Group/Add/Remove/Multiple/Previous/Undo/AUto/SIngle/SUbobject/Object

Select objects to extrude or [MOde]: *Cancel*
*Cancel*

Command: _extrude 
Current wire frame density:  ISOLINES=20, Closed profiles creation mode = Solid

Select objects to extrude or [MOde]: _MO Closed profiles creation mode [SOlid/SUrface] <Solid>: _SO

Select objects to extrude or [MOde]: 1 found

Select objects to extrude or [MOde]: 

Specify height of extrusion or [Direction/Path/Taper angle/Expression] <10.000>: 2


Command: 
Command: 
Command: _offset 
Current settings: Erase source=No  Layer=Source  OFFSETGAPTYPE=0
Specify offset distance or [Through/Erase/Layer] <5.000>: 1

Select object to offset or [Exit/Undo] <Exit>: 
Specify point on side to offset or [Exit/Multiple/Undo] <Exit>: 
Select object to offset or [Exit/Undo] <Exit>: *Cancel*

Command: 
Command: _extrude 
Current wire frame density:  ISOLINES=20, Closed profiles creation mode = Solid

Select objects to extrude or [MOde]: _MO Closed profiles creation mode [SOlid/SUrface] <Solid>: _SO

Select objects to extrude or [MOde]: 1 found

Select objects to extrude or [MOde]: 

Specify height of extrusion or [Direction/Path/Taper angle/Expression] <2.000>: 1


Command: 
Command:  EXTRUDE

Current wire frame density:  ISOLINES=20, Closed profiles creation mode = Solid
1 found

Specify height of extrusion or [Direction/Path/Taper angle/Expression] <1.000>: 1


Command: _u INTELLIZOOM INTELLIZOOM 
Command: _u EXTRUDE 
Automatic save to C:\Users\11903685\AppData\Local\Temp\logo_1_19272_5dceef91.sv$ ...

Command: 
Command: _u EXTRUDE GROUP 
Command: _u OFFSET GROUP 
Command: 
Command:  
Command: 
Command: 
Command: _extrude 
Current wire frame density:  ISOLINES=20, Closed profiles creation mode = Solid
1 found
_MO Closed profiles creation mode [SOlid/SUrface] <Solid>: _SO

Specify height of extrusion or [Direction/Path/Taper angle/Expression] <1.000>: *Cancel*

Command: Specify opposite corner or [Fence/WPolygon/CPolygon]: 
Command: 
Command: 
Command: 
Command: _extrude 
Current wire frame density:  ISOLINES=20, Closed profiles creation mode = Solid
1 found
_MO Closed profiles creation mode [SOlid/SUrface] <Solid>: _SO

Specify height of extrusion or [Direction/Path/Taper angle/Expression] <1.000>: 1


Command:  
Command: 
Command: 
 
** STRETCH **
Specify stretch point or [Base point/Copy/Undo/eXit]: 0.5

Command: *Cancel*

Command: _u INTELLIZOOM INTELLIZOOM 
Command: _u 
Command: 
Command:  
 
** SCALE **
Specify scale factor or [Base point/Copy/Undo/Reference/eXit]: 0

Value must be positive and nonzero.

Specify scale factor or [Base point/Copy/Undo/Reference/eXit]: *Cancel*

Command: *Cancel*

Command: *Cancel*

Command: 
Command: 
 
** STRETCH **
Specify stretch point or [Base point/Copy/Undo/eXit]: 0

Command: *Cancel*

Command: _u Grip Edit 
Command: _u INTELLIZOOM INTELLIZOOM 
Command: _u '.ACGZDRAGACTION 
Command: _u 
Command: _u 
Command: _u INTELLIZOOM INTELLIZOOM 
Command: _u 
Command: _u EXTRUDE GROUP 
Command: _u EXTRUDE GROUP 
Command: _u INTELLIZOOM INTELLIZOOM 
Command: _u 
Command: _u INTELLIZOOM INTELLIZOOM INTELLIZOOM INTELLIZOOM 
Command: _u EXTRUDE GROUP EXTRUDE 
Command: 
Command: 
Command: _extrude 
Current wire frame density:  ISOLINES=20, Closed profiles creation mode = Solid

Select objects to extrude or [MOde]: _MO Closed profiles creation mode [SOlid/SUrface] <Solid>: _SO

Select objects to extrude or [MOde]: 1 found

Select objects to extrude or [MOde]:  
Specify height of extrusion or [Direction/Path/Taper angle/Expression] <1.000>: 1


Command: Specify opposite corner or [Fence/WPolygon/CPolygon]: 
Command: 
Command:  EXTRUDE

Current wire frame density:  ISOLINES=20, Closed profiles creation mode = Solid
1 found

Specify height of extrusion or [Direction/Path/Taper angle/Expression] <1.000>: 1


Command: 
Command:  EXTRUDE

Current wire frame density:  ISOLINES=20, Closed profiles creation mode = Solid
1 found

Specify height of extrusion or [Direction/Path/Taper angle/Expression] <1.000>: 1


Command: 
Command: 
Command: _qsave 
Command:  
Command:  
Command:  
Command:  
Command:  
Command:  
Command:  
Command: Specify opposite corner or [Fence/WPolygon/CPolygon]: 
Command: JOIN
11 found

0 objects joined, 11 objects discarded from the operation
Command:  
Enter new value for WSCURRENT <"3D Modeling">: 

Command: 
WSCURRENT

Enter new value for WSCURRENT <"Drafting & Annotation">: *Cancel*

Command: 
Command: 
Command: _join 
Select source object or multiple objects to join at once: Specify opposite corner: 11 found
Select objects to join: 

0 objects joined, 11 objects discarded from the operation
Command: Specify opposite corner or [Fence/WPolygon/CPolygon]: 
Command: 
Command: 
Command: _join 2 found

0 objects joined, 2 objects discarded from the operation
Command: Specify opposite corner or [Fence/WPolygon/CPolygon]: 
Command:  
Command: Specify opposite corner or [Fence/WPolygon/CPolygon]: 
Command: Specify opposite corner or [Fence/WPolygon/CPolygon]: 
Command: Specify opposite corner or [Fence/WPolygon/CPolygon]: 
Command: Specify opposite corner or [Fence/WPolygon/CPolygon]: 
Command: Specify opposite corner or [Fence/WPolygon/CPolygon]: 
Command: Specify opposite corner or [Fence/WPolygon/CPolygon]: 
Command: Specify opposite corner or [Fence/WPolygon/CPolygon]: 
Command: 
Command: 
Command: _join 11 found

0 objects joined, 11 objects discarded from the operation
Command: 
Command: _.erase 1 found

Command: 
Command: _.erase 1 found

Command: _u ERASE 
Command: _u INTELLIZOOM 
Command: _u ERASE 
Command: 
Command: 
Command: _arc 
Specify start point of arc or [Center]: 
Specify second point of arc or [Center/End]: 
Specify end point of arc: 
Command:  
Command:  ARC

Specify start point of arc or [Center]: 
Specify second point of arc or [Center/End]: 
Specify end point of arc: 
Command:  
Command:  ARC

Specify start point of arc or [Center]: 
Specify second point of arc or [Center/End]: 
Specify end point of arc: 
Command:  
Command:  ARC

Specify start point of arc or [Center]: 
Specify second point of arc or [Center/End]: 
Specify end point of arc: 
Command:  
Command:  ARC

Specify start point of arc or [Center]: 
Specify second point of arc or [Center/End]: 
Specify end point of arc: 
Command:  
Command:  ARC

Specify start point of arc or [Center]: 
Specify second point of arc or [Center/End]: 
Specify end point of arc: 
Command:  
Command:  
Command:  ARC

Specify start point of arc or [Center]: 
Specify second point of arc or [Center/End]: 
Specify end point of arc: 
Command:  
Command:  
Command:  ARC

Specify start point of arc or [Center]: 
Specify second point of arc or [Center/End]: 
Specify end point of arc: 
Command:  ARC

Specify start point of arc or [Center]: *Cancel*

Command: Specify opposite corner or [Fence/WPolygon/CPolygon]: 
Command: 
Command: 
Command: _join 19 found

16 objects converted to 8 polylines, 3 objects discarded from the operation
Command:  
Command:  
Command: 
Command: 
Command: _circle 
Specify center point for circle or [3P/2P/Ttr (tan tan radius)]: 
Specify radius of circle or [Diameter] <4.000>: 6

Command: 
Command: 
Command: _offset 
Current settings: Erase source=No  Layer=Source  OFFSETGAPTYPE=0
Specify offset distance or [Through/Erase/Layer] <5.000>: 0.5

Select object to offset or [Exit/Undo] <Exit>: 
Specify point on side to offset or [Exit/Multiple/Undo] <Exit>: *Cancel*

Command: 
Command: 
Command: _offset 
Current settings: Erase source=No  Layer=Source  OFFSETGAPTYPE=0
Specify offset distance or [Through/Erase/Layer] <0.500>: 0.5

Select object to offset or [Exit/Undo] <Exit>: 
Specify point on side to offset or [Exit/Multiple/Undo] <Exit>: 
Select object to offset or [Exit/Undo] <Exit>: 
Specify point on side to offset or [Exit/Multiple/Undo] <Exit>: 
Select object to offset or [Exit/Undo] <Exit>: *Cancel*

Command: 
Command: 
Command: _line 
Specify first point: 
Specify next point or [Undo]: 
Specify next point or [Undo]:  
Command:  LINE

Specify first point: 
Specify next point or [Undo]: 
Specify next point or [Undo]:  
Command: 
Command: *Cancel*

Command: 
Command: _.erase 1 found

Command:  
Automatic save to C:\Users\11903685\AppData\Local\Temp\logo_1_25035_7bf034cd.sv$ ...

Command: 
Command:  
Command:  
Command:  
Command: Specify opposite corner or [Fence/WPolygon/CPolygon]: 
Command: 
Command: 
Command: 
Command: _join 2 found

0 objects joined, 2 objects discarded from the operation
Command: 
Command:  
Command: 
Command: 
Command: _line 
Specify first point: 
Specify next point or [Undo]: 
Specify next point or [Undo]: 
Specify next point or [Close/Undo]:  
Resuming LINE command.

Specify next point or [Close/Undo]: *Cancel*

Command: Specify opposite corner or [Fence/WPolygon/CPolygon]: 
Command: _.erase 1 found

Command: 
Command: 
Command: _pline 
Specify start point: 
Current line-width is 0.000
Specify next point or [Arc/Halfwidth/Length/Undo/Width]: 
Specify next point or [Arc/Close/Halfwidth/Length/Undo/Width]: 
Specify next point or [Arc/Close/Halfwidth/Length/Undo/Width]: *Cancel*

Command: 
Command: _.erase 1 found

Command: 
Command: 
Command: _pline 
Specify start point: *Cancel*

Command: 
Command: _line 
Specify first point: 
Specify next point or [Undo]: 
Specify next point or [Undo]: 
Specify next point or [Close/Undo]: *Cancel*

Command: Specify opposite corner or [Fence/WPolygon/CPolygon]: 
Command: _.erase 2 found

Command: 
Command: _.erase 1 found

Command: 
Command: 
Command: _pline 
Specify start point: 
Current line-width is 0.000
Specify next point or [Arc/Halfwidth/Length/Undo/Width]: 
Specify next point or [Arc/Close/Halfwidth/Length/Undo/Width]: 
Specify next point or [Arc/Close/Halfwidth/Length/Undo/Width]: *Cancel*

Command: _u PLINE GROUP 
Command: _u ERASE 
Command: _u ERASE 
Command: _u LINE GROUP 
Command: _u GROUP PLINE 
Command: _u ERASE 
Command:  
Command: 
Command: 
Command: _line 
Specify first point: 
Specify next point or [Undo]: 
Specify next point or [Undo]:  
Command:  LINE

Specify first point: 
Specify next point or [Undo]: 
Specify next point or [Undo]:  
Command:  LINE

Specify first point: 
Specify next point or [Undo]: 
Specify next point or [Undo]:  
Command: 
Command: _.erase 1 found

Command: Specify opposite corner or [Fence/WPolygon/CPolygon]: 
Command: Specify opposite corner or [Fence/WPolygon/CPolygon]: 
Command: _.erase 2 found

Command: 
Command: 
Command: _pline 
Specify start point: 
Current line-width is 0.000
Specify next point or [Arc/Halfwidth/Length/Undo/Width]: 
Specify next point or [Arc/Close/Halfwidth/Length/Undo/Width]: 
Specify next point or [Arc/Close/Halfwidth/Length/Undo/Width]: 
Specify next point or [Arc/Close/Halfwidth/Length/Undo/Width]: 
Specify next point or [Arc/Close/Halfwidth/Length/Undo/Width]: 
Specify next point or [Arc/Close/Halfwidth/Length/Undo/Width]:  
Resuming PLINE command.

Specify next point or [Arc/Close/Halfwidth/Length/Undo/Width]: 
Specify next point or [Arc/Close/Halfwidth/Length/Undo/Width]:  
Command: Specify opposite corner or [Fence/WPolygon/CPolygon]: 
Command: _.erase 1 found

Command: Specify opposite corner or [Fence/WPolygon/CPolygon]: 
Command: Specify opposite corner or [Fence/WPolygon/CPolygon]: 
Command: Specify opposite corner or [Fence/WPolygon/CPolygon]: 
Command: _.erase 2 found

Command: 
Command: 
Command: _dim 
Select objects or specify first extension line origin or [Angular/Baseline/Continue/Ordinate/aliGn/Distribute/Layer/Undo]:
Specify first extension line origin or [Angular/Baseline/Continue/Ordinate/aliGn/Distribute/Layer/Undo]:
Specify second extension line origin or [Undo]:
Specify dimension line location or second line for angle [Mtext/Text/text aNgle/Undo]:
Select objects or specify first extension line origin or [Angular/Baseline/Continue/Ordinate/aliGn/Distribute/Layer/Undo]:
Specify first extension line origin or [Angular/Baseline/Continue/Ordinate/aliGn/Distribute/Layer/Undo]:
Specify second extension line origin or [Undo]:
Specify dimension line location or second line for angle [Mtext/Text/text aNgle/Undo]:
Select objects or specify first extension line origin or [Angular/Baseline/Continue/Ordinate/aliGn/Distribute/Layer/Undo]:
Specify first extension line origin or [Angular/Baseline/Continue/Ordinate/aliGn/Distribute/Layer/Undo]:v

Select objects or specify first extension line origin or [Angular/Baseline/Continue/Ordinate/aliGn/Distribute/Layer/Undo]:
Specify second extension line origin or [Undo]:
Command: 
Command: _.erase 1 found

Command: Specify opposite corner or [Fence/WPolygon/CPolygon]: 
Command: _.erase 1 found

Command: 
Command: 
Command: _dim 
Select objects or specify first extension line origin or [Angular/Baseline/Continue/Ordinate/aliGn/Distribute/Layer/Undo]:
Specify first extension line origin or [Angular/Baseline/Continue/Ordinate/aliGn/Distribute/Layer/Undo]:
Specify second extension line origin or [Undo]:
Command:  DIM

Select objects or specify first extension line origin or [Angular/Baseline/Continue/Ordinate/aliGn/Distribute/Layer/Undo]:
Specify first extension line origin or [Angular/Baseline/Continue/Ordinate/aliGn/Distribute/Layer/Undo]:
Specify second extension line origin or [Undo]:
Command: Specify opposite corner or [Fence/WPolygon/CPolygon]: 
Command: _.erase 1 found

Command: 
Command: 
Command: _line 
Specify first point: 
Specify next point or [Undo]: 
Specify next point or [Undo]: *Cancel*

Command: Specify opposite corner or [Fence/WPolygon/CPolygon]: 
Command: Specify opposite corner or [Fence/WPolygon/CPolygon]: 
Command: 
Command: _.erase 1 found

Command: 
Command: 
Command: _pline 
Specify start point: 
Current line-width is 0.000
Specify next point or [Arc/Halfwidth/Length/Undo/Width]: 7.5

Specify next point or [Arc/Close/Halfwidth/Length/Undo/Width]:  
Resuming PLINE command.

Specify next point or [Arc/Close/Halfwidth/Length/Undo/Width]: 1

Specify next point or [Arc/Close/Halfwidth/Length/Undo/Width]: _u 
Specify next point or [Arc/Close/Halfwidth/Length/Undo/Width]: 
Specify next point or [Arc/Close/Halfwidth/Length/Undo/Width]: 1

Specify next point or [Arc/Close/Halfwidth/Length/Undo/Width]: 1.5

Specify next point or [Arc/Close/Halfwidth/Length/Undo/Width]: 1

Specify next point or [Arc/Close/Halfwidth/Length/Undo/Width]: *Cancel*

Command: _u PLINE GROUP 
Command: _u ERASE 
Command: _u LINE GROUP 
Command: _u INTELLIZOOM 
Command: _u ERASE 
Command: 
Command: 
Command: _dim 
Select objects or specify first extension line origin or [Angular/Baseline/Continue/Ordinate/aliGn/Distribute/Layer/Undo]:
Specify first extension line origin or [Angular/Baseline/Continue/Ordinate/aliGn/Distribute/Layer/Undo]:
Specify second extension line origin or [Undo]:
Automatic save to C:\Users\11903685\AppData\Local\Temp\logo_1_25035_7bf034cd.sv$ ...

Command: 
Command: 
Command: 
Command: _line 
Specify first point: 
Specify next point or [Undo]: 1

Specify next point or [Undo]:  
Command: Specify opposite corner or [Fence/WPolygon/CPolygon]: 
Command: _.erase 1 found

Command: 
Command: _.erase 1 found

Command: 
Command: 
Command: _pline 
Specify start point: 
Current line-width is 0.000
Specify next point or [Arc/Halfwidth/Length/Undo/Width]: 7.5

Specify next point or [Arc/Close/Halfwidth/Length/Undo/Width]: 1

Specify next point or [Arc/Close/Halfwidth/Length/Undo/Width]: 1

Specify next point or [Arc/Close/Halfwidth/Length/Undo/Width]: 1.5

Specify next point or [Arc/Close/Halfwidth/Length/Undo/Width]: 1

Specify next point or [Arc/Close/Halfwidth/Length/Undo/Width]: 1

Specify next point or [Arc/Close/Halfwidth/Length/Undo/Width]: 
Specify next point or [Arc/Close/Halfwidth/Length/Undo/Width]: 
Specify next point or [Arc/Close/Halfwidth/Length/Undo/Width]:  
Command: 
Command: _.erase 1 found

Command:  
Command:  
Command:  
Command:  
Enter new value for WSCURRENT <"Drafting & Annotation">: 

Command: 
WSCURRENT

Enter new value for WSCURRENT <"3D Modeling">: *Cancel*

Command: 
Command: 
Command: _extrude 
Current wire frame density:  ISOLINES=20, Closed profiles creation mode = Solid

Select objects to extrude or [MOde]: _MO Closed profiles creation mode [SOlid/SUrface] <Solid>: _SO

Select objects to extrude or [MOde]: 1 found

Select objects to extrude or [MOde]: 

Specify height of extrusion or [Direction/Path/Taper angle/Expression] <1.000>: *Cancel*

Command: 
Command: 
Command: Specify opposite corner or [Fence/WPolygon/CPolygon]: 
Command: Specify opposite corner or [Fence/WPolygon/CPolygon]: 
Command: 
Command: 
Command: _extrude 
Current wire frame density:  ISOLINES=20, Closed profiles creation mode = Solid
5 found
_MO Closed profiles creation mode [SOlid/SUrface] <Solid>: _SO

Specify height of extrusion or [Direction/Path/Taper angle/Expression] <1.000>: 1


Command: 
Command: 
Command: _subtract Select solids, surfaces, and regions to subtract from ..

Select objects: 1 found

Select objects: 
Select solids, surfaces, and regions to subtract ..
Select objects: 1 found

Select objects: 1 found, 2 total

Select objects: 1 found, 3 total

Select objects: 1 found, 4 total

Select objects: 


Command: 
Command: 
Command: _extrude 
Current wire frame density:  ISOLINES=20, Closed profiles creation mode = Solid

Select objects to extrude or [MOde]: _MO Closed profiles creation mode [SOlid/SUrface] <Solid>: _SO

Select objects to extrude or [MOde]: 1 found

Select objects to extrude or [MOde]: 1 found, 2 total

Select objects to extrude or [MOde]: 

Specify height of extrusion or [Direction/Path/Taper angle/Expression] <1.000>: *Cancel*

Command: Specify opposite corner or [Fence/WPolygon/CPolygon]: 
Command: 
EXTRUDE

Current wire frame density:  ISOLINES=20, Closed profiles creation mode = Solid
5 found

Specify height of extrusion or [Direction/Path/Taper angle/Expression] <1.000>: 1


Command: 
Command: 
Command: _subtract Select solids, surfaces, and regions to subtract from ..

Select objects: 1 found

Select objects: 
Select solids, surfaces, and regions to subtract ..
Select objects: 1 found

Select objects: 
No solids, surfaces, or regions selected.

Command: 
Command: 
Command: _subtract Select solids, surfaces, and regions to subtract from ..

Select objects: 1 found

Select objects: 
Select solids, surfaces, and regions to subtract ..
Select objects: 1 found

Select objects: 


Command: _u SUBTRACT GROUP 
Command: _u SUBTRACT GROUP 
Command: _u INTELLIZOOM 
Command: _u EXTRUDE 
Command: Specify opposite corner or [Fence/WPolygon/CPolygon]: 
Command: JOIN
4 found

4 segments joined into 1 polyline
Command: 
Command: 
Command: _extrude 
Current wire frame density:  ISOLINES=20, Closed profiles creation mode = Solid

Select objects to extrude or [MOde]: _MO Closed profiles creation mode [SOlid/SUrface] <Solid>: _SO

Select objects to extrude or [MOde]: Specify opposite corner: 3 found

Select objects to extrude or [MOde]: 

Specify height of extrusion or [Direction/Path/Taper angle/Expression] <1.000>: 1


Command: 
Command: 
Command: _subtract Select solids, surfaces, and regions to subtract from ..

Select objects: 1 found

Select objects: 
Select solids, surfaces, and regions to subtract ..
Select objects: 1 found

Select objects: 


Command:  
Command:  
Command: Specify opposite corner or [Fence/WPolygon/CPolygon]: 
Command: 
Command: 
Command: _extrude 
Current wire frame density:  ISOLINES=20, Closed profiles creation mode = Solid
4 found
_MO Closed profiles creation mode [SOlid/SUrface] <Solid>: _SO

Cannot sweep or extrude a self-intersecting curve.
1 object removed from selection set.

Specify height of extrusion or [Direction/Path/Taper angle/Expression] <1.000>: 1


Command: 
Command:  EXTRUDE

Current wire frame density:  ISOLINES=20, Closed profiles creation mode = Solid
1 found

Cannot sweep or extrude a self-intersecting curve.
1 object removed from selection set.

Select objects to extrude or [MOde]: 
Nothing selected.

Command: 
Command: 
Command: _extrude 
Current wire frame density:  ISOLINES=20, Closed profiles creation mode = Solid

Select objects to extrude or [MOde]: _MO Closed profiles creation mode [SOlid/SUrface] <Solid>: _SO

Select objects to extrude or [MOde]: 1 found

Select objects to extrude or [MOde]:  
Cannot sweep or extrude a self-intersecting curve.
1 object removed from selection set.

Select objects to extrude or [MOde]:  
Resuming EXTRUDE command.

Select objects to extrude or [MOde]:  
Resuming EXTRUDE command.

Select objects to extrude or [MOde]: *Cancel*

Command: TRIM

Current settings: Projection=UCS, Edge=None, Mode=Quick
Select object to trim or shift-select to extend or
 [cuTting edges/Crossing/mOde/Project/eRase]: 

Select object to trim or shift-select to extend or
 [cuTting edges/Crossing/mOde/Project/eRase/Undo]: *Cancel*

Command: Specify opposite corner or [Fence/WPolygon/CPolygon]: 
Automatic save to C:\Users\11903685\AppData\Local\Temp\logo_1_25035_7bf034cd.sv$ ...

Command: 
Command: 
Command: 
Command: _extrude 
Current wire frame density:  ISOLINES=20, Closed profiles creation mode = Solid
1 found
_MO Closed profiles creation mode [SOlid/SUrface] <Solid>: _SO

Cannot sweep or extrude a self-intersecting curve.
1 object removed from selection set.

Select objects to extrude or [MOde]: 
Nothing selected.

Command:  
Command:  
Command:  
Command: 
Command: 
Command: 
Command: _extrude 
Current wire frame density:  ISOLINES=20, Closed profiles creation mode = Solid
1 found
_MO Closed profiles creation mode [SOlid/SUrface] <Solid>: _SO

Cannot sweep or extrude a self-intersecting curve.
1 object removed from selection set.

Select objects to extrude or [MOde]: 1 found

Select objects to extrude or [MOde]:  
Resuming EXTRUDE command.

Select objects to extrude or [MOde]:  
Resuming EXTRUDE command.

Select objects to extrude or [MOde]: *Cancel*

Command: 
Command: 
Command: _extrude 
Current wire frame density:  ISOLINES=20, Closed profiles creation mode = Solid

Select objects to extrude or [MOde]: _MO Closed profiles creation mode [SOlid/SUrface] <Solid>: _SO

Select objects to extrude or [MOde]: *Cancel*
*Cancel*

Command: _extrude 
Current wire frame density:  ISOLINES=20, Closed profiles creation mode = Solid

Select objects to extrude or [MOde]: _MO Closed profiles creation mode [SOlid/SUrface] <Solid>: _SO

Select objects to extrude or [MOde]: Specify opposite corner: 1 found

Select objects to extrude or [MOde]: *Cancel*

Command: *Cancel*

Command: 
Command: 
Command: _qsave 
Command:  
Command:  
Command:  
Command: _u INTELLIZOOM 
Command: _u '.VIEWCUBEACTION 
Command: _u INTELLIZOOM 
Command: _u 
Command: _u '.VIEWCUBEACTION 
Command: _u QSAVE GROUP 
Command: _u INTELLIZOOM 
Command: _u EXTRUDE 
Command: _u GROUP EXTRUDE 
Command: _u INTELLIZOOM INTELLIZOOM 
Command: _u EXTRUDE GROUP 
Command: _u '.3DPAN2 INTELLIZOOM INTELLIZOOM 
Command: _u 
Command: _u '.VIEWCUBEACTION 
Command: _u EXTRUDE GROUP 
Command: _u TRIM 
Command: _u EXTRUDE GROUP 
Command: _u EXTRUDE 
Command: _u EXTRUDE GROUP 
Command: TRIM

View is not plan to UCS. Command results may not be obvious.

Current settings: Projection=UCS, Edge=None, Mode=Quick
Select object to trim or shift-select to extend or
 [cuTting edges/Crossing/mOde/Project/eRase]: 

Select object to trim or shift-select to extend or
 [cuTting edges/Crossing/mOde/Project/eRase/Undo]: *Cancel*

Command: 
Command: 
Command: _extrude 
Current wire frame density:  ISOLINES=20, Closed profiles creation mode = Solid

Select objects to extrude or [MOde]: _MO Closed profiles creation mode [SOlid/SUrface] <Solid>: _SO

Select objects to extrude or [MOde]: 1 found

Select objects to extrude or [MOde]: 

Cannot sweep or extrude a self-intersecting curve.
1 object removed from selection set.

Select objects to extrude or [MOde]: 1 found

Select objects to extrude or [MOde]: 

Specify height of extrusion or [Direction/Path/Taper angle/Expression] <1.000>: *Cancel*

Command:  
Command:  
Command:  
Enter new value for WSCURRENT <"3D Modeling">: 

Command: 
WSCURRENT

Enter new value for WSCURRENT <"Drafting & Annotation">: *Cancel*

Command: 
Command: 
Command: _line 
Specify first point: 
Specify next point or [Undo]: 
Specify next point or [Undo]: *Cancel*
_u 
Specify next point or [Undo]: 
Specify next point or [Undo]:  
Command:  LINE

Specify first point: 
Specify next point or [Undo]: 
Specify next point or [Undo]:  
Command: Specify opposite corner or [Fence/WPolygon/CPolygon]: 
Command: _.erase 1 found

Command: 
Command: 
Command: _rectang 
Specify first corner point or [Chamfer/Elevation/Fillet/Thickness/Width]: 
Specify other corner point or [Area/Dimensions/Rotation]: 
Command:  RECTANG

Specify first corner point or [Chamfer/Elevation/Fillet/Thickness/Width]: 
Specify other corner point or [Area/Dimensions/Rotation]: 
Command: 
Command: Specify opposite corner or [Fence/WPolygon/CPolygon]: 
Command: _.erase 2 found

Command: Specify opposite corner or [Fence/WPolygon/CPolygon]: 
Command: _.erase 1 found

Command: 
Command: 
Command: _qsave 
Command:  
Enter new value for WSCURRENT <"Drafting & Annotation">: 

Command: 
WSCURRENT

Enter new value for WSCURRENT <"3D Modeling">: *Cancel*

Command:  
Command: 
Command: 
Command: _extrude 
Current wire frame density:  ISOLINES=20, Closed profiles creation mode = Solid

Select objects to extrude or [MOde]: _MO Closed profiles creation mode [SOlid/SUrface] <Solid>: _SO

Select objects to extrude or [MOde]: 1 found

Select objects to extrude or [MOde]: 

Specify height of extrusion or [Direction/Path/Taper angle/Expression] <1.000>: *Cancel*

Command: Specify opposite corner or [Fence/WPolygon/CPolygon]: 
Command: 
Command: 
Command: _extrude 
Current wire frame density:  ISOLINES=20, Closed profiles creation mode = Solid
4 found
_MO Closed profiles creation mode [SOlid/SUrface] <Solid>: _SO

Specify height of extrusion or [Direction/Path/Taper angle/Expression] <1.000>: 1


Command:  
Command:  
Command:  
Command: 
Command: 
Command: _qsave 
Command:  
Command: 
Automatic save to C:\Users\11903685\AppData\Local\Temp\logo_1_18594_085ed69c.sv$ ...

Command: 
Command: 
Command: 
Command: _qsave 
Command: *Cancel*

Command: *Cancel*

Command: _quit 
Command: 
