[ AutoCAD - Mon May 31 13:32:31 2021  ]----------------------------------------

Opening an AutoCAD 2018 format file.
Substituting [simplex.shx] for [Freehand575 BT].


AutoCAD menu utilities loaded.*Cancel*

Command: 

Autodesk DWG.  This file is a TrustedDWG last saved by an Autodesk application or Autodesk licensed application.

Command: 

Command: 
Command: 

Command:  
Command:  
Command:  
Command: Specify opposite corner or [Fence/WPolygon/CPolygon]: 
Command: _.erase 5 found

Command: Specify opposite corner or [Fence/WPolygon/CPolygon]: 
Command: _.erase 1 found

Command:  
Command:  
Command:  
Command:  
Command:  
Command:  
Command:  
Command:  
Command:  
Command:  
Command:  
Command:  
Command:  
Command:  
Command:  
Command: 
Command: *Cancel*

Command: *Cancel*

Command: _quit 
Command: 
