[ AutoCAD - Mon May 10 17:16:25 2021  ]----------------------------------------


AutoCAD menu utilities loaded.
Command: 

Autodesk DWG.  This file is a TrustedDWG last saved by an Autodesk application or Autodesk licensed application.

Command: 

Command: 
Command:  
Command: 
Automatic save to C:\Users\11903685\AppData\Local\Temp\logo_1_24228_4dad1343.sv$ ...

Command: 
Command: *Cancel*

Command: *Cancel*

Command: _quit 
Command: *Cancel*

Command: *Cancel*

Command: _quit 
Command: Specify opposite corner or [Fence/WPolygon/CPolygon]: *Cancel*

Command: 
Command: _qsave 
Command: 
Command: *Cancel*

Command: *Cancel*

Command:  
Command: 
