[ AutoCAD - Mon May 10 17:16:19 2021  ]----------------------------------------


AutoCAD menu utilities loaded.
Command: 

Autodesk DWG.  This file is a TrustedDWG last saved by an Autodesk application or Autodesk licensed application.

Command: 

Command: 
Command: 

Command: 
Automatic save to C:\Users\11903685\AppData\Local\Temp\logo_1_17532_5543fc8e.sv$ ...

Command: 
Command: 
Command: *Cancel*

Command: *Cancel*

Command: _close 
Command: 
Command: *Cancel*

Command: *Cancel*

Command:  
Command: *Cancel*

Command: *Cancel*

Command:  
Command: 
