[ AutoCAD - Tue Jun 01 15:50:06 2021  ]----------------------------------------
Loading AEC Base...
Loading AEC Base Extended...
Loading AEC Core...
Loading AEC Project Base...
Loading AEC Architectural Base...
Loading AEC Schedule...

Loading Modeler DLLs.

Opening an AutoCAD 2018 format file.
Substituting [simplex.shx] for [Freehand575 BT].


AutoCAD menu utilities loaded.*Cancel*

Command: 

Autodesk DWG.  This file is a TrustedDWG last saved by an Autodesk application or Autodesk licensed application.

Command: 

Command: 
Command: 

Command: Specify opposite corner or [Fence/WPolygon/CPolygon]: 
Command: _.erase 1 found

Command:  
Command: Specify opposite corner or [Fence/WPolygon/CPolygon]: 
Command: _.erase 1 found

Command: Specify opposite corner or [Fence/WPolygon/CPolygon]: 
Command: _.erase 5 found

Command:  
Command: Specify opposite corner or [Fence/WPolygon/CPolygon]: 
Command: _.erase 183 found

Command: Specify opposite corner or [Fence/WPolygon/CPolygon]: 
Command: _.erase 5 found

Command: Specify opposite corner or [Fence/WPolygon/CPolygon]: 
Command: _.erase 10 found

Command:  
Command:  
Command:  
Command:  
Command:  
Command: Specify opposite corner or [Fence/WPolygon/CPolygon]: 
Command: 
Command: 
Command: _move 1 found

Specify base point or [Displacement] <Displacement>: 
Specify second point or <use first point as displacement>: 
Command: Specify opposite corner or [Fence/WPolygon/CPolygon]: 
Command: 
Command: 
Command: _move 24 found

Specify base point or [Displacement] <Displacement>: 
Specify second point or <use first point as displacement>: 
Command: 
Command: 
Command: _qsave 
Command:  
Command: 
Command: 
Command: _union 
Select objects: *Cancel*

Command: 
Command: _union 
Select objects: 1 found

Select objects: Specify opposite corner: 24 found (1 duplicate), 24 total

Select objects: 


Command:  
Command: 
Command: 
Command: _union 
Select objects: 1 found

Select objects: 

At least 2 solids, surfaces, or coplanar regions must be selected.

Command: 
Command: 
UNION

Select objects: *Cancel*

Command: 
Command: _union 
Select objects: 1 found

Select objects: 

At least 2 solids, surfaces, or coplanar regions must be selected.

Command:  
Command:  
Command:  
Command:  
Command:  
Command: 
Command: 
Command: _qsave 
Command: *Cancel*

Command: *Cancel*

Command: _quit 
Command: 
