[ AutoCAD - Fri Apr 16 13:06:45 2021  ]----------------------------------------

Opening an AutoCAD 2018 format file.
Substituting [simplex.shx] for [Freehand575 BT].
Regenerating layout.
Regenerating model.


AutoCAD menu utilities loaded.
Command: 

Autodesk DWG.  This file is a TrustedDWG last saved by an Autodesk application or Autodesk licensed application.

Command: 

Command: 
Command: 

Command: *Cancel*

Command: *Cancel*

Command:   <Switching to: Model>
Regenerating model - caching viewports.

Command: 
Command: 
Command: _rectang 
Specify first corner point or [Chamfer/Elevation/Fillet/Thickness/Width]: 100,100

Specify other corner point or [Area/Dimensions/Rotation]: @200,120

Command: _u RECTANG GROUP 
Command: 
Command: 
Command: _rectang 
Specify first corner point or [Chamfer/Elevation/Fillet/Thickness/Width]: *Cancel*

Command: 
Command: 
Command: _rectang 
Specify first corner point or [Chamfer/Elevation/Fillet/Thickness/Width]: 100,100

Specify other corner point or [Area/Dimensions/Rotation]: @120,200

Command: 
Command: 
Command: _qsave 
Command: 
Command: 
Command: 
Command: _offset 
Current settings: Erase source=No  Layer=Source  OFFSETGAPTYPE=0
Specify offset distance or [Through/Erase/Layer] <Through>: 30

Select object to offset or [Exit/Undo] <Exit>: 
Specify point on side to offset or [Exit/Multiple/Undo] <Exit>: 
Select object to offset or [Exit/Undo] <Exit>: *Cancel*

Command: _u OFFSET GROUP 
Command: Specify opposite corner or [Fence/WPolygon/CPolygon]: 
Command: 
Command: 
Command: _explode 1 found

Command: 
Command: 
Command: _offset 
Current settings: Erase source=No  Layer=Source  OFFSETGAPTYPE=0
Specify offset distance or [Through/Erase/Layer] <Through>: 30

Select object to offset or [Exit/Undo] <Exit>: 
Specify point on side to offset or [Exit/Multiple/Undo] <Exit>: 
Select object to offset or [Exit/Undo] <Exit>: 
Specify point on side to offset or [Exit/Multiple/Undo] <Exit>: 
Select object to offset or [Exit/Undo] <Exit>:  
Command:  OFFSET

Current settings: Erase source=No  Layer=Source  OFFSETGAPTYPE=0
Specify offset distance or [Through/Erase/Layer] <30.000>: 10

Select object to offset or [Exit/Undo] <Exit>: 
Specify point on side to offset or [Exit/Multiple/Undo] <Exit>: 
Select object to offset or [Exit/Undo] <Exit>: 
Specify point on side to offset or [Exit/Multiple/Undo] <Exit>: 
Select object to offset or [Exit/Undo] <Exit>:  
Command: 
Command: 
Command: _trim 
Current settings: Projection=UCS, Edge=None, Mode=Quick
Select object to trim or shift-select to extend or
 [cuTting edges/Crossing/mOde/Project/eRase]: 
Select object to trim or shift-select to extend or
 [cuTting edges/Crossing/mOde/Project/eRase/Undo]: 
Specify next fence point or [Undo]: 
Specify next fence point or [Undo]: 

Select object to trim or shift-select to extend or
 [cuTting edges/Crossing/mOde/Project/eRase/Undo]: 
Select object to trim or shift-select to extend or
 [cuTting edges/Crossing/mOde/Project/eRase/Undo]: 
Specify next fence point or [Undo]: 
Specify next fence point or [Undo]: 

Select object to trim or shift-select to extend or
 [cuTting edges/Crossing/mOde/Project/eRase/Undo]: 
Select object to trim or shift-select to extend or
 [cuTting edges/Crossing/mOde/Project/eRase/Undo]: 
Specify next fence point or [Undo]: 
Specify next fence point or [Undo]: 

Select object to trim or shift-select to extend or
 [cuTting edges/Crossing/mOde/Project/eRase/Undo]: 
Select object to trim or shift-select to extend or
 [cuTting edges/Crossing/mOde/Project/eRase/Undo]: 
Specify next fence point or [Undo]: 
Specify next fence point or [Undo]: 

Select object to trim or shift-select to extend or
 [cuTting edges/Crossing/mOde/Project/eRase/Undo]: *Cancel*

Command: *Cancel*

Command: Specify opposite corner or [Fence/WPolygon/CPolygon]: 
Command: 
Command: 
Command: _join 8 found

8 objects converted to 2 polylines
Command: 
Command: 
Command: 
Command: _fillet 
Current settings: Mode = TRIM, Radius = 0.000
Select first object or [Undo/Polyline/Radius/Trim/Multiple]: R
Specify fillet radius <0.000>: 3

Select first object or [Undo/Polyline/Radius/Trim/Multiple]: *Cancel*

Command: Specify opposite corner or [Fence/WPolygon/CPolygon]: 
Command: 
Command: 
Command: _join 2 found

0 objects joined, 2 objects discarded from the operation
Command: 
Command: 
Command: _fillet 
Current settings: Mode = TRIM, Radius = 3.000
Select first object or [Undo/Polyline/Radius/Trim/Multiple]: R
Specify fillet radius <3.000>: 3

Select first object or [Undo/Polyline/Radius/Trim/Multiple]: 
Select second object or shift-select to apply corner or [Radius]: 
Command: *Cancel*

Command: _u FILLET GROUP 
Command: Specify opposite corner or [Fence/WPolygon/CPolygon]: 
Command: 
Command: 
Command: _join 2 found

0 objects joined, 2 objects discarded from the operation
Command: 
Command: 
Command: _join 
Select source object or multiple objects to join at once: 1 found
Select objects to join: *Cancel*

Command: 
Command: 
Command: _fillet 
Current settings: Mode = TRIM, Radius = 3.000
Select first object or [Undo/Polyline/Radius/Trim/Multiple]: R
Specify fillet radius <3.000>: 

Select first object or [Undo/Polyline/Radius/Trim/Multiple]: 
Select second object or shift-select to apply corner or [Radius]: 
Command:  FILLET

Current settings: Mode = TRIM, Radius = 3.000
Select first object or [Undo/Polyline/Radius/Trim/Multiple]: 
Select second object or shift-select to apply corner or [Radius]: 
Select second object or shift-select to apply corner or [Radius]: 
Command:  FILLET

Current settings: Mode = TRIM, Radius = 3.000
Select first object or [Undo/Polyline/Radius/Trim/Multiple]: 
Select second object or shift-select to apply corner or [Radius]: 
Command:  FILLET

Current settings: Mode = TRIM, Radius = 3.000
Select first object or [Undo/Polyline/Radius/Trim/Multiple]: 
Select second object or shift-select to apply corner or [Radius]: 
Command: 
Command: 
Command: _qsave 
Command: 
Command: 
Command: 
Command: _fillet 
Current settings: Mode = TRIM, Radius = 3.000
Select first object or [Undo/Polyline/Radius/Trim/Multiple]: 
Select second object or shift-select to apply corner or [Radius]: 
Select second object or shift-select to apply corner or [Radius]: 
Command:  FILLET

Current settings: Mode = TRIM, Radius = 3.000
Select first object or [Undo/Polyline/Radius/Trim/Multiple]: 
Select first object or [Undo/Polyline/Radius/Trim/Multiple]: 
Select second object or shift-select to apply corner or [Radius]: 
Command: 
Command:  FILLET

Current settings: Mode = TRIM, Radius = 3.000
Select first object or [Undo/Polyline/Radius/Trim/Multiple]: 
Select first object or [Undo/Polyline/Radius/Trim/Multiple]: 
Select second object or shift-select to apply corner or [Radius]: 
Command:  FILLET

Current settings: Mode = TRIM, Radius = 3.000
Select first object or [Undo/Polyline/Radius/Trim/Multiple]: 
Select second object or shift-select to apply corner or [Radius]: 
Command: 
Command: 
Command: _qsave 
Command: 
Command: Specify opposite corner or [Fence/WPolygon/CPolygon]: 
Command: 
Command: 
Command: _explode 2 found

Command: 
Command: 
Command: _offset 
Current settings: Erase source=No  Layer=Source  OFFSETGAPTYPE=0
Specify offset distance or [Through/Erase/Layer] <10.000>: 8

Select object to offset or [Exit/Undo] <Exit>: 
Specify point on side to offset or [Exit/Multiple/Undo] <Exit>: 
Select object to offset or [Exit/Undo] <Exit>: *Cancel*

Command: 
Command: _offset 
Current settings: Erase source=No  Layer=Source  OFFSETGAPTYPE=0
Specify offset distance or [Through/Erase/Layer] <8.000>: 2.5

Select object to offset or [Exit/Undo] <Exit>: 
Specify point on side to offset or [Exit/Multiple/Undo] <Exit>: 
Select object to offset or [Exit/Undo] <Exit>: 
Specify point on side to offset or [Exit/Multiple/Undo] <Exit>: 
Select object to offset or [Exit/Undo] <Exit>:  
Command: 
Command: 
Command: _line 
Specify first point: 
Specify next point or [Undo]: *Cancel*

Command: 
Command: 
Command: _pline 
Specify start point: *Cancel*

Command: 
Command: _line 
Specify first point: 
Specify next point or [Undo]: 
Specify next point or [Undo]:  
Command: 
Command: 
Command: _offset 
Current settings: Erase source=No  Layer=Source  OFFSETGAPTYPE=0
Specify offset distance or [Through/Erase/Layer] <2.500>: 20

Select object to offset or [Exit/Undo] <Exit>: 
Specify point on side to offset or [Exit/Multiple/Undo] <Exit>: 
Select object to offset or [Exit/Undo] <Exit>: 
Specify point on side to offset or [Exit/Multiple/Undo] <Exit>: 
Select object to offset or [Exit/Undo] <Exit>: *Cancel*

Command: 
Command: _trim 
Current settings: Projection=UCS, Edge=None, Mode=Quick
Select object to trim or shift-select to extend or
 [cuTting edges/Crossing/mOde/Project/eRase]: 
Select object to trim or shift-select to extend or
 [cuTting edges/Crossing/mOde/Project/eRase/Undo]: 
Specify next fence point or [Undo]: 
Specify next fence point or [Undo]: 

Select object to trim or shift-select to extend or
 [cuTting edges/Crossing/mOde/Project/eRase/Undo]: 
Select object to trim or shift-select to extend or
 [cuTting edges/Crossing/mOde/Project/eRase/Undo]: 
Specify next fence point or [Undo]: 
Specify next fence point or [Undo]: 

Select object to trim or shift-select to extend or
 [cuTting edges/Crossing/mOde/Project/eRase/Undo]: *Cancel*

Command: Specify opposite corner or [Fence/WPolygon/CPolygon]: 
Command: _.erase 2 found

Command: 
Command: 
Command: _circle 
Specify center point for circle or [3P/2P/Ttr (tan tan radius)]: _3p Specify first point on circle: _tan to 
Specify second point on circle: _tan to 
Specify third point on circle: _tan to 
Command:  CIRCLE

Specify center point for circle or [3P/2P/Ttr (tan tan radius)]: *Cancel*

Command: 
Command: _circle 
Specify center point for circle or [3P/2P/Ttr (tan tan radius)]: _3p Specify first point on circle: _tan to 
Specify second point on circle: _tan to 
Specify third point on circle: _tan to 
Command: 
Command: 
Command: _trim 
Current settings: Projection=UCS, Edge=None, Mode=Quick
Select object to trim or shift-select to extend or
 [cuTting edges/Crossing/mOde/Project/eRase]: 

Select object to trim or shift-select to extend or
 [cuTting edges/Crossing/mOde/Project/eRase/Undo]: 
Select object to trim or shift-select to extend or
 [cuTting edges/Crossing/mOde/Project/eRase/Undo]: 
Specify next fence point or [Undo]: 
Specify next fence point or [Undo]: 
Specify next fence point or [Undo]: 
Specify next fence point or [Undo]: 

Select object to trim or shift-select to extend or
 [cuTting edges/Crossing/mOde/Project/eRase/Undo]: _u 
Select object to trim or shift-select to extend or
 [cuTting edges/Crossing/mOde/Project/eRase/Undo]: 
Select object to trim or shift-select to extend or
 [cuTting edges/Crossing/mOde/Project/eRase/Undo]: 
Specify next fence point or [Undo]: 
Specify next fence point or [Undo]: 

Select object to trim or shift-select to extend or
 [cuTting edges/Crossing/mOde/Project/eRase/Undo]: 
Select object to trim or shift-select to extend or
 [cuTting edges/Crossing/mOde/Project/eRase/Undo]: 
Specify next fence point or [Undo]: 
Specify next fence point or [Undo]: 
Select object to trim or shift-select to extend or
 [cuTting edges/Crossing/mOde/Project/eRase/Undo]: 

Select object to trim or shift-select to extend or
 [cuTting edges/Crossing/mOde/Project/eRase/Undo]: 
Select object to trim or shift-select to extend or
 [cuTting edges/Crossing/mOde/Project/eRase/Undo]: 
Specify next fence point or [Undo]: 
Specify next fence point or [Undo]: 
Specify next fence point or [Undo]: 
Specify next fence point or [Undo]: 
Select object to trim or shift-select to extend or
 [cuTting edges/Crossing/mOde/Project/eRase/Undo]: 
Select object to trim or shift-select to extend or
 [cuTting edges/Crossing/mOde/Project/eRase/Undo]: 
Specify next fence point or [Undo]: 
Specify next fence point or [Undo]: 
Specify next fence point or [Undo]: 
Specify next fence point or [Undo]: 

Select object to trim or shift-select to extend or
 [cuTting edges/Crossing/mOde/Project/eRase/Undo]: 
Select object to trim or shift-select to extend or
 [cuTting edges/Crossing/mOde/Project/eRase/Undo]: 
Specify next fence point or [Undo]: 
Specify next fence point or [Undo]: 
Specify next fence point or [Undo]: 
Specify next fence point or [Undo]: 

Select object to trim or shift-select to extend or
 [cuTting edges/Crossing/mOde/Project/eRase/Undo]: 
Select object to trim or shift-select to extend or
 [cuTting edges/Crossing/mOde/Project/eRase/Undo]: 
Specify next fence point or [Undo]: 
Specify next fence point or [Undo]: 
Specify next fence point or [Undo]: 
Specify next fence point or [Undo]: 

Select object to trim or shift-select to extend or
 [cuTting edges/Crossing/mOde/Project/eRase/Undo]: *Cancel*

Command: 
Command: 
Command: _qsave 
Command: 
Command: 
Command: 
Command: _offset 
Current settings: Erase source=No  Layer=Source  OFFSETGAPTYPE=0
Specify offset distance or [Through/Erase/Layer] <20.000>: 15

Select object to offset or [Exit/Undo] <Exit>: 
Specify point on side to offset or [Exit/Multiple/Undo] <Exit>: 
Select object to offset or [Exit/Undo] <Exit>:  
Command:  OFFSET

Current settings: Erase source=No  Layer=Source  OFFSETGAPTYPE=0
Specify offset distance or [Through/Erase/Layer] <15.000>: 60

Select object to offset or [Exit/Undo] <Exit>: 
Select object to offset or [Exit/Undo] <Exit>: 
Specify point on side to offset or [Exit/Multiple/Undo] <Exit>: 
Select object to offset or [Exit/Undo] <Exit>:  
Command: 
Command: 
Command: _dim 
Select objects or specify first extension line origin or [Angular/Baseline/Continue/Ordinate/aliGn/Distribute/Layer/Undo]:
Specify first extension line origin or [Angular/Baseline/Continue/Ordinate/aliGn/Distribute/Layer/Undo]:
Specify second extension line origin or [Undo]:
Command: Specify opposite corner or [Fence/WPolygon/CPolygon]: 
Command: _.erase 1 found

Command: 
Command: 
Command: _offset 
Current settings: Erase source=No  Layer=Source  OFFSETGAPTYPE=0
Specify offset distance or [Through/Erase/Layer] <60.000>: 

Select object to offset or [Exit/Undo] <Exit>: 
Specify point on side to offset or [Exit/Multiple/Undo] <Exit>: 
Select object to offset or [Exit/Undo] <Exit>: *Cancel*

Command: 
Command: _circle 
Specify center point for circle or [3P/2P/Ttr (tan tan radius)]: 
Specify radius of circle or [Diameter] <2.500>: 8

Command: Specify opposite corner or [Fence/WPolygon/CPolygon]: 
Command: _.erase 1 found

Command: Specify opposite corner or [Fence/WPolygon/CPolygon]: 
Command: _.erase 1 found

Command: 
Command: 
Command: _qsave 
Command: 
Command: 
Command: 
Command: _rectang 
Specify first corner point or [Chamfer/Elevation/Fillet/Thickness/Width]: 100,220

Specify other corner point or [Area/Dimensions/Rotation]: *Cancel*

Command: 
Command: 
Command: _rectang 
Specify first corner point or [Chamfer/Elevation/Fillet/Thickness/Width]: 
Specify other corner point or [Area/Dimensions/Rotation]: @30,40

Command: _u RECTANG GROUP 
Command: 
Command: 
Command: _rectang 
Specify first corner point or [Chamfer/Elevation/Fillet/Thickness/Width]: 
Specify other corner point or [Area/Dimensions/Rotation]: @40,30

Command: Restoring cached viewports - Regenerating layout.
Regenerating 43 modified entities.

Command: 
Command: 
Command: *Cancel*

Command: *Cancel*

Command:   <Switching to: Model>
Restoring cached viewports.

Command: 
Command: 
Command: _offset 
Current settings: Erase source=No  Layer=Source  OFFSETGAPTYPE=0
Specify offset distance or [Through/Erase/Layer] <60.000>: 5

Select object to offset or [Exit/Undo] <Exit>: *Cancel*

Command: Specify opposite corner or [Fence/WPolygon/CPolygon]: 
Command: 
Command: 
Command: _explode 1 found

Command: 
Command: 
Command: _offset 
Current settings: Erase source=No  Layer=Source  OFFSETGAPTYPE=0
Specify offset distance or [Through/Erase/Layer] <5.000>: 5

Select object to offset or [Exit/Undo] <Exit>: 
Specify point on side to offset or [Exit/Multiple/Undo] <Exit>: 
Select object to offset or [Exit/Undo] <Exit>: *Cancel*

Command: 
Command: _line 
Specify first point: 
Specify next point or [Undo]: *Cancel*

Command: 
Command:  LINE

Specify first point: 
Specify next point or [Undo]: 10

Specify next point or [Undo]:  
Command: 
Command: 
Command: 
Command: _offset 
Current settings: Erase source=No  Layer=Source  OFFSETGAPTYPE=0
Specify offset distance or [Through/Erase/Layer] <5.000>: 10

Select object to offset or [Exit/Undo] <Exit>: 
Specify point on side to offset or [Exit/Multiple/Undo] <Exit>: 
Select object to offset or [Exit/Undo] <Exit>:  
Command: 
Command: 
Command: _line 
Specify first point: 
Specify next point or [Undo]: 
Specify next point or [Undo]:  
Command: Specify opposite corner or [Fence/WPolygon/CPolygon]: 
Command: _.erase 2 found

Command: 
Command: 
Command: _trim 
Current settings: Projection=UCS, Edge=None, Mode=Quick
Select object to trim or shift-select to extend or
 [cuTting edges/Crossing/mOde/Project/eRase]: 
Select object to trim or shift-select to extend or
 [cuTting edges/Crossing/mOde/Project/eRase/Undo]: 
Specify next fence point or [Undo]: 
Specify next fence point or [Undo]: 
Specify next fence point or [Undo]: 
Specify next fence point or [Undo]: 

Select object to trim or shift-select to extend or
 [cuTting edges/Crossing/mOde/Project/eRase/Undo]: *Cancel*

Command: 
Command: 
Command: _fillet 
Current settings: Mode = TRIM, Radius = 3.000
Select first object or [Undo/Polyline/Radius/Trim/Multiple]: *Cancel*

Command: 
Command: 
Command: 
Command: _fillet 
Current settings: Mode = TRIM, Radius = 3.000
Select first object or [Undo/Polyline/Radius/Trim/Multiple]: R
Specify fillet radius <3.000>: 2.5

Select first object or [Undo/Polyline/Radius/Trim/Multiple]: 
Select second object or shift-select to apply corner or [Radius]: 
Select second object or shift-select to apply corner or [Radius]: 
Automatic save to C:\Users\11903685\AppData\Local\Temp\logo_1_15172_1cae6490.sv$ ...

Command: 
Command:  FILLET

Current settings: Mode = TRIM, Radius = 2.500
Select first object or [Undo/Polyline/Radius/Trim/Multiple]: 
Select first object or [Undo/Polyline/Radius/Trim/Multiple]: 
Select second object or shift-select to apply corner or [Radius]: 
Command:  FILLET

Current settings: Mode = TRIM, Radius = 2.500
Select first object or [Undo/Polyline/Radius/Trim/Multiple]: 
Select second object or shift-select to apply corner or [Radius]: 
Select second object or shift-select to apply corner or [Radius]: 
Command:  FILLET

Current settings: Mode = TRIM, Radius = 2.500
Select first object or [Undo/Polyline/Radius/Trim/Multiple]: 
Select second object or shift-select to apply corner or [Radius]: 
Command:  FILLET

Current settings: Mode = TRIM, Radius = 2.500
Select first object or [Undo/Polyline/Radius/Trim/Multiple]:  
Command:  FILLET

Current settings: Mode = TRIM, Radius = 2.500
Select first object or [Undo/Polyline/Radius/Trim/Multiple]: *Cancel*

Command: 
Command: _offset 
Current settings: Erase source=No  Layer=Source  OFFSETGAPTYPE=0
Specify offset distance or [Through/Erase/Layer] <10.000>: *Cancel*

Command: 
Command: _fillet 
Current settings: Mode = TRIM, Radius = 2.500
Select first object or [Undo/Polyline/Radius/Trim/Multiple]: R
Specify fillet radius <2.500>: 1

Select first object or [Undo/Polyline/Radius/Trim/Multiple]: 
Select second object or shift-select to apply corner or [Radius]: 
Command:  FILLET

Current settings: Mode = TRIM, Radius = 1.000
Select first object or [Undo/Polyline/Radius/Trim/Multiple]: 
Select second object or shift-select to apply corner or [Radius]: 
Command:  FILLET

Current settings: Mode = TRIM, Radius = 1.000
Select first object or [Undo/Polyline/Radius/Trim/Multiple]: 
Select second object or shift-select to apply corner or [Radius]: 
Command: 
Command: Specify opposite corner or [Fence/WPolygon/CPolygon]: _u 
Invalid window specification.
Specify opposite corner or [Fence/WPolygon/CPolygon]: Specify opposite corner or [Fence/WPolygon/CPolygon]: _u 
Invalid window specification.
Specify opposite corner or [Fence/WPolygon/CPolygon]: Specify opposite corner or [Fence/WPolygon/CPolygon]: _u 
Invalid window specification.
Specify opposite corner or [Fence/WPolygon/CPolygon]: Specify opposite corner or [Fence/WPolygon/CPolygon]: *Cancel*

Command: *Cancel*

Command: 
Command: Specify opposite corner or [Fence/WPolygon/CPolygon]: *Cancel*

Command: _.erase 1 found

Command: Specify opposite corner or [Fence/WPolygon/CPolygon]: 
Command: _u ERASE 
Command: _u INTELLIZOOM INTELLIZOOM 
Command: _u INTELLIZOOM 
Command: _u FILLET 
Command: _u FILLET 
Command: _u FILLET GROUP 
Command: 
Command: 
Command: _fillet 
Current settings: Mode = TRIM, Radius = 2.500
Select first object or [Undo/Polyline/Radius/Trim/Multiple]: R
Specify fillet radius <2.500>: 1

Select first object or [Undo/Polyline/Radius/Trim/Multiple]: 
Select second object or shift-select to apply corner or [Radius]: 
Command:  FILLET

Current settings: Mode = TRIM, Radius = 1.000
Select first object or [Undo/Polyline/Radius/Trim/Multiple]: 
Select second object or shift-select to apply corner or [Radius]: 
Command: 
Command: 
Command: _qsave 
Command: 
Command: 
Command: 
Command: _circle 
Specify center point for circle or [3P/2P/Ttr (tan tan radius)]: 
Specify radius of circle or [Diameter] <8.000>: 60

Command:  CIRCLE

Specify center point for circle or [3P/2P/Ttr (tan tan radius)]: 
Specify radius of circle or [Diameter] <60.000>: 50

Command: 
Command: 
Command: _line 
Specify first point: 
Specify next point or [Undo]: 
Specify next point or [Undo]:  
Command:  LINE

Specify first point: 
Specify next point or [Undo]: 
Specify next point or [Undo]:  
Command: 
Automatic save to C:\Users\11903685\AppData\Local\Temp\logo_1_12161_d544eedd.sv$ ...

Command: 
Command: 
Command: Specify opposite corner or [Fence/WPolygon/CPolygon]: 
Command: *Cancel*

Command: Specify opposite corner or [Fence/WPolygon/CPolygon]: 
Command: 
Command: 
Command: 
Command: _offset 
Current settings: Erase source=No  Layer=Source  OFFSETGAPTYPE=0
Specify offset distance or [Through/Erase/Layer] <10.000>: 24

Select object to offset or [Exit/Undo] <Exit>: 
Specify point on side to offset or [Exit/Multiple/Undo] <Exit>: 
Select object to offset or [Exit/Undo] <Exit>: *Cancel*

Command: 
Command:  OFFSET

Current settings: Erase source=No  Layer=Source  OFFSETGAPTYPE=0
Specify offset distance or [Through/Erase/Layer] <24.000>: 22

Select object to offset or [Exit/Undo] <Exit>: 
Specify point on side to offset or [Exit/Multiple/Undo] <Exit>: 
Select object to offset or [Exit/Undo] <Exit>: *Cancel*

Command: 
Command:  OFFSET

Current settings: Erase source=No  Layer=Source  OFFSETGAPTYPE=0
Specify offset distance or [Through/Erase/Layer] <22.000>: 15

Select object to offset or [Exit/Undo] <Exit>: 
Specify point on side to offset or [Exit/Multiple/Undo] <Exit>: 
Select object to offset or [Exit/Undo] <Exit>: *Cancel*

Command: 
Command: *Cancel*

Command: Specify opposite corner or [Fence/WPolygon/CPolygon]: 
Command: Specify opposite corner or [Fence/WPolygon/CPolygon]: *Cancel*

Command: 
Command: 
Command: _offset 
Current settings: Erase source=No  Layer=Source  OFFSETGAPTYPE=0
Specify offset distance or [Through/Erase/Layer] <15.000>: 10

Select object to offset or [Exit/Undo] <Exit>: 
Select object to offset or [Exit/Undo] <Exit>: 
Specify point on side to offset or [Exit/Multiple/Undo] <Exit>: 
Select object to offset or [Exit/Undo] <Exit>: 
Select object to offset or [Exit/Undo] <Exit>: 
Select object to offset or [Exit/Undo] <Exit>: *Cancel*

Command: 
Command: '_matchprop 
Current active settings:  Color Layer Ltype Ltscale Lineweight Transparency Thickness PlotStyle Dim Text Hatch Polyline Viewport Table Material Multileader Center object 

Select destination object(s) or [Settings]: *Cancel*

Command: *Cancel*

Command: 
Command: '_matchprop 
Current active settings:  Color Layer Ltype Ltscale Lineweight Transparency Thickness PlotStyle Dim Text Hatch Polyline Viewport Table Material Multileader Center object 

Select destination object(s) or [Settings]: 

Select destination object(s) or [Settings]: *Cancel*

Command: 
Command: 
Command: _offset 
Current settings: Erase source=No  Layer=Source  OFFSETGAPTYPE=0
Specify offset distance or [Through/Erase/Layer] <10.000>: 25

Select object to offset or [Exit/Undo] <Exit>: 
Specify point on side to offset or [Exit/Multiple/Undo] <Exit>: 
Select object to offset or [Exit/Undo] <Exit>: *Cancel*

Command: 
Command: 
Command: _trim 
Current settings: Projection=UCS, Edge=None, Mode=Quick
Select object to trim or shift-select to extend or
 [cuTting edges/Crossing/mOde/Project/eRase]: 
Select object to trim or shift-select to extend or
 [cuTting edges/Crossing/mOde/Project/eRase/Undo]: 
Specify next fence point or [Undo]: 
Specify next fence point or [Undo]: 

Select object to trim or shift-select to extend or
 [cuTting edges/Crossing/mOde/Project/eRase/Undo]: *Cancel*

Command: 
Command: 
Command: _.erase 2 found

Command: 
Command: 
Command: _offset 
Current settings: Erase source=No  Layer=Source  OFFSETGAPTYPE=0
Specify offset distance or [Through/Erase/Layer] <25.000>: 12.5

Select object to offset or [Exit/Undo] <Exit>: 
Specify point on side to offset or [Exit/Multiple/Undo] <Exit>: 
Select object to offset or [Exit/Undo] <Exit>:  
Automatic save to C:\Users\11903685\AppData\Local\Temp\logo_1_12161_d544eedd.sv$ ...

Command: 
Command:  OFFSET

Current settings: Erase source=No  Layer=Source  OFFSETGAPTYPE=0
Specify offset distance or [Through/Erase/Layer] <12.500>: 2.5

Select object to offset or [Exit/Undo] <Exit>: 
Specify point on side to offset or [Exit/Multiple/Undo] <Exit>: 
Select object to offset or [Exit/Undo] <Exit>: 
Specify point on side to offset or [Exit/Multiple/Undo] <Exit>: 
Select object to offset or [Exit/Undo] <Exit>: *Cancel*

Command: 
Command: _.erase 1 found

Command: 
Command: 
Command: _circle 
Specify center point for circle or [3P/2P/Ttr (tan tan radius)]: _3p Specify first point on circle: _tan to 
Specify second point on circle: _tan to 
Specify third point on circle: _tan to 
Command: 
Command: '_matchprop 
Current active settings:  Color Layer Ltype Ltscale Lineweight Transparency Thickness PlotStyle Dim Text Hatch Polyline Viewport Table Material Multileader Center object 

Select destination object(s) or [Settings]: 

Select destination object(s) or [Settings]: *Cancel*

Command: 
Command: 
Command: _trim 
Current settings: Projection=UCS, Edge=None, Mode=Quick
Select object to trim or shift-select to extend or
 [cuTting edges/Crossing/mOde/Project/eRase]: 
Select object to trim or shift-select to extend or
 [cuTting edges/Crossing/mOde/Project/eRase/Undo]: 
Specify next fence point or [Undo]: 
Specify next fence point or [Undo]: 

Select object to trim or shift-select to extend or
 [cuTting edges/Crossing/mOde/Project/eRase/Undo]: 
Select object to trim or shift-select to extend or
 [cuTting edges/Crossing/mOde/Project/eRase/Undo]: 
Specify next fence point or [Undo]: 
Specify next fence point or [Undo]: 
Specify next fence point or [Undo]: 
Specify next fence point or [Undo]: 

Select object to trim or shift-select to extend or
 [cuTting edges/Crossing/mOde/Project/eRase/Undo]: _u 
Select object to trim or shift-select to extend or
 [cuTting edges/Crossing/mOde/Project/eRase/Undo]: 
Select object to trim or shift-select to extend or
 [cuTting edges/Crossing/mOde/Project/eRase/Undo]: 
Specify next fence point or [Undo]: 
Specify next fence point or [Undo]: 
Specify next fence point or [Undo]: 
Specify next fence point or [Undo]: 

Select object to trim or shift-select to extend or
 [cuTting edges/Crossing/mOde/Project/eRase/Undo]: 
Select object to trim or shift-select to extend or
 [cuTting edges/Crossing/mOde/Project/eRase/Undo]: 
Specify next fence point or [Undo]: 
Specify next fence point or [Undo]: 
Specify next fence point or [Undo]: 
Specify next fence point or [Undo]: 

Select object to trim or shift-select to extend or
 [cuTting edges/Crossing/mOde/Project/eRase/Undo]: *Cancel*

Command: Specify opposite corner or [Fence/WPolygon/CPolygon]: 
Command: _.erase 2 found

Command: 
Command: 
Command: _trim 
Current settings: Projection=UCS, Edge=None, Mode=Quick
Select object to trim or shift-select to extend or
 [cuTting edges/Crossing/mOde/Project/eRase]: 
Select object to trim or shift-select to extend or
 [cuTting edges/Crossing/mOde/Project/eRase/Undo]: 
Specify next fence point or [Undo]: 
Specify next fence point or [Undo]: 
Specify next fence point or [Undo]: 
Specify next fence point or [Undo]: 

Select object to trim or shift-select to extend or
 [cuTting edges/Crossing/mOde/Project/eRase/Undo]: 
Select object to trim or shift-select to extend or
 [cuTting edges/Crossing/mOde/Project/eRase/Undo]: 
Specify next fence point or [Undo]: 
Specify next fence point or [Undo]: 
Specify next fence point or [Undo]: 
Specify next fence point or [Undo]: 

Select object to trim or shift-select to extend or
 [cuTting edges/Crossing/mOde/Project/eRase/Undo]: 
Select object to trim or shift-select to extend or
 [cuTting edges/Crossing/mOde/Project/eRase/Undo]: 
Specify next fence point or [Undo]: 
Specify next fence point or [Undo]: 
Specify next fence point or [Undo]: 
Specify next fence point or [Undo]: 

Select object to trim or shift-select to extend or
 [cuTting edges/Crossing/mOde/Project/eRase/Undo]: *Cancel*

Command: Specify opposite corner or [Fence/WPolygon/CPolygon]: 
Command: _.erase 2 found

Command: 
Command: 
Command: _trim 
Current settings: Projection=UCS, Edge=None, Mode=Quick
Select object to trim or shift-select to extend or
 [cuTting edges/Crossing/mOde/Project/eRase]: 
Select object to trim or shift-select to extend or
 [cuTting edges/Crossing/mOde/Project/eRase/Undo]: 
Specify next fence point or [Undo]: 
Specify next fence point or [Undo]: 
Specify next fence point or [Undo]: 
Specify next fence point or [Undo]: 

Select object to trim or shift-select to extend or
 [cuTting edges/Crossing/mOde/Project/eRase/Undo]: *Cancel*

Command: Specify opposite corner or [Fence/WPolygon/CPolygon]: 
Command: _.erase 2 found

Command: Specify opposite corner or [Fence/WPolygon/CPolygon]: 
Command: _.erase 1 found

Command: 
Command: 
Command: 
Command: _offset 
Current settings: Erase source=No  Layer=Source  OFFSETGAPTYPE=0
Specify offset distance or [Through/Erase/Layer] <2.500>: 5

Select object to offset or [Exit/Undo] <Exit>: *Cancel*

Command: 
Command: 
Command: _offset 
Current settings: Erase source=No  Layer=Source  OFFSETGAPTYPE=0
Specify offset distance or [Through/Erase/Layer] <5.000>: 5

Select object to offset or [Exit/Undo] <Exit>: 
Specify point on side to offset or [Exit/Multiple/Undo] <Exit>: 
Select object to offset or [Exit/Undo] <Exit>: 
Specify point on side to offset or [Exit/Multiple/Undo] <Exit>: 
Select object to offset or [Exit/Undo] <Exit>: *Cancel*

Command: 
Command: '_matchprop 
Current active settings:  Color Layer Ltype Ltscale Lineweight Transparency Thickness PlotStyle Dim Text Hatch Polyline Viewport Table Material Multileader Center object 

Select destination object(s) or [Settings]: Specify opposite corner: 

Select destination object(s) or [Settings]: Specify opposite corner: 

Select destination object(s) or [Settings]: *Cancel*

Command: 
Command: 
Command: _trim 
Current settings: Projection=UCS, Edge=None, Mode=Quick
Select object to trim or shift-select to extend or
 [cuTting edges/Crossing/mOde/Project/eRase]: 
Select object to trim or shift-select to extend or
 [cuTting edges/Crossing/mOde/Project/eRase/Undo]: 
Specify next fence point or [Undo]: 
Specify next fence point or [Undo]: 

Select object to trim or shift-select to extend or
 [cuTting edges/Crossing/mOde/Project/eRase/Undo]: 
Select object to trim or shift-select to extend or
 [cuTting edges/Crossing/mOde/Project/eRase/Undo]: 
Specify next fence point or [Undo]: 
Specify next fence point or [Undo]: 

Select object to trim or shift-select to extend or
 [cuTting edges/Crossing/mOde/Project/eRase/Undo]: *Cancel*

Command: 
Command: 
Command: _.erase 1 found

Command: 
Command: 
Command: _trim 
Current settings: Projection=UCS, Edge=None, Mode=Quick
Select object to trim or shift-select to extend or
 [cuTting edges/Crossing/mOde/Project/eRase]: 
Select object to trim or shift-select to extend or
 [cuTting edges/Crossing/mOde/Project/eRase/Undo]: 
Specify next fence point or [Undo]: 
Specify next fence point or [Undo]: 

Select object to trim or shift-select to extend or
 [cuTting edges/Crossing/mOde/Project/eRase/Undo]: *Cancel*

Command: 
Command: _.erase 1 found

Command: 
Command: _.erase 1 found

Command: 
Command: 
Command: _offset 
Current settings: Erase source=No  Layer=Source  OFFSETGAPTYPE=0
Specify offset distance or [Through/Erase/Layer] <5.000>: 10

Select object to offset or [Exit/Undo] <Exit>: 
Specify point on side to offset or [Exit/Multiple/Undo] <Exit>: 
Select object to offset or [Exit/Undo] <Exit>: 
Specify point on side to offset or [Exit/Multiple/Undo] <Exit>: 
Select object to offset or [Exit/Undo] <Exit>:  
Command:  OFFSET

Current settings: Erase source=No  Layer=Source  OFFSETGAPTYPE=0
Specify offset distance or [Through/Erase/Layer] <10.000>: 15

Select object to offset or [Exit/Undo] <Exit>: 
Specify point on side to offset or [Exit/Multiple/Undo] <Exit>: 
Select object to offset or [Exit/Undo] <Exit>: *Cancel*

Command: 
Command: '_matchprop 
Current active settings:  Color Layer Ltype Ltscale Lineweight Transparency Thickness PlotStyle Dim Text Hatch Polyline Viewport Table Material Multileader Center object 

Select destination object(s) or [Settings]: Specify opposite corner: 

Select destination object(s) or [Settings]: 

Command: *Cancel*

Command: 
Command: Specify opposite corner or [Fence/WPolygon/CPolygon]: 
Command: _.erase 1 found

Command: _u ERASE 
Command: 
Automatic save to C:\Users\11903685\AppData\Local\Temp\logo_1_12161_d544eedd.sv$ ...

Command: 
Command: 
Command: 
Command: _offset 
Current settings: Erase source=No  Layer=Source  OFFSETGAPTYPE=0
Specify offset distance or [Through/Erase/Layer] <15.000>: 18

Select object to offset or [Exit/Undo] <Exit>: 
Specify point on side to offset or [Exit/Multiple/Undo] <Exit>: 
Select object to offset or [Exit/Undo] <Exit>: 
Specify point on side to offset or [Exit/Multiple/Undo] <Exit>: '_matchprop 
>>Select source object: 
Current active settings:  Color Layer Ltype Ltscale Lineweight Transparency Thickness PlotStyle Dim Text Hatch Polyline Viewport Table Material Multileader Center object 

>>Select destination object(s) or [Settings]: *Cancel*

Resuming OFFSET command.

Specify point on side to offset or [Exit/Multiple/Undo] <Exit>: *Cancel*

Command: 
Command: '_matchprop 
Current active settings:  Color Layer Ltype Ltscale Lineweight Transparency Thickness PlotStyle Dim Text Hatch Polyline Viewport Table Material Multileader Center object 

Select destination object(s) or [Settings]: 

Select destination object(s) or [Settings]: *Cancel*

Command: 
Command: 
Command: _arc 
Specify start point of arc or [Center]: 
Specify second point of arc or [Center/End]: _e 
Specify end point of arc: 
Specify center point of arc (hold Ctrl to switch direction) or [Angle/Direction/Radius]: _r 
Specify radius of arc (hold Ctrl to switch direction): 15

Command: 
Command: 
Command: 
Command: _offset 
Current settings: Erase source=No  Layer=Source  OFFSETGAPTYPE=0
Specify offset distance or [Through/Erase/Layer] <18.000>: 8

Select object to offset or [Exit/Undo] <Exit>: 
Specify point on side to offset or [Exit/Multiple/Undo] <Exit>: 
Select object to offset or [Exit/Undo] <Exit>: *Cancel*

Command: 
Command: _line 
Specify first point: 
Specify next point or [Undo]: 
Specify next point or [Undo]:  
Command: Specify opposite corner or [Fence/WPolygon/CPolygon]: 
Command: '_matchprop 
Current active settings:  Color Layer Ltype Ltscale Lineweight Transparency Thickness PlotStyle Dim Text Hatch Polyline Viewport Table Material Multileader Center object 

Select destination object(s) or [Settings]: Specify opposite corner: 

Select destination object(s) or [Settings]: Specify opposite corner: 

Select destination object(s) or [Settings]: *Cancel*

Command: 
Command: *Cancel*

Command: 
Command: 
Command: _trim 
Current settings: Projection=UCS, Edge=None, Mode=Quick
Select object to trim or shift-select to extend or
 [cuTting edges/Crossing/mOde/Project/eRase]: 
Select object to trim or shift-select to extend or
 [cuTting edges/Crossing/mOde/Project/eRase/Undo]: 
Specify next fence point or [Undo]: 
Specify next fence point or [Undo]: 
Specify next fence point or [Undo]: 
Specify next fence point or [Undo]: 

Select object to trim or shift-select to extend or
 [cuTting edges/Crossing/mOde/Project/eRase/Undo]: 
Select object to trim or shift-select to extend or
 [cuTting edges/Crossing/mOde/Project/eRase/Undo]: 
Specify next fence point or [Undo]: 
Specify next fence point or [Undo]: 

Select object to trim or shift-select to extend or
 [cuTting edges/Crossing/mOde/Project/eRase/Undo]: 
Select object to trim or shift-select to extend or
 [cuTting edges/Crossing/mOde/Project/eRase/Undo]: 
Specify next fence point or [Undo]: 
Specify next fence point or [Undo]: 

Select object to trim or shift-select to extend or
 [cuTting edges/Crossing/mOde/Project/eRase/Undo]: 
Select object to trim or shift-select to extend or
 [cuTting edges/Crossing/mOde/Project/eRase/Undo]: 
Specify next fence point or [Undo]: 
Specify next fence point or [Undo]: 
Specify next fence point or [Undo]: *Cancel*

Command: *Cancel*

Command: Specify opposite corner or [Fence/WPolygon/CPolygon]: 
Command: _.erase 1 found

Command: Specify opposite corner or [Fence/WPolygon/CPolygon]: 
Command: _.erase 1 found

Command: 
Command: 
Command: _line 
Specify first point: 
Specify next point or [Undo]: 
Specify next point or [Undo]: *Cancel*

Command: 
Command: 
Command: _trim 
Current settings: Projection=UCS, Edge=None, Mode=Quick
Select object to trim or shift-select to extend or
 [cuTting edges/Crossing/mOde/Project/eRase]: 
Select object to trim or shift-select to extend or
 [cuTting edges/Crossing/mOde/Project/eRase/Undo]: 
Specify next fence point or [Undo]: 
Specify next fence point or [Undo]: 

Select object to trim or shift-select to extend or
 [cuTting edges/Crossing/mOde/Project/eRase/Undo]: *Cancel*

Command: Specify opposite corner or [Fence/WPolygon/CPolygon]: *Cancel*

Crossing Lasso  Press Spacebar to cycle options
Command: _.erase 2 found

Command: Specify opposite corner or [Fence/WPolygon/CPolygon]: 
Command: _.erase 3 found

Command: 
Command: 
Command: _trim 
Current settings: Projection=UCS, Edge=None, Mode=Quick
Select object to trim or shift-select to extend or
 [cuTting edges/Crossing/mOde/Project/eRase]: 
Select object to trim or shift-select to extend or
 [cuTting edges/Crossing/mOde/Project/eRase/Undo]: 
Specify next fence point or [Undo]: 
Specify next fence point or [Undo]: 

Select object to trim or shift-select to extend or
 [cuTting edges/Crossing/mOde/Project/eRase/Undo]: *Cancel*

Command: Specify opposite corner or [Fence/WPolygon/CPolygon]: 
Command: _.erase 3 found

Command: 
Command: '_matchprop 
Current active settings:  Color Layer Ltype Ltscale Lineweight Transparency Thickness PlotStyle Dim Text Hatch Polyline Viewport Table Material Multileader Center object 

Select destination object(s) or [Settings]: Specify opposite corner: 

Select destination object(s) or [Settings]: Specify opposite corner: *Cancel*

Command: 
Command: 
Command: _fillet 
Current settings: Mode = TRIM, Radius = 1.000
Select first object or [Undo/Polyline/Radius/Trim/Multiple]: R
Specify fillet radius <1.000>: 1

Select first object or [Undo/Polyline/Radius/Trim/Multiple]: 
Select second object or shift-select to apply corner or [Radius]: 
Command:  FILLET

Current settings: Mode = TRIM, Radius = 1.000
Select first object or [Undo/Polyline/Radius/Trim/Multiple]: 
Select second object or shift-select to apply corner or [Radius]: 
Command: Specify opposite corner or [Fence/WPolygon/CPolygon]: *Cancel*

Command: 
Command: _.erase 1 found

Command: 
Command: 
Command: _arc 
Specify start point of arc or [Center]: 
Specify second point of arc or [Center/End]: _e 
Specify end point of arc: 
Specify center point of arc (hold Ctrl to switch direction) or [Angle/Direction/Radius]: _r 
Specify radius of arc (hold Ctrl to switch direction): 20

Invalid 2D point.

Specify radius of arc (hold Ctrl to switch direction): *Cancel*

Command: 
Command: 
Command: _arc 
Specify start point of arc or [Center]: 
Specify second point of arc or [Center/End]: _e 
Specify end point of arc: 
Specify center point of arc (hold Ctrl to switch direction) or [Angle/Direction/Radius]: _r 
Specify radius of arc (hold Ctrl to switch direction): 10

Command: 
Command: _.erase 1 found

Command: 
Command: _.erase 1 found

Command: 
Command: 
Command: _arc 
Specify start point of arc or [Center]: 
Specify second point of arc or [Center/End]: _e 
Specify end point of arc: 
Specify center point of arc (hold Ctrl to switch direction) or [Angle/Direction/Radius]: _r 
Specify radius of arc (hold Ctrl to switch direction): 15

Invalid 2D point.

Specify radius of arc (hold Ctrl to switch direction): 20

Automatic save to C:\Users\11903685\AppData\Local\Temp\logo_1_12161_d544eedd.sv$ ...

Command: 
Command: 
Command: _.erase 1 found

Command: 
Command: 
Command: _arc 
Specify start point of arc or [Center]: 
Specify second point of arc or [Center/End]: _e 
Specify end point of arc: 
Specify center point of arc (hold Ctrl to switch direction) or [Angle/Direction/Radius]: _r 
Specify radius of arc (hold Ctrl to switch direction): 15

Command: 
Command: _.erase 1 found

Command: 
Command: 
Command: _circle 
Specify center point for circle or [3P/2P/Ttr (tan tan radius)]: _3p Specify first point on circle: _tan to *Cancel*

Command: 
Command: _circle 
Specify center point for circle or [3P/2P/Ttr (tan tan radius)]: 
Specify radius of circle or [Diameter] <2.500>: 15

Command:  CIRCLE

Specify center point for circle or [3P/2P/Ttr (tan tan radius)]: 
Specify radius of circle or [Diameter] <15.000>: 15

Command:  CIRCLE

Specify center point for circle or [3P/2P/Ttr (tan tan radius)]: 
Specify radius of circle or [Diameter] <15.000>: 15

Command: Specify opposite corner or [Fence/WPolygon/CPolygon]: 
Command: _.erase 2 found

Command: Specify opposite corner or [Fence/WPolygon/CPolygon]: 
Command: _.erase 1 found

Command: 
Command: 
Command: _circle 
Specify center point for circle or [3P/2P/Ttr (tan tan radius)]: 
Specify radius of circle or [Diameter] <15.000>: 20

Command:  CIRCLE

Specify center point for circle or [3P/2P/Ttr (tan tan radius)]: 
Specify radius of circle or [Diameter] <20.000>: 20

Command:  CIRCLE

Specify center point for circle or [3P/2P/Ttr (tan tan radius)]: 
Specify radius of circle or [Diameter] <20.000>: 20

Command: Specify opposite corner or [Fence/WPolygon/CPolygon]: 
Command: _.erase 3 found

Command:  .ERASE

Select objects: *Cancel*

Command: 
Command: _circle 
Specify center point for circle or [3P/2P/Ttr (tan tan radius)]: 
Specify radius of circle or [Diameter] <20.000>: 25

Command:  CIRCLE

Specify center point for circle or [3P/2P/Ttr (tan tan radius)]: 
Specify radius of circle or [Diameter] <25.000>: 25

Command:  CIRCLE

Specify center point for circle or [3P/2P/Ttr (tan tan radius)]: 
Specify radius of circle or [Diameter] <25.000>: 25

Command: Specify opposite corner or [Fence/WPolygon/CPolygon]: 
Command: _.erase 1 found

Command: Specify opposite corner or [Fence/WPolygon/CPolygon]: 
Command: _.erase 1 found

Command: 
Command: 
Command: _trim 
Current settings: Projection=UCS, Edge=None, Mode=Quick
Select object to trim or shift-select to extend or
 [cuTting edges/Crossing/mOde/Project/eRase]: 
Select object to trim or shift-select to extend or
 [cuTting edges/Crossing/mOde/Project/eRase/Undo]: 
Specify next fence point or [Undo]: 
Specify next fence point or [Undo]: 
Specify next fence point or [Undo]: 
Specify next fence point or [Undo]: 

Select object to trim or shift-select to extend or
 [cuTting edges/Crossing/mOde/Project/eRase/Undo]: 
Select object to trim or shift-select to extend or
 [cuTting edges/Crossing/mOde/Project/eRase/Undo]: 
Specify next fence point or [Undo]: 
Specify next fence point or [Undo]: 
Specify next fence point or [Undo]: 
Specify next fence point or [Undo]: 

Select object to trim or shift-select to extend or
 [cuTting edges/Crossing/mOde/Project/eRase/Undo]: *Cancel*

Command: Specify opposite corner or [Fence/WPolygon/CPolygon]: 
Command: _.erase 1 found

Command: 
Command: 
Command: _fillet 
Current settings: Mode = TRIM, Radius = 1.000
Select first object or [Undo/Polyline/Radius/Trim/Multiple]: R
Specify fillet radius <1.000>: 1

Select first object or [Undo/Polyline/Radius/Trim/Multiple]: 
Select first object or [Undo/Polyline/Radius/Trim/Multiple]: 
Select second object or shift-select to apply corner or [Radius]: 
Command: _u INTELLIZOOM INTELLIZOOM 
Command: _u FILLET GROUP 
Command: 
Command: 
Command: _circle 
Specify center point for circle or [3P/2P/Ttr (tan tan radius)]: _ttr 
Specify point on object for first tangent of circle: 
Specify point on object for second tangent of circle: 
Specify radius of circle <25.000>: 

Command: 
Command: 
Command: _circle 
Specify center point for circle or [3P/2P/Ttr (tan tan radius)]: _ttr 
Specify point on object for first tangent of circle: 
Specify point on object for second tangent of circle: 
Specify radius of circle <25.000>:  Specify second point: 

Command: 
Command: 
Command: _circle 
Specify center point for circle or [3P/2P/Ttr (tan tan radius)]: _ttr 
Specify point on object for first tangent of circle: 
Specify point on object for second tangent of circle: 
Specify radius of circle <25.000>: 50

Crossing Lasso  Press Spacebar to cycle options
Command: *Cancel*

Command: Specify opposite corner or [Fence/WPolygon/CPolygon]: 
Command: _.erase 3 found

Command: Specify opposite corner or [Fence/WPolygon/CPolygon]: 
Command: 
Command:  
Command: Specify opposite corner or [Fence/WPolygon/CPolygon]: 
Command: *Cancel*

Command: 
Command: _.erase 1 found

Command: 
Command: 
Command: _line 
Specify first point: 
Specify next point or [Undo]: 
Specify next point or [Undo]:  
Command: 
Command: 
Command: _circle 
Specify center point for circle or [3P/2P/Ttr (tan tan radius)]: _ttr 
Specify point on object for first tangent of circle: 
Specify point on object for second tangent of circle: 
Specify radius of circle <50.000>: 20

Command: Specify opposite corner or [Fence/WPolygon/CPolygon]: 
Command: _.erase 1 found

Crossing Lasso  Press Spacebar to cycle options
Command: Specify opposite corner or [Fence/WPolygon/CPolygon]: 
Command: Specify opposite corner or [Fence/WPolygon/CPolygon]: 
Command: 
Command: '_matchprop 
Current active settings:  Color Layer Ltype Ltscale Lineweight Transparency Thickness PlotStyle Dim Text Hatch Polyline Viewport Table Material Multileader Center object 

Select destination object(s) or [Settings]: Specify opposite corner: 

Select destination object(s) or [Settings]: *Cancel*

Automatic save to C:\Users\11903685\AppData\Local\Temp\logo_1_12161_d544eedd.sv$ ...

Command: 
Command: 
Command: 
Command: _qsave 
Command: 
Command: 
Command: _trim 
Current settings: Projection=UCS, Edge=None, Mode=Quick
Select object to trim or shift-select to extend or
 [cuTting edges/Crossing/mOde/Project/eRase]: 
Select object to trim or shift-select to extend or
 [cuTting edges/Crossing/mOde/Project/eRase/Undo]: 
Specify next fence point or [Undo]: 
Specify next fence point or [Undo]: 
Specify next fence point or [Undo]: 
Specify next fence point or [Undo]: 

Select object to trim or shift-select to extend or
 [cuTting edges/Crossing/mOde/Project/eRase/Undo]: 
Select object to trim or shift-select to extend or
 [cuTting edges/Crossing/mOde/Project/eRase/Undo]: 
Specify next fence point or [Undo]: 
Specify next fence point or [Undo]: 
Specify next fence point or [Undo]: 
Specify next fence point or [Undo]: 

Select object to trim or shift-select to extend or
 [cuTting edges/Crossing/mOde/Project/eRase/Undo]: *Cancel*

Command: Specify opposite corner or [Fence/WPolygon/CPolygon]: 
Command: 
Command: 
Command: _move 10 found

Specify base point or [Displacement] <Displacement>: 
Specify second point or <use first point as displacement>: 0.5

Command: _u MOVE GROUP 
Command: Specify opposite corner or [Fence/WPolygon/CPolygon]: 
Command: 
Command: 
Command: _move 10 found

Specify base point or [Displacement] <Displacement>: 
Specify second point or <use first point as displacement>: 2

Command: Specify opposite corner or [Fence/WPolygon/CPolygon]: 
Command: 
Command: 
Command: _move 5 found

Specify base point or [Displacement] <Displacement>: 
Specify second point or <use first point as displacement>: 4

Command: Specify opposite corner or [Fence/WPolygon/CPolygon]: 
Command: 
Command: 
Command: _move 10 found

Specify base point or [Displacement] <Displacement>: 
Specify second point or <use first point as displacement>: 2

Command: 
Command: 
Command: _line 
Specify first point: 
Specify next point or [Undo]: 
Specify next point or [Undo]:  
Command:  LINE

Specify first point: 
Specify next point or [Undo]: 
Specify next point or [Undo]:  
Command: Specify opposite corner or [Fence/WPolygon/CPolygon]: 
Command: _.erase 1 found

Command: Specify opposite corner or [Fence/WPolygon/CPolygon]: 
Command: _.erase 1 found

Command: 
Command: Specify opposite corner or [Fence/WPolygon/CPolygon]: 
Command: '_matchprop Only one entity can be selected as source object.

Select source object: Nothing selected.

Select source object: Nothing selected.

Select source object: Nothing selected.

Select source object: Nothing selected.

Select source object: Nothing selected.

Select source object: 
Current active settings:  Color Layer Ltype Ltscale Lineweight Transparency Thickness PlotStyle Dim Text Hatch Polyline Viewport Table Material Multileader Center object 

Select destination object(s) or [Settings]: 

Select destination object(s) or [Settings]: 

Select destination object(s) or [Settings]: Specify opposite corner: 
Select destination object(s) or [Settings]: Specify opposite corner: 

Select destination object(s) or [Settings]: *Cancel*

Command: Specify opposite corner or [Fence/WPolygon/CPolygon]: 
Command: '_matchprop 
Current active settings:  Color Layer Ltype Ltscale Lineweight Transparency Thickness PlotStyle Dim Text Hatch Polyline Viewport Table Material Multileader Center object 

Select destination object(s) or [Settings]: Specify opposite corner: 

Select destination object(s) or [Settings]: *Cancel*

Command: Specify opposite corner or [Fence/WPolygon/CPolygon]: 
Command: 
Command: 
Command: _mirror 17 found
Specify first point of mirror line: 
Specify second point of mirror line: 
Erase source objects? [Yes/No] <No>: *Cancel*

Command: 
Command: 
Command: _mirror 
Select objects: Specify opposite corner: 17 found

Select objects: 
Specify first point of mirror line: 
Specify second point of mirror line: 
Erase source objects? [Yes/No] <No>: 

Command: Specify opposite corner or [Fence/WPolygon/CPolygon]: 
Command: 
Command: 
Command: 
Command: _rotate 
Current positive angle in UCS:  ANGDIR=counterclockwise  ANGBASE=0.00
36 found

Specify base point: -45

Specify rotation angle or [Copy/Reference] <0.00>: *Cancel*

Command: Specify opposite corner or [Fence/WPolygon/CPolygon]: 
Command: 
Command: 
Command: _rotate 
Current positive angle in UCS:  ANGDIR=counterclockwise  ANGBASE=0.00
36 found

Specify base point: 
Specify rotation angle or [Copy/Reference] <0.00>: -45

Command: *Cancel*

Command: 
Command: 
Command: _trim 
Current settings: Projection=UCS, Edge=None, Mode=Quick
Select object to trim or shift-select to extend or
 [cuTting edges/Crossing/mOde/Project/eRase]: 
Select object to trim or shift-select to extend or
 [cuTting edges/Crossing/mOde/Project/eRase/Undo]: 
Specify next fence point or [Undo]: 
Specify next fence point or [Undo]: 
Specify next fence point or [Undo]: 
Specify next fence point or [Undo]: 

Select object to trim or shift-select to extend or
 [cuTting edges/Crossing/mOde/Project/eRase/Undo]: 
Select object to trim or shift-select to extend or
 [cuTting edges/Crossing/mOde/Project/eRase/Undo]: 
Specify next fence point or [Undo]: 
Specify next fence point or [Undo]: 
Specify next fence point or [Undo]: 
Specify next fence point or [Undo]: 

Select object to trim or shift-select to extend or
 [cuTting edges/Crossing/mOde/Project/eRase/Undo]: *Cancel*

Command: Specify opposite corner or [Fence/WPolygon/CPolygon]: *Cancel*

Command: Specify opposite corner or [Fence/WPolygon/CPolygon]: 
Command: 
Command: 
Command: _copy 13 found

Current settings:  Copy mode = Multiple
Specify base point or [Displacement/mOde] <Displacement>: 
Specify second point or [Array] <use first point as displacement>: 
Specify second point or [Array/Exit/Undo] <Exit>: 

Command: Specify opposite corner or [Fence/WPolygon/CPolygon]: 
Command: 
Command: 
Command: _scale 13 found

Specify base point: 
Specify scale factor or [Copy/Reference]: 2

Command: 
Automatic save to C:\Users\11903685\AppData\Local\Temp\logo_1_23978_63ad8732.sv$ ...

Command: 
Window Lasso  Press Spacebar to cycle options
Command: Specify opposite corner or [Fence/WPolygon/CPolygon]: 
Command: 
Command: 
Command: _scale 13 found

Specify base point: 
Specify scale factor or [Copy/Reference]: 2

Command: 
Command: 
Command: _line 
Specify first point: 
Specify next point or [Undo]: *Cancel*

Command: 
Command: 
Command: _xline 
Specify a point or [Hor/Ver/Ang/Bisect/Offset]: 
Specify through point: *Cancel*

Command:  XLINE

Specify a point or [Hor/Ver/Ang/Bisect/Offset]: 
Specify through point: 
Specify through point: 

Command:  XLINE

Specify a point or [Hor/Ver/Ang/Bisect/Offset]: 
Specify through point: 
Specify through point:  
Command: *Cancel*

Command: Specify opposite corner or [Fence/WPolygon/CPolygon]: 
Command: 
Command: 
Command: _copy 39 found

Current settings:  Copy mode = Multiple
Specify base point or [Displacement/mOde] <Displacement>: 
Specify second point or [Array] <use first point as displacement>: *Cancel*

Command: Specify opposite corner or [Fence/WPolygon/CPolygon]: 
Command: 
Command: 
Command: _scale 13 found

Specify base point: *Cancel*

Command: Specify opposite corner or [Fence/WPolygon/CPolygon]: 
Command: *Cancel*

Command: 
Command: 
Command: _line 
Specify first point: 
Specify next point or [Undo]: 
Specify next point or [Undo]:  
Command:  LINE

Specify first point: 
Specify next point or [Undo]: 
Specify next point or [Undo]:  
Command: Specify opposite corner or [Fence/WPolygon/CPolygon]: 
Command: _.erase 1 found

Command: Specify opposite corner or [Fence/WPolygon/CPolygon]: 
Command: _.erase 1 found

Command: Specify opposite corner or [Fence/WPolygon/CPolygon]: 
Command: 
Command: 
Command: _scale 15 found

Specify base point: 
Specify scale factor or [Copy/Reference]: 1.5

Command: *Cancel*

Command: Specify opposite corner or [Fence/WPolygon/CPolygon]: 
Command: 
Command: 
Command: _copy 39 found

Current settings:  Copy mode = Multiple
Specify base point or [Displacement/mOde] <Displacement>: 
Specify second point or [Array] <use first point as displacement>: 
Specify second point or [Array/Exit/Undo] <Exit>: *Cancel*

Command: Specify opposite corner or [Fence/WPolygon/CPolygon]: 
Command: _.erase 1 found

Command: Specify opposite corner or [Fence/WPolygon/CPolygon]: 
Command: _.erase 1 found

Command: Regenerating model.
Specify opposite corner or [Fence/WPolygon/CPolygon]: 
Command: 
Command: 
Command: _qsave 
Command: 
Command: 
Command: _line 
Specify first point: *Cancel*

Command: 
Command: 
Command: 
Command: 
Command: _offset 
Current settings: Erase source=No  Layer=Source  OFFSETGAPTYPE=0
Specify offset distance or [Through/Erase/Layer] <8.000>: 60

Select object to offset or [Exit/Undo] <Exit>: 
Specify point on side to offset or [Exit/Multiple/Undo] <Exit>: 
Select object to offset or [Exit/Undo] <Exit>:  
Command:  OFFSET

Current settings: Erase source=No  Layer=Source  OFFSETGAPTYPE=0
Specify offset distance or [Through/Erase/Layer] <60.000>: 35

Select object to offset or [Exit/Undo] <Exit>: 
Specify point on side to offset or [Exit/Multiple/Undo] <Exit>: 
Select object to offset or [Exit/Undo] <Exit>:  
Command: Specify opposite corner or [Fence/WPolygon/CPolygon]: 
Command: 
Command: 
Command: _scale 52 found

Specify base point: 
Specify scale factor or [Copy/Reference]: 0.5

Command: Specify opposite corner or [Fence/WPolygon/CPolygon]: 
Command: 
Command: 
Command: _copy 52 found

Current settings:  Copy mode = Multiple
Specify base point or [Displacement/mOde] <Displacement>: 
Specify second point or [Array] <use first point as displacement>: *Cancel*

Window Lasso  Press Spacebar to cycle options
Command: Specify opposite corner or [Fence/WPolygon/CPolygon]: *Cancel*

Command: *Cancel*

Command: Specify opposite corner or [Fence/WPolygon/CPolygon]: 
Command: 
Command: 
Command: _copy 52 found

Current settings:  Copy mode = Multiple
Specify base point or [Displacement/mOde] <Displacement>: 
Specify second point or [Array] <use first point as displacement>: *Cancel*

Command: Specify opposite corner or [Fence/WPolygon/CPolygon]: 
Command: 
Command: 
Command: _scale 52 found

Specify base point: 
Specify scale factor or [Copy/Reference]: 0.75

Command: Specify opposite corner or [Fence/WPolygon/CPolygon]: 
Command: 
Command: 
Command: _copy 52 found

Current settings:  Copy mode = Multiple
Specify base point or [Displacement/mOde] <Displacement>: 
Specify second point or [Array] <use first point as displacement>: 
Specify second point or [Array/Exit/Undo] <Exit>: *Cancel*

Command: Specify opposite corner or [Fence/WPolygon/CPolygon]: 
Command: _.erase 1 found

Command: Specify opposite corner or [Fence/WPolygon/CPolygon]: 
Command: _.erase 1 found

Command: 
Command: 
Command: _trim 
Current settings: Projection=UCS, Edge=None, Mode=Quick
Select object to trim or shift-select to extend or
 [cuTting edges/Crossing/mOde/Project/eRase]: 
Select object to trim or shift-select to extend or
 [cuTting edges/Crossing/mOde/Project/eRase/Undo]: 
Specify next fence point or [Undo]: 
Specify next fence point or [Undo]: 

Select object to trim or shift-select to extend or
 [cuTting edges/Crossing/mOde/Project/eRase/Undo]: 
Select object to trim or shift-select to extend or
 [cuTting edges/Crossing/mOde/Project/eRase/Undo]: 
Specify next fence point or [Undo]: 
Specify next fence point or [Undo]: 
Specify next fence point or [Undo]: 
Specify next fence point or [Undo]: 

Select object to trim or shift-select to extend or
 [cuTting edges/Crossing/mOde/Project/eRase/Undo]: 
Select object to trim or shift-select to extend or
 [cuTting edges/Crossing/mOde/Project/eRase/Undo]: 
Specify next fence point or [Undo]: 
Specify next fence point or [Undo]: 
Specify next fence point or [Undo]: 
Specify next fence point or [Undo]: 

Select object to trim or shift-select to extend or
 [cuTting edges/Crossing/mOde/Project/eRase/Undo]: *Cancel*

Command: 
Command: _.erase 1 found

Command: 
Automatic save to C:\Users\11903685\AppData\Local\Temp\logo_1_6270_60902511.sv$ ...

Command: 
Command: _.erase 1 found

Command: 
Command: 
Command: _qsave 
Command: 
Automatic save to C:\Users\11903685\AppData\Local\Temp\logo_1_9800_fcec8514.sv$ ...

Command: 
Command: 
Command: 
Command: 
Command: _line 
Specify first point: 
Specify next point or [Undo]: *Cancel*

Command: 
Command: 
Command: _rectang 
Specify first corner point or [Chamfer/Elevation/Fillet/Thickness/Width]: 
Specify other corner point or [Area/Dimensions/Rotation]: @2,5

Command: Specify opposite corner or [Fence/WPolygon/CPolygon]: 
Command: 
Command: 
Command: _copy 1 found

Current settings:  Copy mode = Multiple
Specify base point or [Displacement/mOde] <Displacement>: 
Specify second point or [Array] <use first point as displacement>: A

Enter number of items to array: 4

Specify second point or [Fit]: 3

Specify second point or [Array/Exit/Undo] <Exit>: *Cancel*

Command: 
Command: 
Command: _line 
Specify first point: 
Specify next point or [Undo]: @20<25

Specify next point or [Undo]: _u 
Specify next point or [Undo]: @20<30

Specify next point or [Undo]: *Cancel*

Command: Specify opposite corner or [Fence/WPolygon/CPolygon]: 
Command: 
Command: 
Command: _explode 3 found

Command: 
Command: 
Command: _extend 
Current settings: Projection=UCS, Edge=None, Mode=Quick
Select object to extend or shift-select to trim or
 [Boundary edges/Crossing/mOde/Project]: 

Select object to extend or shift-select to trim or
 [Boundary edges/Crossing/mOde/Project/Undo]: 

Select object to extend or shift-select to trim or
 [Boundary edges/Crossing/mOde/Project/Undo]: 

Select object to extend or shift-select to trim or
 [Boundary edges/Crossing/mOde/Project/Undo]: 

Select object to extend or shift-select to trim or
 [Boundary edges/Crossing/mOde/Project/Undo]: 

Select object to extend or shift-select to trim or
 [Boundary edges/Crossing/mOde/Project/Undo]: 

Select object to extend or shift-select to trim or
 [Boundary edges/Crossing/mOde/Project/Undo]: *Cancel*

Command: Specify opposite corner or [Fence/WPolygon/CPolygon]: 
Command: Specify opposite corner or [Fence/WPolygon/CPolygon]: 
Command: _.erase 1 found

Command: 
Command: _.erase 1 found

Command: Specify opposite corner or [Fence/WPolygon/CPolygon]: 
Command: Specify opposite corner or [Fence/WPolygon/CPolygon]: 
Command: _.erase 1 found

Command: Specify opposite corner or [Fence/WPolygon/CPolygon]: 
Command: _.erase 1 found

Command: 
Command: 
Command: _line 
Specify first point: 
Specify next point or [Undo]: 
Specify next point or [Undo]:  
Command:  LINE

Specify first point: 
Specify next point or [Undo]: 
Specify next point or [Undo]:  
Command:  LINE

Specify first point: 
Specify next point or [Undo]: 
Specify next point or [Undo]:  
Command: 
Command: 
Command: _trim 
Current settings: Projection=UCS, Edge=None, Mode=Quick
Select object to trim or shift-select to extend or
 [cuTting edges/Crossing/mOde/Project/eRase]: 
Select object to trim or shift-select to extend or
 [cuTting edges/Crossing/mOde/Project/eRase/Undo]: 
Specify next fence point or [Undo]: 
Specify next fence point or [Undo]: 
Specify next fence point or [Undo]: 
Specify next fence point or [Undo]: 

Select object to trim or shift-select to extend or
 [cuTting edges/Crossing/mOde/Project/eRase/Undo]: 
Select object to trim or shift-select to extend or
 [cuTting edges/Crossing/mOde/Project/eRase/Undo]: 
Specify next fence point or [Undo]: 
Specify next fence point or [Undo]: 
Specify next fence point or [Undo]: 
Specify next fence point or [Undo]: 

Select object to trim or shift-select to extend or
 [cuTting edges/Crossing/mOde/Project/eRase/Undo]: 
Select object to trim or shift-select to extend or
 [cuTting edges/Crossing/mOde/Project/eRase/Undo]: 
Specify next fence point or [Undo]: 
Specify next fence point or [Undo]: 
Specify next fence point or [Undo]: 
Specify next fence point or [Undo]: 

Select object to trim or shift-select to extend or
 [cuTting edges/Crossing/mOde/Project/eRase/Undo]:  
Command: *Cancel*

Command: 
Command: 
Command: _offset 
Current settings: Erase source=No  Layer=Source  OFFSETGAPTYPE=0
Specify offset distance or [Through/Erase/Layer] <35.000>: 2

Select object to offset or [Exit/Undo] <Exit>: 
Specify point on side to offset or [Exit/Multiple/Undo] <Exit>: 
Select object to offset or [Exit/Undo] <Exit>: 
Specify point on side to offset or [Exit/Multiple/Undo] <Exit>: 
Select object to offset or [Exit/Undo] <Exit>: *Cancel*

Command: 
Command: _extend 
Current settings: Projection=UCS, Edge=None, Mode=Quick
Select object to extend or shift-select to trim or
 [Boundary edges/Crossing/mOde/Project]: 

Select object to extend or shift-select to trim or
 [Boundary edges/Crossing/mOde/Project/Undo]: 

Select object to extend or shift-select to trim or
 [Boundary edges/Crossing/mOde/Project/Undo]:  
Command: Specify opposite corner or [Fence/WPolygon/CPolygon]: 
Command: 
Command: 
Command: _copy 13 found

Current settings:  Copy mode = Multiple
Specify base point or [Displacement/mOde] <Displacement>: 
Specify second point or [Array] <use first point as displacement>: 
Specify second point or [Array/Exit/Undo] <Exit>: 

Command: Specify opposite corner or [Fence/WPolygon/CPolygon]: 
Command: _.erase 1 found

Command: Specify opposite corner or [Fence/WPolygon/CPolygon]: 
Command: _.erase 1 found

Command: 
Command: 
Command: _qsave 
Command: 
Command: 
Command: _rectang 
Specify first corner point or [Chamfer/Elevation/Fillet/Thickness/Width]: 
Specify other corner point or [Area/Dimensions/Rotation]: @10,4

Command: 
Command: _.erase 1 found

Command: 
Command: 
Command: _rectang 
Specify first corner point or [Chamfer/Elevation/Fillet/Thickness/Width]: 
Specify other corner point or [Area/Dimensions/Rotation]: *Cancel*

Command: 
Command: 
Command: _rectang 
Specify first corner point or [Chamfer/Elevation/Fillet/Thickness/Width]: 
Specify other corner point or [Area/Dimensions/Rotation]: @5,5

Command: Specify opposite corner or [Fence/WPolygon/CPolygon]: 
Command: _.erase 1 found

Command: 
Command: 
Command: _rectang 
Specify first corner point or [Chamfer/Elevation/Fillet/Thickness/Width]: 
Specify other corner point or [Area/Dimensions/Rotation]: @15,5

Command: 
Command: 
Command: _line 
Specify first point: *Cancel*

Command: 
Command: _offset 
Current settings: Erase source=No  Layer=Source  OFFSETGAPTYPE=0
Specify offset distance or [Through/Erase/Layer] <2.000>: *Cancel*

Command: Specify opposite corner or [Fence/WPolygon/CPolygon]: 
Command: 
Command: 
Command: _explode 1 found

Command: 
Command: 
Command: _offset 
Current settings: Erase source=No  Layer=Source  OFFSETGAPTYPE=0
Specify offset distance or [Through/Erase/Layer] <2.000>: 0.5

Select object to offset or [Exit/Undo] <Exit>: 
Specify point on side to offset or [Exit/Multiple/Undo] <Exit>: 
Select object to offset or [Exit/Undo] <Exit>: *Cancel*

Command: 
Command: _offset 
Current settings: Erase source=No  Layer=Source  OFFSETGAPTYPE=0
Specify offset distance or [Through/Erase/Layer] <0.500>: 2

Select object to offset or [Exit/Undo] <Exit>: 
Specify point on side to offset or [Exit/Multiple/Undo] <Exit>: 
Select object to offset or [Exit/Undo] <Exit>: 
Specify point on side to offset or [Exit/Multiple/Undo] <Exit>: *Cancel*

Command:  OFFSET

Current settings: Erase source=No  Layer=Source  OFFSETGAPTYPE=0
Specify offset distance or [Through/Erase/Layer] <2.000>: 1

Select object to offset or [Exit/Undo] <Exit>: 
Specify point on side to offset or [Exit/Multiple/Undo] <Exit>: 
Select object to offset or [Exit/Undo] <Exit>:  
Command:  OFFSET

Current settings: Erase source=No  Layer=Source  OFFSETGAPTYPE=0
Specify offset distance or [Through/Erase/Layer] <1.000>: 

Select object to offset or [Exit/Undo] <Exit>: 
Specify point on side to offset or [Exit/Multiple/Undo] <Exit>: 
Select object to offset or [Exit/Undo] <Exit>: _u 
Select object to offset or [Exit/Undo] <Exit>: _u 
Command has been completely undone.

Select object to offset or [Exit/Undo] <Exit>: 
Specify point on side to offset or [Exit/Multiple/Undo] <Exit>: *Cancel*

Command: Specify opposite corner or [Fence/WPolygon/CPolygon]: 
Command: _.erase 1 found

Command: Specify opposite corner or [Fence/WPolygon/CPolygon]: 
Automatic save to C:\Users\11903685\AppData\Local\Temp\logo_1_13222_82010030.sv$ ...

Command: 
Command: _.erase 2 found

Command: 
Command: 
Command: _offset 
Current settings: Erase source=No  Layer=Source  OFFSETGAPTYPE=0
Specify offset distance or [Through/Erase/Layer] <1.000>: 

Select object to offset or [Exit/Undo] <Exit>: 
Specify point on side to offset or [Exit/Multiple/Undo] <Exit>: 
Select object to offset or [Exit/Undo] <Exit>: 
Specify point on side to offset or [Exit/Multiple/Undo] <Exit>: 
Select object to offset or [Exit/Undo] <Exit>: 
Specify point on side to offset or [Exit/Multiple/Undo] <Exit>: 
Select object to offset or [Exit/Undo] <Exit>:  
Command:  OFFSET

Current settings: Erase source=No  Layer=Source  OFFSETGAPTYPE=0
Specify offset distance or [Through/Erase/Layer] <1.000>: 2

Select object to offset or [Exit/Undo] <Exit>: 
Specify point on side to offset or [Exit/Multiple/Undo] <Exit>: 
Select object to offset or [Exit/Undo] <Exit>: *Cancel*

Command: Specify opposite corner or [Fence/WPolygon/CPolygon]: 
Command: 
Command: 
Command: _trim 
Current settings: Projection=UCS, Edge=None, Mode=Quick
Select object to trim or shift-select to extend or
 [cuTting edges/Crossing/mOde/Project/eRase]: 
Select object to trim or shift-select to extend or
 [cuTting edges/Crossing/mOde/Project/eRase/Undo]: 
Specify next fence point or [Undo]: 
Specify next fence point or [Undo]: 

Select object to trim or shift-select to extend or
 [cuTting edges/Crossing/mOde/Project/eRase/Undo]: 
Select object to trim or shift-select to extend or
 [cuTting edges/Crossing/mOde/Project/eRase/Undo]: 
Specify next fence point or [Undo]: 
Specify next fence point or [Undo]: 

Select object to trim or shift-select to extend or
 [cuTting edges/Crossing/mOde/Project/eRase/Undo]: 
Select object to trim or shift-select to extend or
 [cuTting edges/Crossing/mOde/Project/eRase/Undo]: 
Specify next fence point or [Undo]: 
Specify next fence point or [Undo]: 

Select object to trim or shift-select to extend or
 [cuTting edges/Crossing/mOde/Project/eRase/Undo]: 
Select object to trim or shift-select to extend or
 [cuTting edges/Crossing/mOde/Project/eRase/Undo]: 
Specify next fence point or [Undo]: 
Specify next fence point or [Undo]: 

Select object to trim or shift-select to extend or
 [cuTting edges/Crossing/mOde/Project/eRase/Undo]: 
Select object to trim or shift-select to extend or
 [cuTting edges/Crossing/mOde/Project/eRase/Undo]: 
Specify next fence point or [Undo]: 
Specify next fence point or [Undo]: 

Select object to trim or shift-select to extend or
 [cuTting edges/Crossing/mOde/Project/eRase/Undo]: *Cancel*

Command: 
Command: 
Command: _copy 
Select objects: Specify opposite corner: 4 found

Select objects: 

Current settings:  Copy mode = Multiple
Specify base point or [Displacement/mOde] <Displacement>: 
Specify second point or [Array] <use first point as displacement>: 3

Specify second point or [Array/Exit/Undo] <Exit>: _u 
Command has been completely undone.

Specify second point or [Array] <use first point as displacement>: A

Enter number of items to array: 4

Specify second point or [Fit]: 3

Specify second point or [Array/Exit/Undo] <Exit>: *Cancel*

Command: Specify opposite corner or [Fence/WPolygon/CPolygon]: 
Command: 
Command: 
Command: _join 20 found

20 objects converted to 5 polylines
Command: Specify opposite corner or [Fence/WPolygon/CPolygon]: 
Command: 
Command: 
Command: 
Command: _offset 
Current settings: Erase source=No  Layer=Source  OFFSETGAPTYPE=0
Specify offset distance or [Through/Erase/Layer] <2.000>: 1

Specify point on side to offset or [Exit/Multiple/Undo] <Exit>: 
Select object to offset or [Exit/Undo] <Exit>: 
Specify point on side to offset or [Exit/Multiple/Undo] <Exit>: 
Select object to offset or [Exit/Undo] <Exit>: 
Specify point on side to offset or [Exit/Multiple/Undo] <Exit>: *Cancel*

Command: Specify opposite corner or [Fence/WPolygon/CPolygon]: 
Command: 
Command: _.erase 1 found

Command: 
Command: 
Command: _dim 
Select objects or specify first extension line origin or [Angular/Baseline/Continue/Ordinate/aliGn/Distribute/Layer/Undo]:
Specify first extension line origin or [Angular/Baseline/Continue/Ordinate/aliGn/Distribute/Layer/Undo]:
Specify second extension line origin or [Undo]:
Command: 
Command: 
Command: _dim 
Select objects or specify first extension line origin or [Angular/Baseline/Continue/Ordinate/aliGn/Distribute/Layer/Undo]:
Specify first extension line origin or [Angular/Baseline/Continue/Ordinate/aliGn/Distribute/Layer/Undo]:
Specify second extension line origin or [Undo]:
Command: Specify opposite corner or [Fence/WPolygon/CPolygon]: 
Command: 
Command: 
Command: _explode 4 found

Command: 
Command: 
Command: _offset 
Current settings: Erase source=No  Layer=Source  OFFSETGAPTYPE=0
Specify offset distance or [Through/Erase/Layer] <1.000>: 

Select object to offset or [Exit/Undo] <Exit>: 
Specify point on side to offset or [Exit/Multiple/Undo] <Exit>: 
Select object to offset or [Exit/Undo] <Exit>: 
Specify point on side to offset or [Exit/Multiple/Undo] <Exit>: 
Select object to offset or [Exit/Undo] <Exit>:  
Command:  OFFSET

Current settings: Erase source=No  Layer=Source  OFFSETGAPTYPE=0
Specify offset distance or [Through/Erase/Layer] <1.000>: 0.5

Select object to offset or [Exit/Undo] <Exit>: 
Specify point on side to offset or [Exit/Multiple/Undo] <Exit>: 
Select object to offset or [Exit/Undo] <Exit>: 
Specify point on side to offset or [Exit/Multiple/Undo] <Exit>: 
Select object to offset or [Exit/Undo] <Exit>:  
Command: 
Command: _.erase 1 found

Command: 
Automatic save to C:\Users\11903685\AppData\Local\Temp\logo_1_13222_82010030.sv$ ...

Command: 
Command: Specify opposite corner or [Fence/WPolygon/CPolygon]: 
Command: _.erase 1 found

Command: _.erase 
Select objects: 1 found

Select objects: 1 found, 2 total

Select objects: *Cancel*

Command: Specify opposite corner or [Fence/WPolygon/CPolygon]: 
Command: 
Command: _.erase 1 found

Command: 
Command: _.erase 1 found

Command: 
Command: 
Command: _offset 
Current settings: Erase source=No  Layer=Source  OFFSETGAPTYPE=0
Specify offset distance or [Through/Erase/Layer] <0.500>: 

Select object to offset or [Exit/Undo] <Exit>: 
Specify point on side to offset or [Exit/Multiple/Undo] <Exit>: 
Select object to offset or [Exit/Undo] <Exit>: 
Specify point on side to offset or [Exit/Multiple/Undo] <Exit>: 
Select object to offset or [Exit/Undo] <Exit>:  
Command: Specify opposite corner or [Fence/WPolygon/CPolygon]: 
Command: *Cancel*

Command: 
Command: 
Command: _extend 
Current settings: Projection=UCS, Edge=None, Mode=Quick
Select object to extend or shift-select to trim or
 [Boundary edges/Crossing/mOde/Project]: 
Select object to extend or shift-select to trim or
 [Boundary edges/Crossing/mOde/Project/Undo]: 
Specify next fence point or [Undo]: 
Specify next fence point or [Undo]: 
Specify next fence point or [Undo]: *Cancel*

Command: 
Command: 
Command: 
Command: _extend 
Current settings: Projection=UCS, Edge=None, Mode=Quick
Select boundary edges ... 1 found

Select object to extend or shift-select to trim or
 [Boundary edges/Crossing/mOde/Project]: *Cancel*

Command: 
Command: 
Command: _extend 
Current settings: Projection=UCS, Edge=None, Mode=Quick
Select object to extend or shift-select to trim or
 [Boundary edges/Crossing/mOde/Project]: 

Select object to extend or shift-select to trim or
 [Boundary edges/Crossing/mOde/Project/Undo]: 

Select object to extend or shift-select to trim or
 [Boundary edges/Crossing/mOde/Project/Undo]: 

Select object to extend or shift-select to trim or
 [Boundary edges/Crossing/mOde/Project/Undo]: *Cancel*

Command: 
Command: 
Command: _extend 
Current settings: Projection=UCS, Edge=None, Mode=Quick
Select object to extend or shift-select to trim or
 [Boundary edges/Crossing/mOde/Project]: 

Select object to extend or shift-select to trim or
 [Boundary edges/Crossing/mOde/Project/Undo]: *Cancel*

Command: Specify opposite corner or [Fence/WPolygon/CPolygon]: 
Command: _.erase 1 found

Command: Specify opposite corner or [Fence/WPolygon/CPolygon]: 
Command: _.erase 1 found

Command: Specify opposite corner or [Fence/WPolygon/CPolygon]: 
Command: _.erase 12 found

Command: 
Command: 
Command: _dim 
Select objects or specify first extension line origin or [Angular/Baseline/Continue/Ordinate/aliGn/Distribute/Layer/Undo]:
Specify first extension line origin or [Angular/Baseline/Continue/Ordinate/aliGn/Distribute/Layer/Undo]:
Specify second extension line origin or [Undo]:
Command: Specify opposite corner or [Fence/WPolygon/CPolygon]: 
Command: 
Command: 
Command: _offset 
Current settings: Erase source=No  Layer=Source  OFFSETGAPTYPE=0
Specify offset distance or [Through/Erase/Layer] <0.500>: 1.4

Select object to offset or [Exit/Undo] <Exit>: 
Specify point on side to offset or [Exit/Multiple/Undo] <Exit>: 
Select object to offset or [Exit/Undo] <Exit>: *Cancel*

Command: Specify opposite corner or [Fence/WPolygon/CPolygon]: 
Command: 
Command: 
Command: 
Command: 
Command: _join 4 found

4 objects converted to 1 polyline
Command: 
Command: 
Command: _copy 
Select objects: *Cancel*

Command: 
Command: _move 
Select objects: Specify opposite corner: 1 found

Select objects: 

Specify base point or [Displacement] <Displacement>: 
Specify second point or <use first point as displacement>: 
Command:  MOVE

Select objects: Specify opposite corner: 1 found

Select objects: *Cancel*

Command: Specify opposite corner or [Fence/WPolygon/CPolygon]: 
Command: _.erase 1 found

Command: Specify opposite corner or [Fence/WPolygon/CPolygon]: 
Command: 
Command: 
Command: _copy 
Select objects: Specify opposite corner: 1 found

Select objects: 

Current settings:  Copy mode = Multiple
Specify base point or [Displacement/mOde] <Displacement>: 
Specify second point or [Array] <use first point as displacement>: A

Enter number of items to array: 4

Specify second point or [Fit]: 3.4

Specify second point or [Array/Exit/Undo] <Exit>: *Cancel*

Command: Specify opposite corner or [Fence/WPolygon/CPolygon]: 
Command: 
Command: 
Command: _explode 2 found

Command: 
Command: 
Command: _offset 
Current settings: Erase source=No  Layer=Source  OFFSETGAPTYPE=0
Specify offset distance or [Through/Erase/Layer] <1.400>: 2

Select object to offset or [Exit/Undo] <Exit>: 
Select object to offset or [Exit/Undo] <Exit>: 
Specify point on side to offset or [Exit/Multiple/Undo] <Exit>: 
Select object to offset or [Exit/Undo] <Exit>: *Cancel*

Command: 
Command: 
Command: _dim 
Select objects or specify first extension line origin or [Angular/Baseline/Continue/Ordinate/aliGn/Distribute/Layer/Undo]:
Specify first extension line origin or [Angular/Baseline/Continue/Ordinate/aliGn/Distribute/Layer/Undo]:
Specify second extension line origin or [Undo]:
Command: 
Command: 
Command: _line 
Specify first point: 
Specify next point or [Undo]: 
Specify next point or [Undo]:  
Command: 
Command: 
Command: _line 
Specify first point: 
Specify next point or [Undo]: *Cancel*

Command: 
Command: 
Command: _offset 
Current settings: Erase source=No  Layer=Source  OFFSETGAPTYPE=0
Specify offset distance or [Through/Erase/Layer] <2.000>: 1.5

Select object to offset or [Exit/Undo] <Exit>: 
Specify point on side to offset or [Exit/Multiple/Undo] <Exit>: 
Select object to offset or [Exit/Undo] <Exit>: 
Specify point on side to offset or [Exit/Multiple/Undo] <Exit>: 
Select object to offset or [Exit/Undo] <Exit>: *Cancel*

Command: 
Command: 
Command: _trim 
Current settings: Projection=UCS, Edge=None, Mode=Quick
Select object to trim or shift-select to extend or
 [cuTting edges/Crossing/mOde/Project/eRase]: 
Select object to trim or shift-select to extend or
 [cuTting edges/Crossing/mOde/Project/eRase/Undo]: 
Specify next fence point or [Undo]: 
Specify next fence point or [Undo]: 

Select object to trim or shift-select to extend or
 [cuTting edges/Crossing/mOde/Project/eRase/Undo]: 
Select object to trim or shift-select to extend or
 [cuTting edges/Crossing/mOde/Project/eRase/Undo]: 
Specify next fence point or [Undo]: 
Specify next fence point or [Undo]: 
Specify next fence point or [Undo]: 
Specify next fence point or [Undo]: 

Select object to trim or shift-select to extend or
 [cuTting edges/Crossing/mOde/Project/eRase/Undo]: 
Select object to trim or shift-select to extend or
 [cuTting edges/Crossing/mOde/Project/eRase/Undo]: 
Specify next fence point or [Undo]: 
Specify next fence point or [Undo]: 
Specify next fence point or [Undo]: 
Specify next fence point or [Undo]: 

Select object to trim or shift-select to extend or
 [cuTting edges/Crossing/mOde/Project/eRase/Undo]: 
Select object to trim or shift-select to extend or
 [cuTting edges/Crossing/mOde/Project/eRase/Undo]: 
Specify next fence point or [Undo]: 
Specify next fence point or [Undo]: 
Specify next fence point or [Undo]: 
Specify next fence point or [Undo]: 
Select object to trim or shift-select to extend or
 [cuTting edges/Crossing/mOde/Project/eRase/Undo]: *Cancel*

Command: 
Command: 
Command: _trim 
Current settings: Projection=UCS, Edge=None, Mode=Quick
Select object to trim or shift-select to extend or
 [cuTting edges/Crossing/mOde/Project/eRase]: 
Select object to trim or shift-select to extend or
 [cuTting edges/Crossing/mOde/Project/eRase/Undo]: 
Specify next fence point or [Undo]: 
Specify next fence point or [Undo]: 
Specify next fence point or [Undo]: 
Specify next fence point or [Undo]: 

Select object to trim or shift-select to extend or
 [cuTting edges/Crossing/mOde/Project/eRase/Undo]: *Cancel*

Command: 
Command: _qsave 
Command: 
Command: 
Command: _offset 
Current settings: Erase source=No  Layer=Source  OFFSETGAPTYPE=0
Specify offset distance or [Through/Erase/Layer] <1.500>: 2

Select object to offset or [Exit/Undo] <Exit>: 
Specify point on side to offset or [Exit/Multiple/Undo] <Exit>: 
Select object to offset or [Exit/Undo] <Exit>: 
Specify point on side to offset or [Exit/Multiple/Undo] <Exit>: 
Select object to offset or [Exit/Undo] <Exit>: *Cancel*

Command: 
Command: _extend 
Current settings: Projection=UCS, Edge=None, Mode=Quick
Select object to extend or shift-select to trim or
 [Boundary edges/Crossing/mOde/Project]: 

Select object to extend or shift-select to trim or
 [Boundary edges/Crossing/mOde/Project/Undo]: 

Select object to extend or shift-select to trim or
 [Boundary edges/Crossing/mOde/Project/Undo]: *Cancel*

Command: Specify opposite corner or [Fence/WPolygon/CPolygon]: 
Command: 
Command: 
Command: _copy 16 found

Current settings:  Copy mode = Multiple
Specify base point or [Displacement/mOde] <Displacement>: 
Specify second point or [Array] <use first point as displacement>: 
Specify second point or [Array/Exit/Undo] <Exit>: *Cancel*

Command: Specify opposite corner or [Fence/WPolygon/CPolygon]: _u 
Invalid window specification.
Specify opposite corner or [Fence/WPolygon/CPolygon]: Specify opposite corner or [Fence/WPolygon/CPolygon]: _u 
Invalid window specification.
Specify opposite corner or [Fence/WPolygon/CPolygon]: Specify opposite corner or [Fence/WPolygon/CPolygon]: *Cancel*

Command: _u COPY GROUP 
Command: Specify opposite corner or [Fence/WPolygon/CPolygon]: 
Command: 
Command: 
Command: _copy 16 found

Current settings:  Copy mode = Multiple
Specify base point or [Displacement/mOde] <Displacement>: 
Specify second point or [Array] <use first point as displacement>: 
Specify second point or [Array/Exit/Undo] <Exit>: *Cancel*

Command: Specify opposite corner or [Fence/WPolygon/CPolygon]: 
Command: _.erase 1 found

Command: Specify opposite corner or [Fence/WPolygon/CPolygon]: 
Command: _.erase 1 found

Command: Specify opposite corner or [Fence/WPolygon/CPolygon]: 
Command: 
Command: 
Command: _move 13 found

Specify base point or [Displacement] <Displacement>: 
Specify second point or <use first point as displacement>: 
Command: *Cancel*

Command: 
Command: 
Command: _dim 
Select objects or specify first extension line origin or [Angular/Baseline/Continue/Ordinate/aliGn/Distribute/Layer/Undo]:
Specify first extension line origin or [Angular/Baseline/Continue/Ordinate/aliGn/Distribute/Layer/Undo]:
Specify second extension line origin or [Undo]:
Specify dimension line location or second line for angle [Mtext/Text/text aNgle/Undo]:
Select objects or specify first extension line origin or [Angular/Baseline/Continue/Ordinate/aliGn/Distribute/Layer/Undo]:
Select objects or specify first extension line origin or [Angular/Baseline/Continue/Ordinate/aliGn/Distribute/Layer/Undo]:

Command:  DIM

Select objects or specify first extension line origin or [Angular/Baseline/Continue/Ordinate/aliGn/Distribute/Layer/Undo]:
Select objects or specify first extension line origin or [Angular/Baseline/Continue/Ordinate/aliGn/Distribute/Layer/Undo]:
Specify second extension line origin or [Undo]:
Command: Specify opposite corner or [Fence/WPolygon/CPolygon]: 
Command: _.erase 1 found

Command: 
Command: 
Command: _text 
Current text style:  "A3NCAD Technic"  Text height:  3102.842  Annotative:  No  Justify:  Left
Specify start point of text or [Justify/Style]: 
Specify height <3102.842>: 5

Specify rotation angle of text <0.00>: 
Command: 
Automatic save to C:\Users\11903685\AppData\Local\Temp\logo_1_4263_ae2623fb.sv$ ...

Command: 
Command: 
Command: 
Command: Specify opposite corner or [Fence/WPolygon/CPolygon]: 
Command: *Cancel*

Command: Specify opposite corner or [Fence/WPolygon/CPolygon]: 
Command: 
Command: 
Command: _move 1 found

Specify base point or [Displacement] <Displacement>: 
Specify second point or <use first point as displacement>: 
Command: *Cancel*

Command: 
Command: 
Command: _line 
Specify first point: 
Specify next point or [Undo]: 
Specify next point or [Undo]:  
Command: 
Command: 
Command: _offset 
Current settings: Erase source=No  Layer=Source  OFFSETGAPTYPE=0
Specify offset distance or [Through/Erase/Layer] <2.000>: *Cancel*

Command: 
Command: _offset 
Current settings: Erase source=No  Layer=Source  OFFSETGAPTYPE=0
Specify offset distance or [Through/Erase/Layer] <2.000>: 5

Select object to offset or [Exit/Undo] <Exit>: 
Specify point on side to offset or [Exit/Multiple/Undo] <Exit>: 
Select object to offset or [Exit/Undo] <Exit>: *Cancel*

Command: Specify opposite corner or [Fence/WPolygon/CPolygon]: 
Command: 
Command: 
Command: _move 1 found

Specify base point or [Displacement] <Displacement>: 
Specify second point or <use first point as displacement>: 
Command: *Cancel*

Command: Specify opposite corner or [Fence/WPolygon/CPolygon]: *Cancel*

Command: _u INTELLIZOOM 
Command: _u MOVE GROUP 
Command: Specify opposite corner or [Fence/WPolygon/CPolygon]: 
Command: Specify opposite corner or [Fence/WPolygon/CPolygon]: 
Command: 
Command: 
Command: _copy 1 found

Current settings:  Copy mode = Multiple
Specify base point or [Displacement/mOde] <Displacement>: *Cancel*

Command: 
Command: 
 
** STRETCH **
Specify stretch point or [Base point/Copy/Undo/eXit]: 
Command: *Cancel*

Command: Specify opposite corner or [Fence/WPolygon/CPolygon]: 
Command: _.erase 2 found

Command: 
Command: 
Command: _qsave 
Command: 
Command: 
Command: _dim 
Select objects or specify first extension line origin or [Angular/Baseline/Continue/Ordinate/aliGn/Distribute/Layer/Undo]:
Select objects or specify first extension line origin or [Angular/Baseline/Continue/Ordinate/aliGn/Distribute/Layer/Undo]:
Command: 
Command: 
Command: _dim 
Select objects or specify first extension line origin or [Angular/Baseline/Continue/Ordinate/aliGn/Distribute/Layer/Undo]:
Specify first extension line origin or [Angular/Baseline/Continue/Ordinate/aliGn/Distribute/Layer/Undo]:
Specify second extension line origin or [Undo]:

Command:  DIM

Select objects or specify first extension line origin or [Angular/Baseline/Continue/Ordinate/aliGn/Distribute/Layer/Undo]:
Select objects or specify first extension line origin or [Angular/Baseline/Continue/Ordinate/aliGn/Distribute/Layer/Undo]:
Command: 
Command: _dim 
Select objects or specify first extension line origin or [Angular/Baseline/Continue/Ordinate/aliGn/Distribute/Layer/Undo]:
Specify first extension line origin or [Angular/Baseline/Continue/Ordinate/aliGn/Distribute/Layer/Undo]:
Specify second extension line origin or [Undo]:
Specify dimension line location or second line for angle [Mtext/Text/text aNgle/Undo]:
Select objects or specify first extension line origin or [Angular/Baseline/Continue/Ordinate/aliGn/Distribute/Layer/Undo]:
Select objects or specify first extension line origin or [Angular/Baseline/Continue/Ordinate/aliGn/Distribute/Layer/Undo]:

Command: 
Command: 
Command: _dim 
Select objects or specify first extension line origin or [Angular/Baseline/Continue/Ordinate/aliGn/Distribute/Layer/Undo]:
Specify first extension line origin or [Angular/Baseline/Continue/Ordinate/aliGn/Distribute/Layer/Undo]:
Specify second extension line origin or [Undo]:
Specify dimension line location or second line for angle [Mtext/Text/text aNgle/Undo]:
Select objects or specify first extension line origin or [Angular/Baseline/Continue/Ordinate/aliGn/Distribute/Layer/Undo]:
Specify first extension line origin or [Angular/Baseline/Continue/Ordinate/aliGn/Distribute/Layer/Undo]:

Command: 
Command: 
Command: _offset 
Current settings: Erase source=No  Layer=Source  OFFSETGAPTYPE=0
Specify offset distance or [Through/Erase/Layer] <5.000>: 17

Select object to offset or [Exit/Undo] <Exit>: 
Specify point on side to offset or [Exit/Multiple/Undo] <Exit>: 
Select object to offset or [Exit/Undo] <Exit>: 
Specify point on side to offset or [Exit/Multiple/Undo] <Exit>: 
Select object to offset or [Exit/Undo] <Exit>: *Cancel*

Command: 
Command: _offset 
Current settings: Erase source=No  Layer=Source  OFFSETGAPTYPE=0
Specify offset distance or [Through/Erase/Layer] <17.000>: 5

Select object to offset or [Exit/Undo] <Exit>: 
Specify point on side to offset or [Exit/Multiple/Undo] <Exit>: 
Select object to offset or [Exit/Undo] <Exit>: 
Specify point on side to offset or [Exit/Multiple/Undo] <Exit>: 
Select object to offset or [Exit/Undo] <Exit>: 
Specify point on side to offset or [Exit/Multiple/Undo] <Exit>: 
Select object to offset or [Exit/Undo] <Exit>: *Cancel*

Command: Specify opposite corner or [Fence/WPolygon/CPolygon]: 
Command: _.erase 1 found

Command: Specify opposite corner or [Fence/WPolygon/CPolygon]: 
Command: _.erase 1 found

Command: 
Command: 
Command: _trim 
Current settings: Projection=UCS, Edge=None, Mode=Quick
Select object to trim or shift-select to extend or
 [cuTting edges/Crossing/mOde/Project/eRase]: 
Select object to trim or shift-select to extend or
 [cuTting edges/Crossing/mOde/Project/eRase/Undo]: 
Specify next fence point or [Undo]: 
Specify next fence point or [Undo]: 
Specify next fence point or [Undo]: 
Specify next fence point or [Undo]: 

Select object to trim or shift-select to extend or
 [cuTting edges/Crossing/mOde/Project/eRase/Undo]: 
Select object to trim or shift-select to extend or
 [cuTting edges/Crossing/mOde/Project/eRase/Undo]: 
Specify next fence point or [Undo]: 
Specify next fence point or [Undo]: 
Specify next fence point or [Undo]: 
Specify next fence point or [Undo]: 

Select object to trim or shift-select to extend or
 [cuTting edges/Crossing/mOde/Project/eRase/Undo]: 
Select object to trim or shift-select to extend or
 [cuTting edges/Crossing/mOde/Project/eRase/Undo]: 
Specify next fence point or [Undo]: 
Specify next fence point or [Undo]: 
Specify next fence point or [Undo]: 
Specify next fence point or [Undo]: 

Select object to trim or shift-select to extend or
 [cuTting edges/Crossing/mOde/Project/eRase/Undo]: 
Select object to trim or shift-select to extend or
 [cuTting edges/Crossing/mOde/Project/eRase/Undo]: 
Specify next fence point or [Undo]: 
Specify next fence point or [Undo]: 
Specify next fence point or [Undo]: 
Specify next fence point or [Undo]: 

Select object to trim or shift-select to extend or
 [cuTting edges/Crossing/mOde/Project/eRase/Undo]: 
Select object to trim or shift-select to extend or
 [cuTting edges/Crossing/mOde/Project/eRase/Undo]: 
Specify next fence point or [Undo]: 
Specify next fence point or [Undo]: 
Specify next fence point or [Undo]: 
Specify next fence point or [Undo]: 

Select object to trim or shift-select to extend or
 [cuTting edges/Crossing/mOde/Project/eRase/Undo]: 
Select object to trim or shift-select to extend or
 [cuTting edges/Crossing/mOde/Project/eRase/Undo]: 
Specify next fence point or [Undo]: 
Specify next fence point or [Undo]: 
Specify next fence point or [Undo]: 
Specify next fence point or [Undo]: 

Select object to trim or shift-select to extend or
 [cuTting edges/Crossing/mOde/Project/eRase/Undo]: 
Select object to trim or shift-select to extend or
 [cuTting edges/Crossing/mOde/Project/eRase/Undo]: 
Specify next fence point or [Undo]: 
Specify next fence point or [Undo]: 
Specify next fence point or [Undo]: 
Specify next fence point or [Undo]: 

Select object to trim or shift-select to extend or
 [cuTting edges/Crossing/mOde/Project/eRase/Undo]: 
Select object to trim or shift-select to extend or
 [cuTting edges/Crossing/mOde/Project/eRase/Undo]: 
Specify next fence point or [Undo]: 
Specify next fence point or [Undo]: 
Specify next fence point or [Undo]: 
Specify next fence point or [Undo]: 

Select object to trim or shift-select to extend or
 [cuTting edges/Crossing/mOde/Project/eRase/Undo]: 
Select object to trim or shift-select to extend or
 [cuTting edges/Crossing/mOde/Project/eRase/Undo]: 
Specify next fence point or [Undo]: 
Specify next fence point or [Undo]: 
Specify next fence point or [Undo]: 
Specify next fence point or [Undo]: 

Select object to trim or shift-select to extend or
 [cuTting edges/Crossing/mOde/Project/eRase/Undo]: *Cancel*

Command: 
Command: _.erase 1 found

Command: 
Command: 
Command: _offset 
Current settings: Erase source=No  Layer=Source  OFFSETGAPTYPE=0
Specify offset distance or [Through/Erase/Layer] <5.000>: 10

Select object to offset or [Exit/Undo] <Exit>: 
Select object to offset or [Exit/Undo] <Exit>: 
Specify point on side to offset or [Exit/Multiple/Undo] <Exit>: *Cancel*

Command:  OFFSET

Current settings: Erase source=No  Layer=Source  OFFSETGAPTYPE=0
Specify offset distance or [Through/Erase/Layer] <10.000>: 5

Select object to offset or [Exit/Undo] <Exit>: 
Specify point on side to offset or [Exit/Multiple/Undo] <Exit>: 
Select object to offset or [Exit/Undo] <Exit>: 
Specify point on side to offset or [Exit/Multiple/Undo] <Exit>: *Cancel*

Command:  OFFSET

Current settings: Erase source=No  Layer=Source  OFFSETGAPTYPE=0
Specify offset distance or [Through/Erase/Layer] <5.000>: 10

Select object to offset or [Exit/Undo] <Exit>: 
Specify point on side to offset or [Exit/Multiple/Undo] <Exit>: 
Select object to offset or [Exit/Undo] <Exit>:  
Command: Specify opposite corner or [Fence/WPolygon/CPolygon]: 
Command: Specify opposite corner or [Fence/WPolygon/CPolygon]: 
Command: _.erase 1 found

Command: 
Command: 
Command: _trim 
Current settings: Projection=UCS, Edge=None, Mode=Quick
Select object to trim or shift-select to extend or
 [cuTting edges/Crossing/mOde/Project/eRase]: *Cancel*

Command: 
Command: _trim 
Current settings: Projection=UCS, Edge=None, Mode=Quick
Select object to trim or shift-select to extend or
 [cuTting edges/Crossing/mOde/Project/eRase]: 

Select object to trim or shift-select to extend or
 [cuTting edges/Crossing/mOde/Project/eRase/Undo]: 

Select object to trim or shift-select to extend or
 [cuTting edges/Crossing/mOde/Project/eRase/Undo]: *Cancel*

Command: Specify opposite corner or [Fence/WPolygon/CPolygon]: 
Command: _.erase 2 found

Command: 
Command: 
Command: _extend 
Current settings: Projection=UCS, Edge=None, Mode=Quick
Select object to extend or shift-select to trim or
 [Boundary edges/Crossing/mOde/Project]: 

Select object to extend or shift-select to trim or
 [Boundary edges/Crossing/mOde/Project/Undo]: 

Select object to extend or shift-select to trim or
 [Boundary edges/Crossing/mOde/Project/Undo]: *Cancel*

Automatic save to C:\Users\11903685\AppData\Local\Temp\logo_1_8890_68dce69d.sv$ ...

Command: 
Command: 
Command: 
Command: _qsave 
Command: 
Command: 
Command: _qsave 
Command: *Cancel*

Command: *Cancel*

Command: _quit 
Command: 
