[ AutoCAD - Thu May 06 11:51:44 2021  ]----------------------------------------
Loading AEC Base...
Loading AEC Base Extended...
Loading AEC Core...
Loading AEC Project Base...
Loading AEC Architectural Base...
Loading AEC Schedule...

Opening an AutoCAD 2018 format file.
Substituting [simplex.shx] for [Freehand575 BT].
Regenerating model.


AutoCAD menu utilities loaded.*Cancel*

Command: 

Autodesk DWG.  This file is a TrustedDWG last saved by an Autodesk application or Autodesk licensed application.

Command: 

Command: 
Command: 

Command: Specify opposite corner or [Fence/WPolygon/CPolygon]: 
Command: Specify opposite corner or [Fence/WPolygon/CPolygon]: 
Command: Specify opposite corner or [Fence/WPolygon/CPolygon]: 
Command: Specify opposite corner or [Fence/WPolygon/CPolygon]: 
Command: Specify opposite corner or [Fence/WPolygon/CPolygon]: *Cancel*

Command: *Cancel*

Command: 
Automatic save to C:\Users\11903685\AppData\Local\Temp\logo_1_8457_54e209d1.sv$ ...

Command: 
Command: *Cancel*

Command: *Cancel*

Command: _quit 
Command: 
