[ AutoCAD - Sun May 09 11:31:18 2021  ]----------------------------------------

Opening an AutoCAD 2018 format file.
Substituting [simplex.shx] for [Freehand575 BT].
Regenerating model.


AutoCAD menu utilities loaded.*Cancel*

Command: 

Autodesk DWG.  This file is a TrustedDWG last saved by an Autodesk application or Autodesk licensed application.

Command: 

Command: 
Command: 

Crossing Lasso  Press Spacebar to cycle options
Command: 
Command: Specify opposite corner or [Fence/WPolygon/CPolygon]: 
Command: Specify opposite corner or [Fence/WPolygon/CPolygon]: 
Command: Specify opposite corner or [Fence/WPolygon/CPolygon]: 
Command: *Cancel*

Command:  
Enter new value for WSCURRENT <"3D Modeling">: 

Command: 
WSCURRENT

Enter new value for WSCURRENT <"Drafting & Annotation">: *Cancel*

Command: 
Command: 
Command: _dim 
Select objects or specify first extension line origin or [Angular/Baseline/Continue/Ordinate/aliGn/Distribute/Layer/Undo]:
Specify first extension line origin or [Angular/Baseline/Continue/Ordinate/aliGn/Distribute/Layer/Undo]:
Specify second extension line origin or [Undo]:
Specify dimension line location or second line for angle [Mtext/Text/text aNgle/Undo]:
Select objects or specify first extension line origin or [Angular/Baseline/Continue/Ordinate/aliGn/Distribute/Layer/Undo]:
Specify first extension line origin or [Angular/Baseline/Continue/Ordinate/aliGn/Distribute/Layer/Undo]:
Specify second extension line origin or [Undo]:
Specify dimension line location or second line for angle [Mtext/Text/text aNgle/Undo]:
Automatic save to C:\Users\11903685\AppData\Local\Temp\logo_1_24545_ba087c41.sv$ ...

Command: 
Command: 
Command: 
Command: _dim 
Select objects or specify first extension line origin or [Angular/Baseline/Continue/Ordinate/aliGn/Distribute/Layer/Undo]:
Select objects or specify first extension line origin or [Angular/Baseline/Continue/Ordinate/aliGn/Distribute/Layer/Undo]: >>Tab Index <0>: 
Resuming DIM command.

Specify first extension line origin or [Angular/Baseline/Continue/Ordinate/aliGn/Distribute/Layer/Undo]:
Specify second extension line origin or [Undo]:
Command: Specify opposite corner or [Fence/WPolygon/CPolygon]: 
Command: _.erase 1 found

Command: 
Command: 
Command: _offset 
Current settings: Erase source=No  Layer=Source  OFFSETGAPTYPE=0
Specify offset distance or [Through/Erase/Layer] <Through>: 30

Select object to offset or [Exit/Undo] <Exit>: 
Specify point on side to offset or [Exit/Multiple/Undo] <Exit>: 
Select object to offset or [Exit/Undo] <Exit>: 
Specify point on side to offset or [Exit/Multiple/Undo] <Exit>: 
Select object to offset or [Exit/Undo] <Exit>: *Cancel*

Command: Specify opposite corner or [Fence/WPolygon/CPolygon]: 
Command: Specify opposite corner or [Fence/WPolygon/CPolygon]: 
Command: Specify opposite corner or [Fence/WPolygon/CPolygon]: 
Command: 
Command: 
Command: _offset 
Current settings: Erase source=No  Layer=Source  OFFSETGAPTYPE=0
Specify offset distance or [Through/Erase/Layer] <30.000>: 37

Select object to offset or [Exit/Undo] <Exit>: 
Specify point on side to offset or [Exit/Multiple/Undo] <Exit>: 
Select object to offset or [Exit/Undo] <Exit>: 
Specify point on side to offset or [Exit/Multiple/Undo] <Exit>: 
Select object to offset or [Exit/Undo] <Exit>: *Cancel*

Command: Specify opposite corner or [Fence/WPolygon/CPolygon]: 
Command: Specify opposite corner or [Fence/WPolygon/CPolygon]: 
Command: *Cancel*

Command: 
Command: 
Command: _circle 
Specify center point for circle or [3P/2P/Ttr (tan tan radius)]: 
Specify radius of circle or [Diameter]: *Cancel*

Command: 
Command: 
Command: _line 
Specify first point: 
Specify next point or [Undo]: 
Specify next point or [Undo]:  
Command:  LINE

Specify first point: 
Specify next point or [Undo]: 
Specify next point or [Undo]:  
Command:  LINE

Specify first point: *Cancel*

Command: 
Automatic save to C:\Users\11903685\AppData\Local\Temp\logo_1_24545_ba087c41.sv$ ...

Command: 
Command: *Cancel*

Command: *Cancel*

Command: Specify opposite corner or [Fence/WPolygon/CPolygon]: 
Command: _.erase 1 found

Command: Specify opposite corner or [Fence/WPolygon/CPolygon]: 
Command: _.erase 1 found

Command: *Cancel*

Command: 
Command: 
Command: _offset 
Current settings: Erase source=No  Layer=Source  OFFSETGAPTYPE=0
Specify offset distance or [Through/Erase/Layer] <37.000>: 18.5

Select object to offset or [Exit/Undo] <Exit>: 
Specify point on side to offset or [Exit/Multiple/Undo] <Exit>: 
Select object to offset or [Exit/Undo] <Exit>:  
Command:  OFFSET

Current settings: Erase source=No  Layer=Source  OFFSETGAPTYPE=0
Specify offset distance or [Through/Erase/Layer] <18.500>: 15

Select object to offset or [Exit/Undo] <Exit>: 
Specify point on side to offset or [Exit/Multiple/Undo] <Exit>: 
Select object to offset or [Exit/Undo] <Exit>:  
Command: *Cancel*

Command: 
Command: 
Command: _trim 
Current settings: Projection=UCS, Edge=None, Mode=Quick
Select object to trim or shift-select to extend or
 [cuTting edges/Crossing/mOde/Project/eRase]: 
Select object to trim or shift-select to extend or
 [cuTting edges/Crossing/mOde/Project/eRase/Undo]: 
Specify next fence point or [Undo]: 
Specify next fence point or [Undo]: 

Select object to trim or shift-select to extend or
 [cuTting edges/Crossing/mOde/Project/eRase/Undo]: 
Select object to trim or shift-select to extend or
 [cuTting edges/Crossing/mOde/Project/eRase/Undo]: 
Specify next fence point or [Undo]: 
Specify next fence point or [Undo]: 

Select object to trim or shift-select to extend or
 [cuTting edges/Crossing/mOde/Project/eRase/Undo]: *Cancel*

Command: *Cancel*

Command: 
Command: _.erase 1 found

Command: Specify opposite corner or [Fence/WPolygon/CPolygon]: 
Command: _.erase 1 found

Command: 
Command: 
Command: _circle 
Specify center point for circle or [3P/2P/Ttr (tan tan radius)]: 
Specify radius of circle or [Diameter]: 10

Command: 
Command: 
Command: _circle 
Specify center point for circle or [3P/2P/Ttr (tan tan radius)]: 
Specify radius of circle or [Diameter] <10.000>: 9

Command:  CIRCLE

Specify center point for circle or [3P/2P/Ttr (tan tan radius)]: 
Specify radius of circle or [Diameter] <9.000>: 7

Command:  CIRCLE

Specify center point for circle or [3P/2P/Ttr (tan tan radius)]: *Cancel*

Command: 
Command: 
Command: _line 
Specify first point: 
Specify next point or [Undo]: 
Specify next point or [Undo]: *Cancel*
*Cancel*

Command:  LINE

Specify first point: 
Specify next point or [Undo]: 
Specify next point or [Undo]:  
Command: Specify opposite corner or [Fence/WPolygon/CPolygon]: 
Command: _.erase 2 found

Command: Specify opposite corner or [Fence/WPolygon/CPolygon]: 
Command: _.erase 1 found

Command: Specify opposite corner or [Fence/WPolygon/CPolygon]: 
Command: _.erase 1 found

Command: Specify opposite corner or [Fence/WPolygon/CPolygon]: 
Command: 
Command: 
Command: _line 
Specify first point: *Cancel*

Command: 
Command: 
Command: _rectang 
Specify first corner point or [Chamfer/Elevation/Fillet/Thickness/Width]: 
Specify other corner point or [Area/Dimensions/Rotation]: *Cancel*

Command: 
Command: 
Command: _qsave 
Command: 
Command: 
Command: _rectang 
Specify first corner point or [Chamfer/Elevation/Fillet/Thickness/Width]: 
Specify other corner point or [Area/Dimensions/Rotation]: @10,5

Command: _u INTELLIZOOM 
Command: Specify opposite corner or [Fence/WPolygon/CPolygon]: 
Command: _.erase 1 found

Command: 
Command: 
Command: _rectang 
Specify first corner point or [Chamfer/Elevation/Fillet/Thickness/Width]: 
Specify other corner point or [Area/Dimensions/Rotation]: @20,10

Command: 
Command: 
Command: _line 
Specify first point: 
Specify next point or [Undo]: 
Specify next point or [Undo]:  
Command:  LINE

Specify first point: 
Specify next point or [Undo]: 
Specify next point or [Undo]:  
Command:  LINE

Specify first point: *Cancel*

Command: 
Command: 
Command: _offset 
Current settings: Erase source=No  Layer=Source  OFFSETGAPTYPE=0
Specify offset distance or [Through/Erase/Layer] <15.000>: 18.5

Select object to offset or [Exit/Undo] <Exit>: 
Specify point on side to offset or [Exit/Multiple/Undo] <Exit>: 
Select object to offset or [Exit/Undo] <Exit>: _u 
Select object to offset or [Exit/Undo] <Exit>: 
Specify point on side to offset or [Exit/Multiple/Undo] <Exit>: 
Select object to offset or [Exit/Undo] <Exit>:  
Command:  OFFSET

Current settings: Erase source=No  Layer=Source  OFFSETGAPTYPE=0
Specify offset distance or [Through/Erase/Layer] <18.500>: 15

Select object to offset or [Exit/Undo] <Exit>: 
Specify point on side to offset or [Exit/Multiple/Undo] <Exit>: 
Select object to offset or [Exit/Undo] <Exit>:  
Command: *Cancel*

Command: Specify opposite corner or [Fence/WPolygon/CPolygon]: 
Command: *Cancel*

Command: 
Command: 
Command: _move 
Select objects: Specify opposite corner: 3 found

Select objects: 

Specify base point or [Displacement] <Displacement>: 
Specify second point or <use first point as displacement>: 
Command: *Cancel*

Command: *Cancel*

Command: Specify opposite corner or [Fence/WPolygon/CPolygon]: 
Command: Specify opposite corner or [Fence/WPolygon/CPolygon]: 
Command: _.erase 1 found

Command: Specify opposite corner or [Fence/WPolygon/CPolygon]: 
Command: _.erase 1 found

Command: 
Command: 
Command: _line 
Specify first point: 
Specify next point or [Undo]: 
Specify next point or [Undo]: Zero length line created at (130.000, 192.500, 0.000)

Specify next point or [Close/Undo]: 
Specify next point or [Close/Undo]:  
Command: 
Command: 
Command: _fillet 
Current settings: Mode = TRIM, Radius = 1.000
Select first object or [Undo/Polyline/Radius/Trim/Multiple]: R
Specify fillet radius <1.000>: 5

Select first object or [Undo/Polyline/Radius/Trim/Multiple]: 
Select second object or shift-select to apply corner or [Radius]: *Cancel*

Command:  FILLET

Current settings: Mode = TRIM, Radius = 5.000
Select first object or [Undo/Polyline/Radius/Trim/Multiple]: R
Specify fillet radius <5.000>: 2

Select first object or [Undo/Polyline/Radius/Trim/Multiple]: 
Select second object or shift-select to apply corner or [Radius]: *Cancel*

Command:  FILLET

Current settings: Mode = TRIM, Radius = 2.000
Select first object or [Undo/Polyline/Radius/Trim/Multiple]: R
Specify fillet radius <2.000>: 10

Select first object or [Undo/Polyline/Radius/Trim/Multiple]: 
Select second object or shift-select to apply corner or [Radius]: *Cancel*

Command:  FILLET

Current settings: Mode = TRIM, Radius = 10.000
Select first object or [Undo/Polyline/Radius/Trim/Multiple]: *Cancel*

Command:  FILLET

Current settings: Mode = TRIM, Radius = 10.000
Select first object or [Undo/Polyline/Radius/Trim/Multiple]: R
Specify fillet radius <10.000>: 2.5

Select first object or [Undo/Polyline/Radius/Trim/Multiple]: 
Select second object or shift-select to apply corner or [Radius]: 
Command: *Cancel*

Command: 
Command: 
Command: _offset 
Current settings: Erase source=No  Layer=Source  OFFSETGAPTYPE=0
Specify offset distance or [Through/Erase/Layer] <15.000>: 5

Select object to offset or [Exit/Undo] <Exit>: 
Specify point on side to offset or [Exit/Multiple/Undo] <Exit>: *Cancel*

Automatic save to C:\Users\11903685\AppData\Local\Temp\logo_1_32408_11e3a3c2.sv$ ...

Command: 
Command:  OFFSET

Current settings: Erase source=No  Layer=Source  OFFSETGAPTYPE=0
Specify offset distance or [Through/Erase/Layer] <5.000>: 2.5

Select object to offset or [Exit/Undo] <Exit>: 
Specify point on side to offset or [Exit/Multiple/Undo] <Exit>: 
Select object to offset or [Exit/Undo] <Exit>:  
Command:  OFFSET

Current settings: Erase source=No  Layer=Source  OFFSETGAPTYPE=0
Specify offset distance or [Through/Erase/Layer] <2.500>: 

Select object to offset or [Exit/Undo] <Exit>: 
Specify point on side to offset or [Exit/Multiple/Undo] <Exit>: 
Select object to offset or [Exit/Undo] <Exit>:  
Command: 
Command: 
Command: _line 
Specify first point: 
Specify next point or [Undo]: 
Specify next point or [Undo]:  
Command:  LINE

Specify first point: 
Specify next point or [Undo]: 
Specify next point or [Undo]:  
Command: Specify opposite corner or [Fence/WPolygon/CPolygon]: 
Command: _.erase 1 found

Command: Specify opposite corner or [Fence/WPolygon/CPolygon]: 
Command: _.erase 1 found

Command: Specify opposite corner or [Fence/WPolygon/CPolygon]: 
Command: 
Command: 
Command: _fillet 
Current settings: Mode = TRIM, Radius = 2.500
Select first object or [Undo/Polyline/Radius/Trim/Multiple]: R
Specify fillet radius <2.500>: 1

Select first object or [Undo/Polyline/Radius/Trim/Multiple]: 
Select second object or shift-select to apply corner or [Radius]:  
Select second object or shift-select to apply corner or [Radius]:  
Select second object or shift-select to apply corner or [Radius]: *Cancel*

Command:  FILLET

Current settings: Mode = TRIM, Radius = 1.000
Select first object or [Undo/Polyline/Radius/Trim/Multiple]: R
Specify fillet radius <1.000>: 0.5

Select first object or [Undo/Polyline/Radius/Trim/Multiple]: 
Select second object or shift-select to apply corner or [Radius]: 
Command:  FILLET

Current settings: Mode = TRIM, Radius = 0.500
Select first object or [Undo/Polyline/Radius/Trim/Multiple]: 
Select second object or shift-select to apply corner or [Radius]: 
Command:  FILLET

Current settings: Mode = TRIM, Radius = 0.500
Select first object or [Undo/Polyline/Radius/Trim/Multiple]: 
Select second object or shift-select to apply corner or [Radius]: 
Command:  FILLET

Current settings: Mode = TRIM, Radius = 0.500
Select first object or [Undo/Polyline/Radius/Trim/Multiple]: 
Select second object or shift-select to apply corner or [Radius]: 
Command:  FILLET

Current settings: Mode = TRIM, Radius = 0.500
Select first object or [Undo/Polyline/Radius/Trim/Multiple]: *Cancel*

Command: 
Command: _trim 
Current settings: Projection=UCS, Edge=None, Mode=Quick
Select object to trim or shift-select to extend or
 [cuTting edges/Crossing/mOde/Project/eRase]: 
Select object to trim or shift-select to extend or
 [cuTting edges/Crossing/mOde/Project/eRase/Undo]: 
Specify next fence point or [Undo]: 
Specify next fence point or [Undo]: 

Select object to trim or shift-select to extend or
 [cuTting edges/Crossing/mOde/Project/eRase/Undo]: 
Select object to trim or shift-select to extend or
 [cuTting edges/Crossing/mOde/Project/eRase/Undo]: 
Specify next fence point or [Undo]: 
Specify next fence point or [Undo]: 

Select object to trim or shift-select to extend or
 [cuTting edges/Crossing/mOde/Project/eRase/Undo]: 
Select object to trim or shift-select to extend or
 [cuTting edges/Crossing/mOde/Project/eRase/Undo]: 
Specify next fence point or [Undo]: 
Specify next fence point or [Undo]: 
Select object to trim or shift-select to extend or
 [cuTting edges/Crossing/mOde/Project/eRase/Undo]: 
Select object to trim or shift-select to extend or
 [cuTting edges/Crossing/mOde/Project/eRase/Undo]: 
Specify next fence point or [Undo]: 
Specify next fence point or [Undo]: 
Specify next fence point or [Undo]: 
Specify next fence point or [Undo]: 

Select object to trim or shift-select to extend or
 [cuTting edges/Crossing/mOde/Project/eRase/Undo]: 
Select object to trim or shift-select to extend or
 [cuTting edges/Crossing/mOde/Project/eRase/Undo]: 
Specify next fence point or [Undo]: 
Specify next fence point or [Undo]: 
Specify next fence point or [Undo]: 
Specify next fence point or [Undo]: 

Select object to trim or shift-select to extend or
 [cuTting edges/Crossing/mOde/Project/eRase/Undo]: *Cancel*

Command: 
Command: 
Command: _offset 
Current settings: Erase source=No  Layer=Source  OFFSETGAPTYPE=0
Specify offset distance or [Through/Erase/Layer] <2.500>: 18.5

Select object to offset or [Exit/Undo] <Exit>: 
Specify point on side to offset or [Exit/Multiple/Undo] <Exit>: 
Select object to offset or [Exit/Undo] <Exit>: *Cancel*

Command: Specify opposite corner or [Fence/WPolygon/CPolygon]: 
Command: *Cancel*

Command: 
Command: 
Command: _rectang 
Specify first corner point or [Chamfer/Elevation/Fillet/Thickness/Width]: 
Specify other corner point or [Area/Dimensions/Rotation]: *Cancel*

Command: 
Command: 
Command: _rectang 
Specify first corner point or [Chamfer/Elevation/Fillet/Thickness/Width]: 
Specify other corner point or [Area/Dimensions/Rotation]: @15,20

Command: _u RECTANG GROUP 
Command: 
Command: 
Command: _rectang 
Specify first corner point or [Chamfer/Elevation/Fillet/Thickness/Width]: 
Specify other corner point or [Area/Dimensions/Rotation]: @20,15

Command: Specify opposite corner or [Fence/WPolygon/CPolygon]: 
Automatic save to C:\Users\11903685\AppData\Local\Temp\logo_1_32408_11e3a3c2.sv$ ...

Command: 
Command: 
Command: 
Command: _offset 
Current settings: Erase source=No  Layer=Source  OFFSETGAPTYPE=0
Specify offset distance or [Through/Erase/Layer] <18.500>: 5

Select object to offset or [Exit/Undo] <Exit>: 
Specify point on side to offset or [Exit/Multiple/Undo] <Exit>: *Cancel*

Command:  OFFSET

Current settings: Erase source=No  Layer=Source  OFFSETGAPTYPE=0
Specify offset distance or [Through/Erase/Layer] <5.000>: 5.000

Select object to offset or [Exit/Undo] <Exit>:  
Command:  OFFSET

Current settings: Erase source=No  Layer=Source  OFFSETGAPTYPE=0
Specify offset distance or [Through/Erase/Layer] <5.000>: 2

Select object to offset or [Exit/Undo] <Exit>: 
Specify point on side to offset or [Exit/Multiple/Undo] <Exit>: 
Select object to offset or [Exit/Undo] <Exit>: *Cancel*

Command: 
Command: _line 
Specify first point: 
Specify next point or [Undo]: 
Specify next point or [Undo]:  
Command:  LINE

Specify first point: 
Specify next point or [Undo]: 
Specify next point or [Undo]:  
Command: 
Command: 
Command: _move 
Select objects: Specify opposite corner: 4 found

Select objects:  
Specify base point or [Displacement] <Displacement>: 
Specify second point or <use first point as displacement>: 
Command:  MOVE

Select objects: *Cancel*

Command: Specify opposite corner or [Fence/WPolygon/CPolygon]: 
Command: _.erase 1 found

Command: Specify opposite corner or [Fence/WPolygon/CPolygon]: 
Command: _.erase 1 found

Command: Specify opposite corner or [Fence/WPolygon/CPolygon]: 
Command: 
Command: 
Command: _line 
Specify first point:  
Specify next point or [Undo]: *Cancel*

Command: 
Command: 
Command: _offset 
Current settings: Erase source=No  Layer=Source  OFFSETGAPTYPE=0
Specify offset distance or [Through/Erase/Layer] <2.000>: 5

Select object to offset or [Exit/Undo] <Exit>: 
Select object to offset or [Exit/Undo] <Exit>: *Cancel*

Command: *Cancel*

Command: Specify opposite corner or [Fence/WPolygon/CPolygon]: 
Command: 
Command: 
Command: _explode 1 found

Command: *Cancel*

Command: 
Command: 
Command: _offset 
Current settings: Erase source=No  Layer=Source  OFFSETGAPTYPE=0
Specify offset distance or [Through/Erase/Layer] <5.000>: 3

Select object to offset or [Exit/Undo] <Exit>: 
Specify point on side to offset or [Exit/Multiple/Undo] <Exit>: *Cancel*

Command: 3DO
3DORBIT Press ESC or ENTER to exit, or right-click to display shortcut-menu.
Regenerating model.

Command:  3DORBIT
Press ESC or ENTER to exit, or right-click to display shortcut-menu.
Regenerating model.

Command: 
Command: 
Command: _explode 
Select objects: *Cancel*

None found.
Command: 
Command: _offset 
Current settings: Erase source=No  Layer=Source  OFFSETGAPTYPE=0
Specify offset distance or [Through/Erase/Layer] <3.000>: 3

Select object to offset or [Exit/Undo] <Exit>: 
Specify point on side to offset or [Exit/Multiple/Undo] <Exit>: 
Select object to offset or [Exit/Undo] <Exit>:  
Command:  OFFSET

Current settings: Erase source=No  Layer=Source  OFFSETGAPTYPE=0
Specify offset distance or [Through/Erase/Layer] <3.000>: 5

Select object to offset or [Exit/Undo] <Exit>: 
Specify point on side to offset or [Exit/Multiple/Undo] <Exit>: 
Select object to offset or [Exit/Undo] <Exit>: *Cancel*

Command: 
Command: 
Command: _line 
Specify first point: *Cancel*

Command: 
Command: 
Command: _line 
Specify first point: *Cancel*

Command: 
Command: 
Command: _dim 
Select objects or specify first extension line origin or [Angular/Baseline/Continue/Ordinate/aliGn/Distribute/Layer/Undo]:
Specify first extension line origin or [Angular/Baseline/Continue/Ordinate/aliGn/Distribute/Layer/Undo]:
Specify second extension line origin or [Undo]:
Command: 
Command: 
Command: _line 
Specify first point: 
Specify next point or [Undo]: *Cancel*

Command: 
Command: 
Command: _offset 
Current settings: Erase source=No  Layer=Source  OFFSETGAPTYPE=0
Specify offset distance or [Through/Erase/Layer] <5.000>: 4

Select object to offset or [Exit/Undo] <Exit>: 
Specify point on side to offset or [Exit/Multiple/Undo] <Exit>: 
Select object to offset or [Exit/Undo] <Exit>:  
Command: 
Command: 
Command: _line 
Specify first point: *Cancel*

Command: 
Command: 
Command: _offset 
Current settings: Erase source=No  Layer=Source  OFFSETGAPTYPE=0
Specify offset distance or [Through/Erase/Layer] <4.000>: 3

Select object to offset or [Exit/Undo] <Exit>: 
Select object to offset or [Exit/Undo] <Exit>: 
Specify point on side to offset or [Exit/Multiple/Undo] <Exit>: 
Select object to offset or [Exit/Undo] <Exit>:  
Command: 
Command: 
Command: _line 
Specify first point: 
Specify next point or [Undo]: 
Specify next point or [Undo]: Zero length line created at (126.000, 158.000, 0.000)

Specify next point or [Close/Undo]: 
Specify next point or [Close/Undo]:  
Command: 
Automatic save to C:\Users\11903685\AppData\Local\Temp\logo_1_32408_11e3a3c2.sv$ ...

Command: 
Command:  LINE

Specify first point: 
Specify next point or [Undo]: *Cancel*

Command: *Cancel*

Command: *Cancel*

Command: 
Command: 
Command: _offset 
Current settings: Erase source=No  Layer=Source  OFFSETGAPTYPE=0
Specify offset distance or [Through/Erase/Layer] <3.000>: 4

Select object to offset or [Exit/Undo] <Exit>: 
Specify point on side to offset or [Exit/Multiple/Undo] <Exit>: 
Select object to offset or [Exit/Undo] <Exit>:  
Command: 
Command: 
Command: _line 
Specify first point: 
Specify next point or [Undo]: 
Specify next point or [Undo]: 
Specify next point or [Close/Undo]:  
Command: Specify opposite corner or [Fence/WPolygon/CPolygon]: 
Command: _.erase 1 found

Command: 
Command: 
Command: _circle 
Specify center point for circle or [3P/2P/Ttr (tan tan radius)]: 
Specify radius of circle or [Diameter] <7.000>: 1

Command: Specify opposite corner or [Fence/WPolygon/CPolygon]: 
Command: _.erase 1 found

Command: Specify opposite corner or [Fence/WPolygon/CPolygon]: 
Command: _.erase 1 found

Command: Specify opposite corner or [Fence/WPolygon/CPolygon]: 
Command: _.erase 1 found

Command: Specify opposite corner or [Fence/WPolygon/CPolygon]: 
Command: _.erase 1 found

Command: Specify opposite corner or [Fence/WPolygon/CPolygon]: 
Command: _.erase 1 found

Command: 
Command: 
Command: _chamfer 
(TRIM mode) Current chamfer Dist1 = 0.000, Dist2 = 0.000
Select first line or [Undo/Polyline/Distance/Angle/Trim/mEthod/Multiple]: A
Specify chamfer length on the first line <0.000>: 2
Specify chamfer angle from the first line <0.00>: 2

Select first line or [Undo/Polyline/Distance/Angle/Trim/mEthod/Multiple]: 
Select second line or shift-select to apply corner or [Distance/Angle/Method]: *Cancel*

Command: 
Command: 
Command: _chamfer 
(TRIM mode) Current chamfer Length = 2.000, Angle = 2.00
Select first line or [Undo/Polyline/Distance/Angle/Trim/mEthod/Multiple]: 
Select second line or shift-select to apply corner or [Distance/Angle/Method]: *Cancel*

Command: 
Command: 
Command: _chamfer 
(TRIM mode) Current chamfer Length = 2.000, Angle = 2.00
Select first line or [Undo/Polyline/Distance/Angle/Trim/mEthod/Multiple]: A
Specify chamfer length on the first line <2.000>: 45
Specify chamfer angle from the first line <2.00>: 45

Select first line or [Undo/Polyline/Distance/Angle/Trim/mEthod/Multiple]: 
Select second line or shift-select to apply corner or [Distance/Angle/Method]: *Cancel*

Command: *Cancel*

Command: 
Command: 
Command: _chamfer 
(TRIM mode) Current chamfer Length = 45.000, Angle = 45.00
Select first line or [Undo/Polyline/Distance/Angle/Trim/mEthod/Multiple]: D
Specify first chamfer distance <0.000>: 2
Specify second chamfer distance <2.000>: 2

Select first line or [Undo/Polyline/Distance/Angle/Trim/mEthod/Multiple]: 
Select second line or shift-select to apply corner or [Distance/Angle/Method]: 
Command: _u INTELLIZOOM 
Command: _u CHAMFER GROUP 
Command: 
Command: 
Command: _chamfer 
(TRIM mode) Current chamfer Length = 45.000, Angle = 45.00
Select first line or [Undo/Polyline/Distance/Angle/Trim/mEthod/Multiple]: D
Specify first chamfer distance <0.000>: 1
Specify second chamfer distance <1.000>: 1

Select first line or [Undo/Polyline/Distance/Angle/Trim/mEthod/Multiple]: 
Select second line or shift-select to apply corner or [Distance/Angle/Method]: 
Command:  CHAMFER

(TRIM mode) Current chamfer Dist1 = 1.000, Dist2 = 1.000
Select first line or [Undo/Polyline/Distance/Angle/Trim/mEthod/Multiple]: 
Select second line or shift-select to apply corner or [Distance/Angle/Method]: 
Command:  CHAMFER

(TRIM mode) Current chamfer Dist1 = 1.000, Dist2 = 1.000
Select first line or [Undo/Polyline/Distance/Angle/Trim/mEthod/Multiple]: 
Select second line or shift-select to apply corner or [Distance/Angle/Method]: 
Command:  CHAMFER

(TRIM mode) Current chamfer Dist1 = 1.000, Dist2 = 1.000
Select first line or [Undo/Polyline/Distance/Angle/Trim/mEthod/Multiple]: _u 
Command has been completely undone.

Select first line or [Undo/Polyline/Distance/Angle/Trim/mEthod/Multiple]: _u 
Command has been completely undone.

Select first line or [Undo/Polyline/Distance/Angle/Trim/mEthod/Multiple]: _u 
Command has been completely undone.

Select first line or [Undo/Polyline/Distance/Angle/Trim/mEthod/Multiple]: _u 
Command has been completely undone.

Select first line or [Undo/Polyline/Distance/Angle/Trim/mEthod/Multiple]: _u 
Command has been completely undone.

Select first line or [Undo/Polyline/Distance/Angle/Trim/mEthod/Multiple]: _u 
Command has been completely undone.

Select first line or [Undo/Polyline/Distance/Angle/Trim/mEthod/Multiple]: *Cancel*

Command: _u CHAMFER 
Command: _u CHAMFER 
Command: _u CHAMFER 
Command: _u CHAMFER GROUP 
Command: 
Command: 
Command: _chamfer 
(TRIM mode) Current chamfer Length = 45.000, Angle = 45.00
Select first line or [Undo/Polyline/Distance/Angle/Trim/mEthod/Multiple]: 
Select second line or shift-select to apply corner or [Distance/Angle/Method]: 
Chamfer distance is too large
*Invalid*

Command: *Cancel*

Command: 
Command: 
Command: _chamfer 
(TRIM mode) Current chamfer Length = 45.000, Angle = 45.00
Select first line or [Undo/Polyline/Distance/Angle/Trim/mEthod/Multiple]: D
Specify first chamfer distance <0.000>: 1
Specify second chamfer distance <1.000>: 1

Select first line or [Undo/Polyline/Distance/Angle/Trim/mEthod/Multiple]: 
Select second line or shift-select to apply corner or [Distance/Angle/Method]: 
Select second line or shift-select to apply corner or [Distance/Angle/Method]: 
Command:  CHAMFER

(TRIM mode) Current chamfer Dist1 = 1.000, Dist2 = 1.000
Select first line or [Undo/Polyline/Distance/Angle/Trim/mEthod/Multiple]: 
Select second line or shift-select to apply corner or [Distance/Angle/Method]: 
Command:  CHAMFER

(TRIM mode) Current chamfer Dist1 = 1.000, Dist2 = 1.000
Select first line or [Undo/Polyline/Distance/Angle/Trim/mEthod/Multiple]: 
Select second line or shift-select to apply corner or [Distance/Angle/Method]: 
Select second line or shift-select to apply corner or [Distance/Angle/Method]:  
Select second line or shift-select to apply corner or [Distance/Angle/Method]: 
Command:  CHAMFER

(TRIM mode) Current chamfer Dist1 = 1.000, Dist2 = 1.000
Select first line or [Undo/Polyline/Distance/Angle/Trim/mEthod/Multiple]: 
Select second line or shift-select to apply corner or [Distance/Angle/Method]: 
Command: *Cancel*

Command: Specify opposite corner or [Fence/WPolygon/CPolygon]: 
Command: _.erase 1 found

Command: 
Automatic save to C:\Users\11903685\AppData\Local\Temp\logo_1_32408_11e3a3c2.sv$ ...

Command: 
Command: 
Command: 
Command: _qsave 
Command: Specify opposite corner or [Fence/WPolygon/CPolygon]: 
Command: 
Command: 
Command: _circle 
Specify center point for circle or [3P/2P/Ttr (tan tan radius)]: 
Specify radius of circle or [Diameter] <1.000>: 10

Command: 
Command: 
Command: _polygon Enter number of sides <4>: 8

Specify center of polygon or [Edge]: 
Enter an option [Inscribed in circle/Circumscribed about circle] <I>: C

Specify radius of circle: *Cancel*

Command: 
Command: 
Command: _line 
Specify first point: 
Specify next point or [Undo]: 
Specify next point or [Undo]:  
Command: 
Command: 
Command: _line 
Specify first point: 
Specify next point or [Undo]: 1

Specify next point or [Undo]:  
Command: *Cancel*

Command: 
Command: _.erase 1 found

Command: 
Command: 
Command: _offset 
Current settings: Erase source=No  Layer=Source  OFFSETGAPTYPE=0
Specify offset distance or [Through/Erase/Layer] <4.000>: 1

Select object to offset or [Exit/Undo] <Exit>: 
Specify point on side to offset or [Exit/Multiple/Undo] <Exit>: 
Select object to offset or [Exit/Undo] <Exit>:  
Command:  OFFSET

Current settings: Erase source=No  Layer=Source  OFFSETGAPTYPE=0
Specify offset distance or [Through/Erase/Layer] <1.000>: 

Select object to offset or [Exit/Undo] <Exit>: 
Specify point on side to offset or [Exit/Multiple/Undo] <Exit>: 
Select object to offset or [Exit/Undo] <Exit>:  
Command:  OFFSET

Current settings: Erase source=No  Layer=Source  OFFSETGAPTYPE=0
Specify offset distance or [Through/Erase/Layer] <1.000>: *Cancel*

Command: 
Command: 
Command: _line 
Specify first point: *Cancel*

Command: 
Command: 
Command: _line 
Specify first point: *Cancel*

Command: 
Command: _line 
Specify first point: *Cancel*

Command: *Cancel*

Command: 
Command: 
Command: _line 
Specify first point: 
Specify next point or [Undo]: 
Specify next point or [Undo]:  
Command: *Cancel*

Command: 
Command: 
Command: _offset 
Current settings: Erase source=No  Layer=Source  OFFSETGAPTYPE=0
Specify offset distance or [Through/Erase/Layer] <1.000>: 10

Select object to offset or [Exit/Undo] <Exit>: 
Specify point on side to offset or [Exit/Multiple/Undo] <Exit>: 
Select object to offset or [Exit/Undo] <Exit>:  
Command: *Cancel*

Command: Specify opposite corner or [Fence/WPolygon/CPolygon]: 
Command: Specify opposite corner or [Fence/WPolygon/CPolygon]: *Cancel*

Command: *Cancel*

Command: 
Command: 
Command: _circle 
Specify center point for circle or [3P/2P/Ttr (tan tan radius)]: 
Specify radius of circle or [Diameter] <10.000>: 7.5

Command: _u INTELLIZOOM INTELLIZOOM 
Command: _u CIRCLE GROUP 
Command: 
Command: 
Command: _circle 
Specify center point for circle or [3P/2P/Ttr (tan tan radius)]: 
Specify radius of circle or [Diameter] <10.000>: 8

Command: 
Command: 
Command: _trim 
Current settings: Projection=UCS, Edge=None, Mode=Quick
Select object to trim or shift-select to extend or
 [cuTting edges/Crossing/mOde/Project/eRase]: 
Select object to trim or shift-select to extend or
 [cuTting edges/Crossing/mOde/Project/eRase/Undo]: 
Specify next fence point or [Undo]: 
Specify next fence point or [Undo]: 

Select object to trim or shift-select to extend or
 [cuTting edges/Crossing/mOde/Project/eRase/Undo]: 
Select object to trim or shift-select to extend or
 [cuTting edges/Crossing/mOde/Project/eRase/Undo]: 
Specify next fence point or [Undo]: 
Specify next fence point or [Undo]: 

Select object to trim or shift-select to extend or
 [cuTting edges/Crossing/mOde/Project/eRase/Undo]: *Cancel*

Automatic save to C:\Users\11903685\AppData\Local\Temp\logo_1_15707_dc727930.sv$ ...

Command: 
Command: Specify opposite corner or [Fence/WPolygon/CPolygon]: 
Command: _.erase 1 found

Command: Specify opposite corner or [Fence/WPolygon/CPolygon]: 
Command: _.erase 1 found

Command: 
Command: 
Command: _chamfer 
(TRIM mode) Current chamfer Dist1 = 1.000, Dist2 = 1.000
Select first line or [Undo/Polyline/Distance/Angle/Trim/mEthod/Multiple]: D
Specify first chamfer distance <1.000>: 0.25
Specify second chamfer distance <0.250>: 0.25

Select first line or [Undo/Polyline/Distance/Angle/Trim/mEthod/Multiple]: 
Select second line or shift-select to apply corner or [Distance/Angle/Method]: 
Command:  CHAMFER

(TRIM mode) Current chamfer Dist1 = 0.250, Dist2 = 0.250
Select first line or [Undo/Polyline/Distance/Angle/Trim/mEthod/Multiple]: 
Select second line or shift-select to apply corner or [Distance/Angle/Method]: 
Command: 
Command: 
Command: _fillet 
Current settings: Mode = TRIM, Radius = 0.500
Select first object or [Undo/Polyline/Radius/Trim/Multiple]: R
Specify fillet radius <0.500>: 1

Select first object or [Undo/Polyline/Radius/Trim/Multiple]: 
Select second object or shift-select to apply corner or [Radius]: 
Command:  FILLET

Current settings: Mode = TRIM, Radius = 1.000
Select first object or [Undo/Polyline/Radius/Trim/Multiple]: 
Select second object or shift-select to apply corner or [Radius]: 
Command:  FILLET

Current settings: Mode = TRIM, Radius = 1.000
Select first object or [Undo/Polyline/Radius/Trim/Multiple]:  
Command: 
Command: 
Command: _circle 
Specify center point for circle or [3P/2P/Ttr (tan tan radius)]: 
Specify radius of circle or [Diameter] <8.000>: 6

Command: 
Command: _.erase 1 found

Command: _u ERASE 
Command: Specify opposite corner or [Fence/WPolygon/CPolygon]: 
Command: 
Command: 
Command: _arraypolar 7 found

Type = Polar  Associative = Yes

Specify center point of array or [Base point/Axis of rotation]: 
Select grip to edit array or [ASsociative/Base point/Items/Angle between/Fill angle/ROWs/Levels/ROTate items/eXit]<eXit>:  
Select grip to edit array or [ASsociative/Base point/Items/Angle between/Fill angle/ROWs/Levels/ROTate items/eXit]<eXit>: 

Command: 
Command: 
Command: _trim 
Current settings: Projection=UCS, Edge=None, Mode=Quick
Select object to trim or shift-select to extend or
 [cuTting edges/Crossing/mOde/Project/eRase]: 
Select object to trim or shift-select to extend or
 [cuTting edges/Crossing/mOde/Project/eRase/Undo]: 
Specify next fence point or [Undo]: 
Specify next fence point or [Undo]: 
Specify next fence point or [Undo]: 
Specify next fence point or [Undo]: 

Select object to trim or shift-select to extend or
 [cuTting edges/Crossing/mOde/Project/eRase/Undo]: 
Select object to trim or shift-select to extend or
 [cuTting edges/Crossing/mOde/Project/eRase/Undo]: 
Specify next fence point or [Undo]: 
Specify next fence point or [Undo]: 
Specify next fence point or [Undo]: 
Specify next fence point or [Undo]: 

Select object to trim or shift-select to extend or
 [cuTting edges/Crossing/mOde/Project/eRase/Undo]: 
Select object to trim or shift-select to extend or
 [cuTting edges/Crossing/mOde/Project/eRase/Undo]: 
Specify next fence point or [Undo]: 
Specify next fence point or [Undo]: 
Specify next fence point or [Undo]: 
Specify next fence point or [Undo]: 

Select object to trim or shift-select to extend or
 [cuTting edges/Crossing/mOde/Project/eRase/Undo]: 
Select object to trim or shift-select to extend or
 [cuTting edges/Crossing/mOde/Project/eRase/Undo]: 
Specify next fence point or [Undo]: 
Specify next fence point or [Undo]: 
Specify next fence point or [Undo]: 
Specify next fence point or [Undo]: 

Select object to trim or shift-select to extend or
 [cuTting edges/Crossing/mOde/Project/eRase/Undo]: 
Select object to trim or shift-select to extend or
 [cuTting edges/Crossing/mOde/Project/eRase/Undo]: 
Specify next fence point or [Undo]: 
Specify next fence point or [Undo]: 
Specify next fence point or [Undo]: 
Specify next fence point or [Undo]: 

Select object to trim or shift-select to extend or
 [cuTting edges/Crossing/mOde/Project/eRase/Undo]: 
Select object to trim or shift-select to extend or
 [cuTting edges/Crossing/mOde/Project/eRase/Undo]: 
Specify next fence point or [Undo]: 
Specify next fence point or [Undo]: 
Specify next fence point or [Undo]: 
Specify next fence point or [Undo]: 

Select object to trim or shift-select to extend or
 [cuTting edges/Crossing/mOde/Project/eRase/Undo]: 
Select object to trim or shift-select to extend or
 [cuTting edges/Crossing/mOde/Project/eRase/Undo]: 
Specify next fence point or [Undo]: 
Specify next fence point or [Undo]: 
Specify next fence point or [Undo]: 
Specify next fence point or [Undo]: 

Select object to trim or shift-select to extend or
 [cuTting edges/Crossing/mOde/Project/eRase/Undo]: 
Select object to trim or shift-select to extend or
 [cuTting edges/Crossing/mOde/Project/eRase/Undo]: 
Specify next fence point or [Undo]: 
Specify next fence point or [Undo]: 
Specify next fence point or [Undo]: 
Specify next fence point or [Undo]: 

Select object to trim or shift-select to extend or
 [cuTting edges/Crossing/mOde/Project/eRase/Undo]: *Cancel*

Command: 
Command: 
Command: _circle 
Specify center point for circle or [3P/2P/Ttr (tan tan radius)]: 
Specify radius of circle or [Diameter] <6.000>: 3

Command: 
Command: 
Command: _circle 
Specify center point for circle or [3P/2P/Ttr (tan tan radius)]: 
Specify radius of circle or [Diameter] <3.000>: 2

Command: Specify opposite corner or [Fence/WPolygon/CPolygon]: 
Automatic save to C:\Users\11903685\AppData\Local\Temp\logo_1_15707_dc727930.sv$ ...

Command: 
Command: _.erase 2 found

Command: _u ERASE 
Command: 
Command: _.erase 1 found

Command: 
Command: 
Command: _circle 
Specify center point for circle or [3P/2P/Ttr (tan tan radius)]: 
Specify radius of circle or [Diameter] <2.000>: 5

Command: 
Command: _.erase 1 found

Crossing Lasso  Press Spacebar to cycle options
Command: Specify opposite corner or [Fence/WPolygon/CPolygon]: *Cancel*

Command: *Cancel*

Command: Specify opposite corner or [Fence/WPolygon/CPolygon]: 
Command: *Cancel*

Command: 
Command: 
Command: _offset 
Current settings: Erase source=No  Layer=Source  OFFSETGAPTYPE=0
Specify offset distance or [Through/Erase/Layer] <10.000>: 15

Select object to offset or [Exit/Undo] <Exit>: 
Specify point on side to offset or [Exit/Multiple/Undo] <Exit>: 
Select object to offset or [Exit/Undo] <Exit>: *Cancel*

Command: Specify opposite corner or [Fence/WPolygon/CPolygon]: 
Command: Specify opposite corner or [Fence/WPolygon/CPolygon]: 
Command: 
Command: 
Command: _move 11 found

Specify base point or [Displacement] <Displacement>: 
Specify second point or <use first point as displacement>: 
Command: *Cancel*

Command: *Cancel*

Command: 
Command: 
Command: _circle 
Specify center point for circle or [3P/2P/Ttr (tan tan radius)]: 
Specify radius of circle or [Diameter] <5.000>: 10

Command: 
Command: 
Command: _circle 
Specify center point for circle or [3P/2P/Ttr (tan tan radius)]: _2p Specify first end point of circle's diameter: 
Specify second end point of circle's diameter: *Cancel*

Command: 
Command: 
Command: _ellipse 
Specify axis endpoint of ellipse or [Arc/Center]: _c 
Specify center of ellipse: 
Specify endpoint of axis: 
Specify distance to other axis or [Rotation]: 4

Command: _u ELLIPSE GROUP 
Command: 
Command: 
Command: _ellipse 
Specify axis endpoint of ellipse or [Arc/Center]: _c 
Specify center of ellipse: 
Specify endpoint of axis: 
Specify distance to other axis or [Rotation]: 5

Command: 
Command: 
Command: _line 
Specify first point: 
Specify next point or [Undo]: 
Specify next point or [Undo]:  
Automatic save to C:\Users\11903685\AppData\Local\Temp\logo_1_15707_dc727930.sv$ ...

Command: 
Command:  LINE

Specify first point: 
Specify next point or [Undo]: 
Specify next point or [Undo]:  
Command: *Cancel*

Command: 
Command: 
Command: _offset 
Current settings: Erase source=No  Layer=Source  OFFSETGAPTYPE=0
Specify offset distance or [Through/Erase/Layer] <15.000>: 5

Select object to offset or [Exit/Undo] <Exit>: 
Specify point on side to offset or [Exit/Multiple/Undo] <Exit>: 
Select object to offset or [Exit/Undo] <Exit>: 
Specify point on side to offset or [Exit/Multiple/Undo] <Exit>: 
Select object to offset or [Exit/Undo] <Exit>: *Cancel*

Command: 
Command: 
Command: _offset 
Current settings: Erase source=No  Layer=Source  OFFSETGAPTYPE=0
Specify offset distance or [Through/Erase/Layer] <5.000>: 1

Select object to offset or [Exit/Undo] <Exit>: 
Specify point on side to offset or [Exit/Multiple/Undo] <Exit>: 
Select object to offset or [Exit/Undo] <Exit>: *Cancel*

Command: 
Command: _arc 
Specify start point of arc or [Center]: 
Specify second point of arc or [Center/End]: _c 
Specify center point of arc: 
Specify end point of arc (hold Ctrl to switch direction) or [Angle/chord Length]: *Cancel*

Command: 
Command: 
Command: _arc 
Specify start point of arc or [Center]: 
Specify second point of arc or [Center/End]: _c 
Specify center point of arc: 
Specify end point of arc (hold Ctrl to switch direction) or [Angle/chord Length]: _l 
Specify length of chord (hold Ctrl to switch direction): 
Command: _u ARC GROUP 
Command: 
Command: 
Command: _ellipse 
Specify axis endpoint of ellipse or [Arc/Center]: _c 
Specify center of ellipse: 
Specify endpoint of axis: 
Specify distance to other axis or [Rotation]: 
Command: *Cancel*

Command: 
Command: 
Command: _trim 
Current settings: Projection=UCS, Edge=None, Mode=Quick
Select object to trim or shift-select to extend or
 [cuTting edges/Crossing/mOde/Project/eRase]: 

Select object to trim or shift-select to extend or
 [cuTting edges/Crossing/mOde/Project/eRase/Undo]: 

Select object to trim or shift-select to extend or
 [cuTting edges/Crossing/mOde/Project/eRase/Undo]: *Cancel*

Command: Specify opposite corner or [Fence/WPolygon/CPolygon]: 
Command: _.erase 1 found

Command: Specify opposite corner or [Fence/WPolygon/CPolygon]: 
Command: 
Command: _.erase 1 found

Command: 
Command: _.erase 1 found

Command: Specify opposite corner or [Fence/WPolygon/CPolygon]: 
Command: 
Command: _.erase 1 found

Command: 
Command: 
Command: _mirror 
Select objects: Specify opposite corner: 1 found

Select objects: 
Specify first point of mirror line: 
Specify second point of mirror line: 
Erase source objects? [Yes/No] <No>: *Cancel*

Command: 
Command: 
Command: _mirror 
Select objects: Specify opposite corner: 1 found

Select objects: 
Specify first point of mirror line: 
Specify second point of mirror line: 
Erase source objects? [Yes/No] <No>: 

Command: Specify opposite corner or [Fence/WPolygon/CPolygon]: 
Command: *Cancel*

Command: 
Command: 
Command: _offset 
Current settings: Erase source=No  Layer=Source  OFFSETGAPTYPE=0
Specify offset distance or [Through/Erase/Layer] <1.000>: 18.5

Select object to offset or [Exit/Undo] <Exit>: 
Specify point on side to offset or [Exit/Multiple/Undo] <Exit>: 
Select object to offset or [Exit/Undo] <Exit>: 
Specify point on side to offset or [Exit/Multiple/Undo] <Exit>: 
Select object to offset or [Exit/Undo] <Exit>:  
Command:  OFFSET

Current settings: Erase source=No  Layer=Source  OFFSETGAPTYPE=0
Specify offset distance or [Through/Erase/Layer] <18.500>: 15

Select object to offset or [Exit/Undo] <Exit>: 
Specify point on side to offset or [Exit/Multiple/Undo] <Exit>: 
Select object to offset or [Exit/Undo] <Exit>:  
Command: *Cancel*

Command: *Cancel*

Command: Specify opposite corner or [Fence/WPolygon/CPolygon]: 
Command: 
Command: 
Command: _move 6 found

Specify base point or [Displacement] <Displacement>: 
Specify second point or <use first point as displacement>: 
Automatic save to C:\Users\11903685\AppData\Local\Temp\logo_1_15707_dc727930.sv$ ...

Command: 
Command: *Cancel*

Command: Specify opposite corner or [Fence/WPolygon/CPolygon]: *Cancel*

Command: 
Command: 
Command: _qsave 
Command: 
Command: 
Command: _rectang 
Specify first corner point or [Chamfer/Elevation/Fillet/Thickness/Width]: 
Specify other corner point or [Area/Dimensions/Rotation]: @20,10

Command: _u RECTANG GROUP 
Command: 
Command: 
Command: _rectang 
Specify first corner point or [Chamfer/Elevation/Fillet/Thickness/Width]: 
Specify other corner point or [Area/Dimensions/Rotation]: @10,20

Command: 
Command: 
Command: _offset 
Current settings: Erase source=No  Layer=Source  OFFSETGAPTYPE=0
Specify offset distance or [Through/Erase/Layer] <15.000>: 5

Select object to offset or [Exit/Undo] <Exit>: 
Specify point on side to offset or [Exit/Multiple/Undo] <Exit>: *Cancel*

Command: Specify opposite corner or [Fence/WPolygon/CPolygon]: 
Command: 
Command: 
Command: _explode 1 found

Command: 
EXPLODE

Select objects: *Cancel*

None found.
Command: 
Command: _offset 
Current settings: Erase source=No  Layer=Source  OFFSETGAPTYPE=0
Specify offset distance or [Through/Erase/Layer] <5.000>: *Cancel*

Command: Specify opposite corner or [Fence/WPolygon/CPolygon]: 
Command: _.erase 1 found

Command: 
Command: 
Command: _offset 
Current settings: Erase source=No  Layer=Source  OFFSETGAPTYPE=0
Specify offset distance or [Through/Erase/Layer] <5.000>: 5

Select object to offset or [Exit/Undo] <Exit>: 
Specify point on side to offset or [Exit/Multiple/Undo] <Exit>: 
Select object to offset or [Exit/Undo] <Exit>: 
Specify point on side to offset or [Exit/Multiple/Undo] <Exit>: 
Select object to offset or [Exit/Undo] <Exit>: 
Specify point on side to offset or [Exit/Multiple/Undo] <Exit>: 
Select object to offset or [Exit/Undo] <Exit>: *Cancel*

Command: 
Command: _line 
Specify first point: *Cancel*

Command: 
Command: 
Command: _fillet 
Current settings: Mode = TRIM, Radius = 1.000
Select first object or [Undo/Polyline/Radius/Trim/Multiple]: R
Specify fillet radius <1.000>: 4

Select first object or [Undo/Polyline/Radius/Trim/Multiple]: 
Select second object or shift-select to apply corner or [Radius]: 
Command:  FILLET

Current settings: Mode = TRIM, Radius = 4.000
Select first object or [Undo/Polyline/Radius/Trim/Multiple]: 
Select second object or shift-select to apply corner or [Radius]: 
Command: _u FILLET 
Command: _u FILLET GROUP 
Command: 
Command: 
Command: _fillet 
Current settings: Mode = TRIM, Radius = 1.000
Select first object or [Undo/Polyline/Radius/Trim/Multiple]: R
Specify fillet radius <1.000>: 5

Select first object or [Undo/Polyline/Radius/Trim/Multiple]: 
Select second object or shift-select to apply corner or [Radius]: 
Command:  FILLET

Current settings: Mode = TRIM, Radius = 5.000
Select first object or [Undo/Polyline/Radius/Trim/Multiple]: 
Select second object or shift-select to apply corner or [Radius]: 
Command: 
Command: 
Command: _fillet 
Current settings: Mode = TRIM, Radius = 5.000
Select first object or [Undo/Polyline/Radius/Trim/Multiple]: R
Specify fillet radius <5.000>: 2

Select first object or [Undo/Polyline/Radius/Trim/Multiple]: 
Select second object or shift-select to apply corner or [Radius]: 
Command:  FILLET

Current settings: Mode = TRIM, Radius = 2.000
Select first object or [Undo/Polyline/Radius/Trim/Multiple]: 
Select second object or shift-select to apply corner or [Radius]: 
Command: _u INTELLIZOOM INTELLIZOOM INTELLIZOOM 
Command: _u FILLET 
Command: _u FILLET GROUP 
Command: Specify opposite corner or [Fence/WPolygon/CPolygon]: 
Command: *Cancel*

Command: 
Command: 
Command: _offset 
Current settings: Erase source=No  Layer=Source  OFFSETGAPTYPE=0
Specify offset distance or [Through/Erase/Layer] <5.000>: 1

Select object to offset or [Exit/Undo] <Exit>: 
Specify point on side to offset or [Exit/Multiple/Undo] <Exit>: 
Select object to offset or [Exit/Undo] <Exit>: 
Specify point on side to offset or [Exit/Multiple/Undo] <Exit>: 
Select object to offset or [Exit/Undo] <Exit>: 
Specify point on side to offset or [Exit/Multiple/Undo] <Exit>: 
Select object to offset or [Exit/Undo] <Exit>: *Cancel*

Command: Specify opposite corner or [Fence/WPolygon/CPolygon]: 
Command: _.erase 1 found

Command: Specify opposite corner or [Fence/WPolygon/CPolygon]: 
Command: _.erase 2 found

Command: *Cancel*

Command: 
Command: 
Command: _fillet 
Current settings: Mode = TRIM, Radius = 5.000
Select first object or [Undo/Polyline/Radius/Trim/Multiple]: R
Specify fillet radius <5.000>: 1

Select first object or [Undo/Polyline/Radius/Trim/Multiple]: 
Select second object or shift-select to apply corner or [Radius]: 
Command: Specify opposite corner or [Fence/WPolygon/CPolygon]: 

Invalid window specification.
Specify opposite corner or [Fence/WPolygon/CPolygon]: Specify opposite corner or [Fence/WPolygon/CPolygon]: 

Invalid window specification.
Specify opposite corner or [Fence/WPolygon/CPolygon]: Specify opposite corner or [Fence/WPolygon/CPolygon]: *Cancel*

Command:  FILLET

Current settings: Mode = TRIM, Radius = 1.000
Select first object or [Undo/Polyline/Radius/Trim/Multiple]: 
Select second object or shift-select to apply corner or [Radius]: 
Select second object or shift-select to apply corner or [Radius]: 
Command: 
Command: 
Command: _line 
Specify first point: *Cancel*

Command: 
Command: 
Command: _line 
Specify first point: 
Specify next point or [Undo]: 
Specify next point or [Undo]:  
Command: 
Command: 
Command: _line 
Specify first point: 
Specify next point or [Undo]: *Cancel*

Command: 
Command: 
Command: _offset 
Current settings: Erase source=No  Layer=Source  OFFSETGAPTYPE=0
Specify offset distance or [Through/Erase/Layer] <1.000>: 2.5

Select object to offset or [Exit/Undo] <Exit>: 
Specify point on side to offset or [Exit/Multiple/Undo] <Exit>: 
Select object to offset or [Exit/Undo] <Exit>: _u 
Select object to offset or [Exit/Undo] <Exit>: 
Specify point on side to offset or [Exit/Multiple/Undo] <Exit>: 
Select object to offset or [Exit/Undo] <Exit>: *Cancel*

Automatic save to C:\Users\11903685\AppData\Local\Temp\logo_1_1863_09b6adc2.sv$ ...

Command: 
Command: 
Command: 
Command: _trim 
Current settings: Projection=UCS, Edge=None, Mode=Quick
Select object to trim or shift-select to extend or
 [cuTting edges/Crossing/mOde/Project/eRase]: 
Select object to trim or shift-select to extend or
 [cuTting edges/Crossing/mOde/Project/eRase/Undo]: 
Specify next fence point or [Undo]: 
Specify next fence point or [Undo]: 
Specify next fence point or [Undo]: 
Specify next fence point or [Undo]: 

Select object to trim or shift-select to extend or
 [cuTting edges/Crossing/mOde/Project/eRase/Undo]: *Cancel*

Command: Specify opposite corner or [Fence/WPolygon/CPolygon]: *Cancel*

Command: Specify opposite corner or [Fence/WPolygon/CPolygon]: 
Command: _.erase 1 found

Command: 
Command: 
Command: _trim 
Current settings: Projection=UCS, Edge=None, Mode=Quick
Select object to trim or shift-select to extend or
 [cuTting edges/Crossing/mOde/Project/eRase]: 
Select object to trim or shift-select to extend or
 [cuTting edges/Crossing/mOde/Project/eRase/Undo]: 
Specify next fence point or [Undo]: 
Specify next fence point or [Undo]: 
Specify next fence point or [Undo]: 
Specify next fence point or [Undo]: 

Select object to trim or shift-select to extend or
 [cuTting edges/Crossing/mOde/Project/eRase/Undo]: *Cancel*

Command: *Cancel*

Command: _u INTELLIZOOM 
Command: _u TRIM GROUP 
Command: *Cancel*

Command: *Cancel*

Command: Specify opposite corner or [Fence/WPolygon/CPolygon]: 
Command: 
Command: 
Command: _move 11 found

Specify base point or [Displacement] <Displacement>: 
Specify second point or <use first point as displacement>: 

Command: _u INTELLIPAN 
Command: _u MOVE GROUP 
Command: Specify opposite corner or [Fence/WPolygon/CPolygon]: 
Command: 
Command: 
Command: _move 11 found

Specify base point or [Displacement] <Displacement>: 
Specify second point or <use first point as displacement>: 
Command: *Cancel*

Command: 
Command: *Cancel*

Command: Specify opposite corner or [Fence/WPolygon/CPolygon]: 
Command: 
Command: 
Command: _rotate 
Current positive angle in UCS:  ANGDIR=counterclockwise  ANGBASE=0.00
11 found

Specify base point: 
Specify rotation angle or [Copy/Reference] <0.00>: 45

Command: _u ROTATE GROUP 
Command: Specify opposite corner or [Fence/WPolygon/CPolygon]: 
Command: 
Command: 
Command: _rotate 
Current positive angle in UCS:  ANGDIR=counterclockwise  ANGBASE=0.00
11 found

Specify base point: 
Specify rotation angle or [Copy/Reference] <0.00>: 15

Command: *Cancel*

Command: 
Command: 
Command: _trim 
Current settings: Projection=UCS, Edge=None, Mode=Quick
Select object to trim or shift-select to extend or
 [cuTting edges/Crossing/mOde/Project/eRase]: 

Select object to trim or shift-select to extend or
 [cuTting edges/Crossing/mOde/Project/eRase/Undo]: 

Select object to trim or shift-select to extend or
 [cuTting edges/Crossing/mOde/Project/eRase/Undo]: *Cancel*

Command: 
Command: 
Command: _line 
Specify first point: 
Specify next point or [Undo]: *Cancel*

Command:  LINE

Specify first point: 
Specify next point or [Undo]: *Cancel*

Command: _u LINE 
Command: _u LINE GROUP 
Command: _u INTELLIZOOM INTELLIZOOM INTELLIZOOM INTELLIZOOM INTELLIZOOM INTELLIPAN INTELLIZOOM 
Command: _u TRIM GROUP 
Command: _u ROTATE GROUP 
Command: 
Command: 
Command: _trim 
Current settings: Projection=UCS, Edge=None, Mode=Quick
Select object to trim or shift-select to extend or
 [cuTting edges/Crossing/mOde/Project/eRase]: 
Select object to trim or shift-select to extend or
 [cuTting edges/Crossing/mOde/Project/eRase/Undo]: 
Specify next fence point or [Undo]: 
Specify next fence point or [Undo]: 
Specify next fence point or [Undo]: 
Specify next fence point or [Undo]: 

Select object to trim or shift-select to extend or
 [cuTting edges/Crossing/mOde/Project/eRase/Undo]: 
Select object to trim or shift-select to extend or
 [cuTting edges/Crossing/mOde/Project/eRase/Undo]: 
Specify next fence point or [Undo]: 
Specify next fence point or [Undo]: 
Specify next fence point or [Undo]: 
Specify next fence point or [Undo]: 

Select object to trim or shift-select to extend or
 [cuTting edges/Crossing/mOde/Project/eRase/Undo]: *Cancel*

Command: Specify opposite corner or [Fence/WPolygon/CPolygon]: 
Command: 
Command: 
Command: _trim 
Current settings: Projection=UCS, Edge=None, Mode=Quick
Select cutting edges ...1 found

Select object to trim or shift-select to extend or
 [cuTting edges/Crossing/mOde/Project/eRase]: 
Select object to trim or shift-select to extend or
 [cuTting edges/Crossing/mOde/Project/eRase/Undo]: 
Specify next fence point or [Undo]: 
Specify next fence point or [Undo]: 
Specify next fence point or [Undo]: 
Specify next fence point or [Undo]: 

Select object to trim or shift-select to extend or
 [cuTting edges/Crossing/mOde/Project/eRase/Undo]: _u 
Command has been completely undone.

Select object to trim or shift-select to extend or
 [cuTting edges/Crossing/mOde/Project/eRase]: _u 

*Invalid selection*
Expects a point or Fence/cuTting edges/Crossing/mOde/Project

Select object to trim or shift-select to extend or
 [cuTting edges/Crossing/mOde/Project/eRase]: _u 

*Invalid selection*
Expects a point or Fence/cuTting edges/Crossing/mOde/Project

Select object to trim or shift-select to extend or
 [cuTting edges/Crossing/mOde/Project/eRase]: _u 

*Invalid selection*
Expects a point or Fence/cuTting edges/Crossing/mOde/Project

Select object to trim or shift-select to extend or
 [cuTting edges/Crossing/mOde/Project/eRase]: *Cancel*

Command: _u TRIM GROUP 
Command: _u TRIM GROUP 
Command: 
Command: 
Command: _trim 
Current settings: Projection=UCS, Edge=None, Mode=Quick
Select object to trim or shift-select to extend or
 [cuTting edges/Crossing/mOde/Project/eRase]: 
Select object to trim or shift-select to extend or
 [cuTting edges/Crossing/mOde/Project/eRase/Undo]: 
Specify next fence point or [Undo]: 
Specify next fence point or [Undo]: 
Specify next fence point or [Undo]: 
Specify next fence point or [Undo]: 

Select object to trim or shift-select to extend or
 [cuTting edges/Crossing/mOde/Project/eRase/Undo]: *Cancel*

Automatic save to C:\Users\11903685\AppData\Local\Temp\logo_1_1863_09b6adc2.sv$ ...

Command: 
Command: 
Command: 
Command: _line 
Specify first point: 
Specify next point or [Undo]: 
Specify next point or [Undo]: *Cancel*

Command: 
Command: 
Command: _move 
Select objects: Specify opposite corner: 12 found

Select objects: 

Specify base point or [Displacement] <Displacement>: 
Specify second point or <use first point as displacement>: *Cancel*

Command: Specify opposite corner or [Fence/WPolygon/CPolygon]: 
Command: _.erase 2 found

Command: _u ERASE 
Command: 
Command: 
Command: _move 
Select objects: Specify opposite corner: 12 found

Select objects: 

Specify base point or [Displacement] <Displacement>: 
Specify second point or <use first point as displacement>: 
Command: *Cancel*

Command: 
Command: 
Command: _rotate 
Current positive angle in UCS:  ANGDIR=counterclockwise  ANGBASE=0.00

Select objects: Specify opposite corner: 12 found

Select objects: 

Specify base point: 
Specify rotation angle or [Copy/Reference] <0.00>: 15

Command: _u INTELLIZOOM INTELLIZOOM 
Command: _u ROTATE GROUP 
Command: _u MOVE GROUP 
Command: 
Command: 
Command: _trim 
Current settings: Projection=UCS, Edge=None, Mode=Quick
Select object to trim or shift-select to extend or
 [cuTting edges/Crossing/mOde/Project/eRase]: 
Select object to trim or shift-select to extend or
 [cuTting edges/Crossing/mOde/Project/eRase/Undo]: 
Specify next fence point or [Undo]: 
Specify next fence point or [Undo]: 
Specify next fence point or [Undo]: 
Specify next fence point or [Undo]: 

Select object to trim or shift-select to extend or
 [cuTting edges/Crossing/mOde/Project/eRase/Undo]: 
Select object to trim or shift-select to extend or
 [cuTting edges/Crossing/mOde/Project/eRase/Undo]: 
Specify next fence point or [Undo]: 
Specify next fence point or [Undo]: 
Specify next fence point or [Undo]: 
Specify next fence point or [Undo]: 

Select object to trim or shift-select to extend or
 [cuTting edges/Crossing/mOde/Project/eRase/Undo]: 
Select object to trim or shift-select to extend or
 [cuTting edges/Crossing/mOde/Project/eRase/Undo]: 
Specify next fence point or [Undo]: 
Specify next fence point or [Undo]: 
Specify next fence point or [Undo]: 
Specify next fence point or [Undo]: 

Select object to trim or shift-select to extend or
 [cuTting edges/Crossing/mOde/Project/eRase/Undo]: *Cancel*

Command: *Cancel*

Command: 
Command: 
Command: _line 
Specify first point: 
Specify next point or [Undo]: 
Specify next point or [Undo]:  
Command: *Cancel*

Command: 
Command: 
Command: _move 
Select objects: Specify opposite corner: 12 found

Select objects: 

Specify base point or [Displacement] <Displacement>: 
Specify second point or <use first point as displacement>: 
Command: 
Command: 
Command: _rotate 
Current positive angle in UCS:  ANGDIR=counterclockwise  ANGBASE=0.00

Select objects: Specify opposite corner: 12 found

Select objects: 

Specify base point: 
Specify rotation angle or [Copy/Reference] <0.00>: 15

Command: *Cancel*

Command: Specify opposite corner or [Fence/WPolygon/CPolygon]: 
Command: _.erase 1 found

Command: 
Command: _.erase 1 found

Command: Specify opposite corner or [Fence/WPolygon/CPolygon]: 
Command: 
Command: _.erase 1 found

Command: 
Command: _.erase 1 found

Command: 
Command: _.erase 1 found

Command: Specify opposite corner or [Fence/WPolygon/CPolygon]: 
Command: _.erase 1 found

Command: Specify opposite corner or [Fence/WPolygon/CPolygon]: 
Command: _.erase 1 found

Command: 
Command: 
Command: _trim 
Current settings: Projection=UCS, Edge=None, Mode=Quick
Select object to trim or shift-select to extend or
 [cuTting edges/Crossing/mOde/Project/eRase]: 
Select object to trim or shift-select to extend or
 [cuTting edges/Crossing/mOde/Project/eRase/Undo]: 
Specify next fence point or [Undo]: 
Specify next fence point or [Undo]: 
Specify next fence point or [Undo]: 
Specify next fence point or [Undo]: 

Select object to trim or shift-select to extend or
 [cuTting edges/Crossing/mOde/Project/eRase/Undo]: *Cancel*

Command: 
Command: _qsave 
Command: Specify opposite corner or [Fence/WPolygon/CPolygon]: 
Command: _.erase 1 found

Command: Specify opposite corner or [Fence/WPolygon/CPolygon]: 
Command: _.erase 2 found

Command: 
Command: 
Command: _qsave 
Command: 
Command: 
Command: _qsave 
Command: 
Command: 
Command: 
Command: _qsave 
Command: Specify opposite corner or [Fence/WPolygon/CPolygon]: 
Command: _.erase 1 found

Command: 
Command: 
Command: _qsave 
Command: Specify opposite corner or [Fence/WPolygon/CPolygon]: 
Command: *Cancel*

Command: *Cancel*

Command: *Cancel*

Command: _quit 
Command: Specify opposite corner or [Fence/WPolygon/CPolygon]: *Cancel*

Command: 
Command: _qsave 
Command: *Cancel*

Command: *Cancel*

Command: _quit 
Command: 
