[ AutoCAD - Mon May 31 15:50:09 2021  ]----------------------------------------
Loading AEC Base...
Loading AEC Base Extended...
Loading AEC Core...
Loading AEC Project Base...
Loading AEC Architectural Base...
Loading AEC Schedule...

Loading Modeler DLLs.

Opening an AutoCAD 2018 format file.
Substituting [simplex.shx] for [Freehand575 BT].


AutoCAD menu utilities loaded.*Cancel*

Command: 

Autodesk DWG.  This file is a TrustedDWG last saved by an Autodesk application or Autodesk licensed application.

Command: 

Command: 
Command: 

Command: Specify opposite corner or [Fence/WPolygon/CPolygon]: 
Command: Specify opposite corner or [Fence/WPolygon/CPolygon]: 
Command: JOIN
5 found

0 objects joined, 5 objects discarded from the operation
Command:  
Command:  
Command:  
Enter new value for WSCURRENT <"3D Modeling">: 

Command: 
WSCURRENT

Enter new value for WSCURRENT <"Drafting & Annotation">: *Cancel*

Command: Specify opposite corner or [Fence/WPolygon/CPolygon]: 
Command: 
Command: Specify opposite corner or [Fence/WPolygon/CPolygon]: 
Command: 
Command: 
Command: _join 5 found

0 objects joined, 5 objects discarded from the operation
Command: 
Command: 
Command: _trim 
Current settings: Projection=UCS, Edge=None, Mode=Quick
Select object to trim or shift-select to extend or
 [cuTting edges/Crossing/mOde/Project/eRase]: 
Select object to trim or shift-select to extend or
 [cuTting edges/Crossing/mOde/Project/eRase/Undo]: 
Specify next fence point or [Undo]: 
Specify next fence point or [Undo]: 
Specify next fence point or [Undo]: 
Specify next fence point or [Undo]: 

Select object to trim or shift-select to extend or
 [cuTting edges/Crossing/mOde/Project/eRase/Undo]: 
Select object to trim or shift-select to extend or
 [cuTting edges/Crossing/mOde/Project/eRase/Undo]: 
Specify next fence point or [Undo]: 
Specify next fence point or [Undo]: 
Specify next fence point or [Undo]: 
Specify next fence point or [Undo]: 

Select object to trim or shift-select to extend or
 [cuTting edges/Crossing/mOde/Project/eRase/Undo]:  
Resuming TRIM command.

Select object to trim or shift-select to extend or
 [cuTting edges/Crossing/mOde/Project/eRase/Undo]: 
Select object to trim or shift-select to extend or
 [cuTting edges/Crossing/mOde/Project/eRase/Undo]: 
Specify next fence point or [Undo]: 
Specify next fence point or [Undo]: 
Specify next fence point or [Undo]: 
Specify next fence point or [Undo]: 

Select object to trim or shift-select to extend or
 [cuTting edges/Crossing/mOde/Project/eRase/Undo]: 
Select object to trim or shift-select to extend or
 [cuTting edges/Crossing/mOde/Project/eRase/Undo]: 
Specify next fence point or [Undo]: 
Specify next fence point or [Undo]: 
Specify next fence point or [Undo]: 
Specify next fence point or [Undo]: 

Select object to trim or shift-select to extend or
 [cuTting edges/Crossing/mOde/Project/eRase/Undo]: 
Select object to trim or shift-select to extend or
 [cuTting edges/Crossing/mOde/Project/eRase/Undo]: 
Specify next fence point or [Undo]: 
Specify next fence point or [Undo]: 
Specify next fence point or [Undo]: *Cancel*

Command: Specify opposite corner or [Fence/WPolygon/CPolygon]: 
Command: Specify opposite corner or [Fence/WPolygon/CPolygon]: 
Command: 
Command: 
Command: _join 5 found

4 objects converted to 2 polylines, 1 object discarded from the operation
Command:  
Command: 
Command: 
Command: _offset 
Current settings: Erase source=No  Layer=Source  OFFSETGAPTYPE=0
Specify offset distance or [Through/Erase/Layer] <Through>: 0.5

Select object to offset or [Exit/Undo] <Exit>: 
Specify point on side to offset or [Exit/Multiple/Undo] <Exit>: 
Select object to offset or [Exit/Undo] <Exit>: 
Specify point on side to offset or [Exit/Multiple/Undo] <Exit>: 
Select object to offset or [Exit/Undo] <Exit>: 
Specify point on side to offset or [Exit/Multiple/Undo] <Exit>: 
Select object to offset or [Exit/Undo] <Exit>: 
Select object to offset or [Exit/Undo] <Exit>: 
Specify point on side to offset or [Exit/Multiple/Undo] <Exit>: 
Select object to offset or [Exit/Undo] <Exit>: 
Specify point on side to offset or [Exit/Multiple/Undo] <Exit>: *Cancel*

Command:  
Command: 
Command: 
Command: _offset 
Current settings: Erase source=No  Layer=Source  OFFSETGAPTYPE=0
Specify offset distance or [Through/Erase/Layer] <0.500>: 1

Select object to offset or [Exit/Undo] <Exit>: 
Specify point on side to offset or [Exit/Multiple/Undo] <Exit>: 
Select object to offset or [Exit/Undo] <Exit>:  

*Invalid selection*
Expects a point or Exit

Select object to offset or [Exit/Undo] <Exit>:  

*Invalid selection*
Expects a point or Exit

Select object to offset or [Exit/Undo] <Exit>: 


*Invalid selection*
Expects a point or Exit

Select object to offset or [Exit/Undo] <Exit>: 

Command: *Cancel*

Command:  
Enter new value for WSCURRENT <"Drafting & Annotation">: 

Command: 
WSCURRENT

Enter new value for WSCURRENT <"3D Modeling">: *Cancel*

Command:  
Command: 
Command: 
Command: _extrude 
Current wire frame density:  ISOLINES=20, Closed profiles creation mode = Solid

Select objects to extrude or [MOde]: _MO Closed profiles creation mode [SOlid/SUrface] <Solid>: _SO

Select objects to extrude or [MOde]: Specify opposite corner: 0 found
Select objects to extrude or [MOde]: Specify opposite corner: 3 found

Select objects to extrude or [MOde]: 1 found, 4 total

Select objects to extrude or [MOde]: 1 found, 5 total

Select objects to extrude or [MOde]: 

Specify height of extrusion or [Direction/Path/Taper angle/Expression]:  
Resuming EXTRUDE command.

Specify height of extrusion or [Direction/Path/Taper angle/Expression]: *Cancel*

Command: *Cancel*

Command: 
Command: 
Command: 
Command: _extrude 
Current wire frame density:  ISOLINES=20, Closed profiles creation mode = Solid
1 found
_MO Closed profiles creation mode [SOlid/SUrface] <Solid>: _SO

Specify height of extrusion or [Direction/Path/Taper angle/Expression]: 1


Command: 
Automatic save to C:\Users\11903685\AppData\Local\Temp\logo_1_10018_d921b623.sv$ ...

Command: 
Command: 
Command: 
EXTRUDE

Current wire frame density:  ISOLINES=20, Closed profiles creation mode = Solid
1 found

Specify height of extrusion or [Direction/Path/Taper angle/Expression] <1.000>: 1


Command: 
Command:  EXTRUDE

Current wire frame density:  ISOLINES=20, Closed profiles creation mode = Solid
1 found

Specify height of extrusion or [Direction/Path/Taper angle/Expression] <1.000>: 1


Command: *Cancel*

Command: *Cancel*

Command: 
Command:  
 
** STRETCH **
Specify stretch point or [Base point/Copy/Undo/eXit]: 
Command: 
Command: *Cancel*

Command: *Cancel*

Command: *Cancel*

Command: _u INTELLIZOOM INTELLIZOOM 
Command: _u '.ACGZDRAGACTION 
Command: _u 
Command: _u EXTRUDE 
Command: _u EXTRUDE 
Command: _u EXTRUDE GROUP 
Command: 
Command: *Cancel*

Command: 
Command: 
Command: _extrude 
Current wire frame density:  ISOLINES=20, Closed profiles creation mode = Solid

Select objects to extrude or [MOde]: _MO Closed profiles creation mode [SOlid/SUrface] <Solid>: _SO

Select objects to extrude or [MOde]: 1 found

Select objects to extrude or [MOde]:  
Specify height of extrusion or [Direction/Path/Taper angle/Expression] <-1.000>: 1


Command:  
Enter new value for WSCURRENT <"3D Modeling">: 

Command: 
WSCURRENT

Enter new value for WSCURRENT <"Drafting & Annotation">: *Cancel*

Command: Specify opposite corner or [Fence/WPolygon/CPolygon]: 
Command: 
Command: 
Command: _explode 3 found
2 were not able to be exploded.

Command: 
Command: _.erase 1 found

Command: 
Command: _.erase 1 found

Command: Specify opposite corner or [Fence/WPolygon/CPolygon]: 
Command: Specify opposite corner or [Fence/WPolygon/CPolygon]: 
Command: Specify opposite corner or [Fence/WPolygon/CPolygon]: 
Command: 
Command: 
Command: _join 10 found

10 objects converted to 1 polyline
Command:  
Enter new value for WSCURRENT <"Drafting & Annotation">: 

Command: 
WSCURRENT

Enter new value for WSCURRENT <"3D Modeling">: *Cancel*

Command: 
Command: 
Command: _extrude 
Current wire frame density:  ISOLINES=20, Closed profiles creation mode = Solid

Select objects to extrude or [MOde]: _MO Closed profiles creation mode [SOlid/SUrface] <Solid>: _SO

Select objects to extrude or [MOde]: 1 found

Select objects to extrude or [MOde]: 

Specify height of extrusion or [Direction/Path/Taper angle/Expression] <1.000>: 1


Command: 
Command: 
EXTRUDE

Current wire frame density:  ISOLINES=20, Closed profiles creation mode = Solid
1 found

Specify height of extrusion or [Direction/Path/Taper angle/Expression] <1.000>: 1


Command: _u INTELLIZOOM INTELLIZOOM INTELLIZOOM 
Command: _u EXTRUDE 
Command: Specify opposite corner or [Fence/WPolygon/CPolygon]: 

Invalid window specification.
Specify opposite corner or [Fence/WPolygon/CPolygon]: Specify opposite corner or [Fence/WPolygon/CPolygon]: 
Command: 
U
EXTRUDE GROUP 
Command: 
Command: 
Command: _extrude 
Current wire frame density:  ISOLINES=20, Closed profiles creation mode = Solid

Select objects to extrude or [MOde]: _MO Closed profiles creation mode [SOlid/SUrface] <Solid>: _SO

Select objects to extrude or [MOde]: 1 found

Select objects to extrude or [MOde]: 

Specify height of extrusion or [Direction/Path/Taper angle/Expression] <-1.000>: 1


Command: 
Command: 
EXTRUDE

Current wire frame density:  ISOLINES=20, Closed profiles creation mode = Solid
1 found

Specify height of extrusion or [Direction/Path/Taper angle/Expression] <1.000>: 1


Command: 
Command: _u EXTRUDE 
Command: _u EXTRUDE GROUP 
Command: _u WSCURRENT 
Command: _u WSCURRENT 
Command:  
Enter new value for WSCURRENT <"Drafting & Annotation">: 

Command: 
WSCURRENT

Enter new value for WSCURRENT <"3D Modeling">: *Cancel*

Command: 
Command: 
Command: _extrude 
Current wire frame density:  ISOLINES=20, Closed profiles creation mode = Solid

Select objects to extrude or [MOde]: _MO Closed profiles creation mode [SOlid/SUrface] <Solid>: _SO

Select objects to extrude or [MOde]: 1 found

Select objects to extrude or [MOde]: *Cancel*
*Cancel*

Command: _extrude 
Current wire frame density:  ISOLINES=20, Closed profiles creation mode = Solid

Select objects to extrude or [MOde]: _MO Closed profiles creation mode [SOlid/SUrface] <Solid>: _SO

Select objects to extrude or [MOde]: 1 found

Select objects to extrude or [MOde]: 

Specify height of extrusion or [Direction/Path/Taper angle/Expression] <1.000>: 1


Command:  EXTRUDE

Current wire frame density:  ISOLINES=20, Closed profiles creation mode = Solid

Select objects to extrude or [MOde]: 1 found

Select objects to extrude or [MOde]: 

Specify height of extrusion or [Direction/Path/Taper angle/Expression] <1.000>: 1


Command:  EXTRUDE

Current wire frame density:  ISOLINES=20, Closed profiles creation mode = Solid

Select objects to extrude or [MOde]: 1 found

Select objects to extrude or [MOde]:  
Specify height of extrusion or [Direction/Path/Taper angle/Expression] <1.000>: 1


Command:  EXTRUDE

Current wire frame density:  ISOLINES=20, Closed profiles creation mode = Solid

Select objects to extrude or [MOde]: 1 found

Select objects to extrude or [MOde]:  
Specify height of extrusion or [Direction/Path/Taper angle/Expression] <1.000>: 1


Command: 
Command: 
Command: _subtract Select solids, surfaces, and regions to subtract from ..

Select objects: 1 found

Select objects: 
Select solids, surfaces, and regions to subtract ..
Select objects: 1 found

Select objects: *Cancel*

Command: 
Command: 
Command: _subtract Select solids, surfaces, and regions to subtract from ..

Select objects: 1 found

Select objects: 
Select solids, surfaces, and regions to subtract ..
Select objects: 1 found

Select objects: 1 found, 2 total

Select objects: 


Command: 
Command: 
Command: _extrude 
Current wire frame density:  ISOLINES=20, Closed profiles creation mode = Solid

Select objects to extrude or [MOde]: _MO Closed profiles creation mode [SOlid/SUrface] <Solid>: _SO

Select objects to extrude or [MOde]: 1 found

Select objects to extrude or [MOde]: 

Specify height of extrusion or [Direction/Path/Taper angle/Expression] <1.000>: 1


Command: 
Command: 
Command: 
Command: _extrude 
Current wire frame density:  ISOLINES=20, Closed profiles creation mode = Solid
1 found
_MO Closed profiles creation mode [SOlid/SUrface] <Solid>: _SO

Specify height of extrusion or [Direction/Path/Taper angle/Expression] <1.000>: 1


Command: 
Command: 
Command: _subtract Select solids, surfaces, and regions to subtract from ..

Select objects: 1 found

Select objects: 
Select solids, surfaces, and regions to subtract ..
Select objects: 1 found

Select objects: 


Automatic save to C:\Users\11903685\AppData\Local\Temp\logo_1_10018_d921b623.sv$ ...

Command: 
Command:  
Command:  
Command:  
Command:  
Command: 
Command: 
Command: _extrude 
Current wire frame density:  ISOLINES=20, Closed profiles creation mode = Solid

Select objects to extrude or [MOde]: _MO Closed profiles creation mode [SOlid/SUrface] <Solid>: _SO

Select objects to extrude or [MOde]: 1 found

Select objects to extrude or [MOde]: 

Specify height of extrusion or [Direction/Path/Taper angle/Expression] <1.000>: *Cancel*

Command:  
Command:  
Enter new value for WSCURRENT <"3D Modeling">: 

Command: 
WSCURRENT

Enter new value for WSCURRENT <"Drafting & Annotation">: *Cancel*

Command: 
Command: 
Command: _offset 
Current settings: Erase source=No  Layer=Source  OFFSETGAPTYPE=0
Specify offset distance or [Through/Erase/Layer] <1.000>: 1

Select object to offset or [Exit/Undo] <Exit>: 
Specify point on side to offset or [Exit/Multiple/Undo] <Exit>: 
Select object to offset or [Exit/Undo] <Exit>: *Cancel*

Command: 
Command: _line 
Specify first point: 
Specify next point or [Undo]: 
Specify next point or [Undo]:  
Command:  LINE

Specify first point: 
Specify next point or [Undo]: 
Specify next point or [Undo]:  
Command:  
Command: 
Command: Specify opposite corner or [Fence/WPolygon/CPolygon]: *Cancel*

Command: *Cancel*

Command: Specify opposite corner or [Fence/WPolygon/CPolygon]: 
Command: Specify opposite corner or [Fence/WPolygon/CPolygon]: 
Command: 
Command: Specify opposite corner or [Fence/WPolygon/CPolygon]: 
Command: *Cancel*

Command: Specify opposite corner or [Fence/WPolygon/CPolygon]: 
Command: Specify opposite corner or [Fence/WPolygon/CPolygon]: 
Command: Specify opposite corner or [Fence/WPolygon/CPolygon]: 
Command: 
Command: 
Command: _join 4 found

11 segments joined into 1 polyline
Command:  
Command:  
Enter new value for WSCURRENT <"Drafting & Annotation">: 

Command: 
WSCURRENT

Enter new value for WSCURRENT <"3D Modeling">: *Cancel*

Command: 
Command: 
Command: _extrude 
Current wire frame density:  ISOLINES=20, Closed profiles creation mode = Solid

Select objects to extrude or [MOde]: _MO Closed profiles creation mode [SOlid/SUrface] <Solid>: _SO

Select objects to extrude or [MOde]: 1 found

Select objects to extrude or [MOde]: 

Specify height of extrusion or [Direction/Path/Taper angle/Expression] <1.000>: 1


Command: Specify opposite corner or [Fence/WPolygon/CPolygon]: 
Command:  
Command: 
Command: 
Command: _union 
Select objects: Specify opposite corner: 2 found

Select objects: 


Command:  
Command:  
Command:  
Command: 
Command: 
Command: _offset 
Current settings: Erase source=No  Layer=Source  OFFSETGAPTYPE=0
Specify offset distance or [Through/Erase/Layer] <1.000>: 1

Select object to offset or [Exit/Undo] <Exit>: 
Specify point on side to offset or [Exit/Multiple/Undo] <Exit>: 
Select object to offset or [Exit/Undo] <Exit>: 
Specify point on side to offset or [Exit/Multiple/Undo] <Exit>: 
Select object to offset or [Exit/Undo] <Exit>: *Cancel*

Command: 
Command: _qsave 
Command:  
Enter new value for WSCURRENT <"3D Modeling">: 

Command: 
WSCURRENT

Enter new value for WSCURRENT <"Drafting & Annotation">: *Cancel*

Command: 
Command: 
Command: _trim 
Current settings: Projection=UCS, Edge=None, Mode=Quick
Select object to trim or shift-select to extend or
 [cuTting edges/Crossing/mOde/Project/eRase]: *Cancel*

Command: 
Command: _trim 
Current settings: Projection=UCS, Edge=None, Mode=Quick
Select object to trim or shift-select to extend or
 [cuTting edges/Crossing/mOde/Project/eRase]: *Cancel*

Command: 
Command: _extend 
Current settings: Projection=UCS, Edge=None, Mode=Quick
Select object to extend or shift-select to trim or
 [Boundary edges/Crossing/mOde/Project]: 

Select object to extend or shift-select to trim or
 [Boundary edges/Crossing/mOde/Project/Undo]: 
Select object to extend or shift-select to trim or
 [Boundary edges/Crossing/mOde/Project/Undo]: 
Specify next fence point or [Undo]: 
Specify next fence point or [Undo]: 
Specify next fence point or [Undo]: *Cancel*

Command: Specify opposite corner or [Fence/WPolygon/CPolygon]: *Cancel*

Command: _u EXTEND GROUP 
Command: _u INTELLIZOOM 
Command: _u TRIM GROUP 
Command: _u TRIM GROUP 
Command: _u INTELLIZOOM INTELLIZOOM 
Command: _u WSCURRENT 
Command: _u WSCURRENT 
Command: _u INTELLIZOOM 
Command: _u QSAVE GROUP 
Command: _u OFFSET GROUP 
Command: _u INTELLIZOOM INTELLIZOOM '.3DPAN2 INTELLIZOOM 
Command: _u 
Command: _u '.VIEWCUBEACTION 
Command: _u INTELLIZOOM INTELLIZOOM INTELLIZOOM INTELLIZOOM 
Command: _u UNION GROUP 
Command: _u INTELLIZOOM 
Command: _u 
Command: _u INTELLIZOOM INTELLIZOOM INTELLIZOOM 
Command: _u EXTRUDE GROUP 
Command: _u WSCURRENT 
Command: _u WSCURRENT 
Command: _u INTELLIZOOM INTELLIZOOM 
Command: _u '.VIEWCUBEACTION 
Command: _u INTELLIZOOM INTELLIZOOM 
Command: _u JOIN GROUP 
Command: _u INTELLIZOOM INTELLIZOOM INTELLIZOOM INTELLIZOOM INTELLIZOOM INTELLIZOOM INTELLIZOOM INTELLIZOOM 
Command: _u 
Command: _u INTELLIZOOM INTELLIZOOM 
Command: _u 
Command: _u LINE GROUP 
Command: _u OFFSET GROUP 
Command: _u WSCURRENT 
Command: _u WSCURRENT 
Command: _u INTELLIZOOM INTELLIZOOM INTELLIZOOM INTELLIZOOM 
Command: _u '.VIEWCUBEACTION 
Command: _u INTELLIZOOM INTELLIZOOM INTELLIZOOM INTELLIZOOM 
Command: _u EXTRUDE GROUP 
Command: _u INTELLIZOOM 
Command: _u '.VIEWCUBEACTION 
Command: _u INTELLIZOOM INTELLIZOOM '.3DPAN2 INTELLIZOOM INTELLIZOOM INTELLIZOOM INTELLIZOOM 
Command: _u '.VIEWCUBEACTION 
Command: _u INTELLIZOOM '.3DPAN2 INTELLIZOOM 
Automatic save to C:\Users\11903685\AppData\Local\Temp\logo_1_17998_717835ba.sv$ ...

Command: 
Command: _u SUBTRACT GROUP 
Command: _u EXTRUDE GROUP 
Command: _u EXTRUDE GROUP 
Command:  
Command:  
Command:  
Crossing Lasso  Press Spacebar to cycle options
Command:  
Command:  
Command: 
Automatic save to C:\Users\11903685\AppData\Local\Temp\logo_1_17998_717835ba.sv$ ...

Command: 
Command: OPTIONS

Command:  
Command:  
Command:  
Command:  
Command:  
Command:  
Command:  
Command: 
Command: 
Command: _offset 
Current settings: Erase source=No  Layer=Source  OFFSETGAPTYPE=0
Specify offset distance or [Through/Erase/Layer] <1.000>: 1

Select object to offset or [Exit/Undo] <Exit>: 
Specify point on side to offset or [Exit/Multiple/Undo] <Exit>: 
Select object to offset or [Exit/Undo] <Exit>: 
Specify point on side to offset or [Exit/Multiple/Undo] <Exit>: 
Select object to offset or [Exit/Undo] <Exit>:  
Resuming OFFSET command.

Select object to offset or [Exit/Undo] <Exit>:  
Resuming OFFSET command.

Select object to offset or [Exit/Undo] <Exit>: 
Specify point on side to offset or [Exit/Multiple/Undo] <Exit>: 
Select object to offset or [Exit/Undo] <Exit>:  
Resuming OFFSET command.

Select object to offset or [Exit/Undo] <Exit>:  
Resuming OFFSET command.

Select object to offset or [Exit/Undo] <Exit>:  
Resuming OFFSET command.

Select object to offset or [Exit/Undo] <Exit>:  
Resuming OFFSET command.

Select object to offset or [Exit/Undo] <Exit>:  
Resuming OFFSET command.

Select object to offset or [Exit/Undo] <Exit>:  
Resuming OFFSET command.

Select object to offset or [Exit/Undo] <Exit>:  
Resuming OFFSET command.

Select object to offset or [Exit/Undo] <Exit>:  
Resuming OFFSET command.

Select object to offset or [Exit/Undo] <Exit>:  
Resuming OFFSET command.

Select object to offset or [Exit/Undo] <Exit>:  

*Invalid selection*
Expects a point or Exit

Select object to offset or [Exit/Undo] <Exit>:  

*Invalid selection*
Expects a point or Exit

Select object to offset or [Exit/Undo] <Exit>:  

*Invalid selection*
Expects a point or Exit

Select object to offset or [Exit/Undo] <Exit>: 


*Invalid selection*
Expects a point or Exit

Select object to offset or [Exit/Undo] <Exit>: 

Automatic save to C:\Users\11903685\AppData\Local\Temp\logo_1_17998_717835ba.sv$ ...

Command: 
Command: *Cancel*

Command:  
Enter new value for WSCURRENT <"3D Modeling">: 

Command: 
WSCURRENT

Enter new value for WSCURRENT <"Drafting & Annotation">: *Cancel*

Command: 
Command: 
Command: _extend 
Current settings: Projection=UCS, Edge=None, Mode=Quick
Select object to extend or shift-select to trim or
 [Boundary edges/Crossing/mOde/Project]: 

Select object to extend or shift-select to trim or
 [Boundary edges/Crossing/mOde/Project/Undo]:  
Resuming EXTEND command.

Select object to extend or shift-select to trim or
 [Boundary edges/Crossing/mOde/Project/Undo]: 

Select object to extend or shift-select to trim or
 [Boundary edges/Crossing/mOde/Project/Undo]: *Cancel*

Command: 
Command: _dimlinear 
Specify first extension line origin or <select object>: *Cancel*

Command: 
Command: _trim 
Current settings: Projection=UCS, Edge=None, Mode=Quick
Select object to trim or shift-select to extend or
 [cuTting edges/Crossing/mOde/Project/eRase]: 

Select object to trim or shift-select to extend or
 [cuTting edges/Crossing/mOde/Project/eRase/Undo]:  
Resuming TRIM command.

Select object to trim or shift-select to extend or
 [cuTting edges/Crossing/mOde/Project/eRase/Undo]: _u 
Command has been completely undone.

Select object to trim or shift-select to extend or
 [cuTting edges/Crossing/mOde/Project/eRase]:  
Resuming TRIM command.

Select object to trim or shift-select to extend or
 [cuTting edges/Crossing/mOde/Project/eRase]:  
Resuming TRIM command.

Select object to trim or shift-select to extend or
 [cuTting edges/Crossing/mOde/Project/eRase]: *Cancel*

Command: 
Command: _line 
Specify first point: 
Specify next point or [Undo]: 
Specify next point or [Undo]:  
Command:  LINE

Specify first point: _u 
Invalid point.

Specify first point: _u 
Invalid point.

Specify first point: *Cancel*

Command: _u LINE 
Command: _u INTELLIZOOM 
Command: _u LINE GROUP 
Command:  
Command: 
Command: 
Command: _trim 
Current settings: Projection=UCS, Edge=None, Mode=Quick
Select object to trim or shift-select to extend or
 [cuTting edges/Crossing/mOde/Project/eRase]: 

Select object to trim or shift-select to extend or
 [cuTting edges/Crossing/mOde/Project/eRase/Undo]: 

Select object to trim or shift-select to extend or
 [cuTting edges/Crossing/mOde/Project/eRase/Undo]: 

Select object to trim or shift-select to extend or
 [cuTting edges/Crossing/mOde/Project/eRase/Undo]: 

Select object to trim or shift-select to extend or
 [cuTting edges/Crossing/mOde/Project/eRase/Undo]: 

Select object to trim or shift-select to extend or
 [cuTting edges/Crossing/mOde/Project/eRase/Undo]: *Cancel*

Command: Specify opposite corner or [Fence/WPolygon/CPolygon]: 
Command: Specify opposite corner or [Fence/WPolygon/CPolygon]: 
Command: 
Command: 
Command: _join 7 found

17 segments joined into 2 polylines, 2 objects discarded from the operation
Command: 
Command: 
Command: _trim 
Current settings: Projection=UCS, Edge=None, Mode=Quick
Select object to trim or shift-select to extend or
 [cuTting edges/Crossing/mOde/Project/eRase]: 

Select object to trim or shift-select to extend or
 [cuTting edges/Crossing/mOde/Project/eRase/Undo]: *Cancel*

Command: Specify opposite corner or [Fence/WPolygon/CPolygon]: 
Command: 
Command: 
Command: _join 9 found

42 segments joined into 2 polylines, 2 objects discarded from the operation
Command: *Cancel*

Command:  
Command:  
Command:  
Enter new value for WSCURRENT <"Drafting & Annotation">: 

Command: 
WSCURRENT

Enter new value for WSCURRENT <"3D Modeling">: *Cancel*

Command: Specify opposite corner or [Fence/WPolygon/CPolygon]: *Cancel*

Command: 
Command: 
Command: _extrude 
Current wire frame density:  ISOLINES=20, Closed profiles creation mode = Solid

Select objects to extrude or [MOde]: _MO Closed profiles creation mode [SOlid/SUrface] <Solid>: _SO

Select objects to extrude or [MOde]: 1 found

Select objects to extrude or [MOde]: 

Cannot sweep or extrude a self-intersecting curve.
1 object removed from selection set.

Select objects to extrude or [MOde]: 
Nothing selected.

Command: 
Command: 
Command: _extrude 
Current wire frame density:  ISOLINES=20, Closed profiles creation mode = Solid

Select objects to extrude or [MOde]: _MO Closed profiles creation mode [SOlid/SUrface] <Solid>: _SO

Select objects to extrude or [MOde]: 1 found

Select objects to extrude or [MOde]: 

Cannot sweep or extrude a self-intersecting curve.
1 object removed from selection set.

Select objects to extrude or [MOde]: _u All selections have been undone.

Select objects to extrude or [MOde]: _u All selections have been undone.

Select objects to extrude or [MOde]: _u All selections have been undone.

Select objects to extrude or [MOde]: _u All selections have been undone.

Select objects to extrude or [MOde]: _u All selections have been undone.

Select objects to extrude or [MOde]: _u All selections have been undone.

Select objects to extrude or [MOde]: _u All selections have been undone.

Select objects to extrude or [MOde]: _u All selections have been undone.

Select objects to extrude or [MOde]: *Cancel*

Command: _u EXTRUDE GROUP 
Command: _u EXTRUDE GROUP 
Command: _u WSCURRENT 
Command: _u WSCURRENT 
Command: _u INTELLIZOOM INTELLIZOOM 
Command: _u 
Command: _u INTELLIZOOM INTELLIZOOM INTELLIZOOM INTELLIZOOM 
Command: _u '.VIEWCUBEACTION 
Command: _u INTELLIZOOM INTELLIZOOM 
Command: _u JOIN GROUP 
Command: _u INTELLIZOOM INTELLIZOOM 
Command: _u TRIM GROUP 
Command: _u INTELLIZOOM INTELLIZOOM INTELLIZOOM 
Command: _u JOIN GROUP 
Command: _u INTELLIZOOM 
Command: _u TRIM GROUP 
Command: _u INTELLIZOOM INTELLIZOOM INTELLIZOOM INTELLIZOOM INTELLIZOOM '.3DPAN2 INTELLIZOOM INTELLIZOOM INTELLIZOOM INTELLIZOOM INTELLIZOOM INTELLIZOOM INTELLIZOOM 
Command: _u TRIM GROUP 
Command: 
Command: 
Command: _line 
Specify first point: 
Specify next point or [Undo]: 
Specify next point or [Undo]:  
Automatic save to C:\Users\11903685\AppData\Local\Temp\logo_1_17998_717835ba.sv$ ...

Command: 
Command: Specify opposite corner or [Fence/WPolygon/CPolygon]: 
Command: Specify opposite corner or [Fence/WPolygon/CPolygon]: 
Command:  
Command: *Cancel*

Command: 
Command: 
Command: _line 
Specify first point: 
Specify next point or [Undo]: 
Specify next point or [Undo]: *Cancel*

Command: Specify opposite corner or [Fence/WPolygon/CPolygon]: 
Command: Specify opposite corner or [Fence/WPolygon/CPolygon]: 
Command:  
Command: Specify opposite corner or [Fence/WPolygon/CPolygon]: 
Command:  
Enter new value for WSCURRENT <"Drafting & Annotation">: 

Command: 
WSCURRENT

Enter new value for WSCURRENT <"3D Modeling">: *Cancel*

Command: 
Command: *Cancel*

Command: 
Command: _.erase 1 found

Command: _u INTELLIZOOM 
Command: _u ERASE 
Command: Specify opposite corner or [Fence/WPolygon/CPolygon]: 
Command: Specify opposite corner or [Fence/WPolygon/CPolygon]: 
Command: Specify opposite corner or [Fence/WPolygon/CPolygon]: 
Command: JOIN
4 found

11 segments joined into 1 polyline
Command: 
Command: 
Command: _line 
Specify first point: 
Specify next point or [Undo]: 1

Specify next point or [Undo]: *Cancel*

Command: 
Command: 
Command: _trim 
Current settings: Projection=UCS, Edge=None, Mode=Quick
Select object to trim or shift-select to extend or
 [cuTting edges/Crossing/mOde/Project/eRase]: 

Select object to trim or shift-select to extend or
 [cuTting edges/Crossing/mOde/Project/eRase/Undo]: *Cancel*

Command: 
Command: _line 
Specify first point: 
Specify next point or [Undo]:  
Resuming LINE command.

Specify next point or [Undo]: 
Specify next point or [Undo]: *Cancel*

Command: _u INTELLIZOOM INTELLIZOOM 
Command: 
Command: _.erase 1 found

Command:  
Command: 
Command: 
Command: _line 
Specify first point: 
Specify next point or [Undo]: 
Specify next point or [Undo]: 1

Specify next point or [Close/Undo]: *Cancel*

Command: 
Command: _.erase 1 found

Command: 
Command: 
Command: _trim 
Current settings: Projection=UCS, Edge=None, Mode=Quick
Select object to trim or shift-select to extend or
 [cuTting edges/Crossing/mOde/Project/eRase]: *Cancel*

Command: 
Command: _trim 
Current settings: Projection=UCS, Edge=None, Mode=Quick
Select object to trim or shift-select to extend or
 [cuTting edges/Crossing/mOde/Project/eRase]: 

Select object to trim or shift-select to extend or
 [cuTting edges/Crossing/mOde/Project/eRase/Undo]: *Cancel*

Command: Specify opposite corner or [Fence/WPolygon/CPolygon]: 
Command: Specify opposite corner or [Fence/WPolygon/CPolygon]: 
Command: Specify opposite corner or [Fence/WPolygon/CPolygon]: 
Command:  
Command: Specify opposite corner or [Fence/WPolygon/CPolygon]: 
Command: JOIN
4 found

6 segments joined into 1 polyline
Command:  
Command:  
Command: 
Command: 
Command: _offset 
Current settings: Erase source=No  Layer=Source  OFFSETGAPTYPE=0
Specify offset distance or [Through/Erase/Layer] <1.000>: 2

Select object to offset or [Exit/Undo] <Exit>: 
Specify point on side to offset or [Exit/Multiple/Undo] <Exit>: *Cancel*

Command: Specify opposite corner or [Fence/WPolygon/CPolygon]: 
Command: 
Command: 
Command: _explode 1 found

Command: 
Command: 
Command: _offset 
Current settings: Erase source=No  Layer=Source  OFFSETGAPTYPE=0
Specify offset distance or [Through/Erase/Layer] <2.000>: 2

Select object to offset or [Exit/Undo] <Exit>: 
Specify point on side to offset or [Exit/Multiple/Undo] <Exit>: *Cancel*

Command:  OFFSET

Current settings: Erase source=No  Layer=Source  OFFSETGAPTYPE=0
Specify offset distance or [Through/Erase/Layer] <2.000>: 1

Select object to offset or [Exit/Undo] <Exit>: 
Specify point on side to offset or [Exit/Multiple/Undo] <Exit>: 
Select object to offset or [Exit/Undo] <Exit>:  
Automatic save to C:\Users\11903685\AppData\Local\Temp\logo_1_17998_717835ba.sv$ ...

Command: 
Command:  OFFSET

Current settings: Erase source=No  Layer=Source  OFFSETGAPTYPE=0
Specify offset distance or [Through/Erase/Layer] <1.000>:  Specify second point:  
Select object to offset or [Exit/Undo] <Exit>: 
Specify point on side to offset or [Exit/Multiple/Undo] <Exit>: 
Select object to offset or [Exit/Undo] <Exit>:  
Command: 
Command: 
Command: _trim 
Current settings: Projection=UCS, Edge=None, Mode=Quick
Select object to trim or shift-select to extend or
 [cuTting edges/Crossing/mOde/Project/eRase]: 
Select object to trim or shift-select to extend or
 [cuTting edges/Crossing/mOde/Project/eRase/Undo]: 
Specify next fence point or [Undo]: 
Specify next fence point or [Undo]: 

Select object to trim or shift-select to extend or
 [cuTting edges/Crossing/mOde/Project/eRase/Undo]: 
Select object to trim or shift-select to extend or
 [cuTting edges/Crossing/mOde/Project/eRase/Undo]: 
Specify next fence point or [Undo]: 
Specify next fence point or [Undo]: 
Specify next fence point or [Undo]: 
Specify next fence point or [Undo]: 
Select object to trim or shift-select to extend or
 [cuTting edges/Crossing/mOde/Project/eRase/Undo]: 
Select object to trim or shift-select to extend or
 [cuTting edges/Crossing/mOde/Project/eRase/Undo]: 
Specify next fence point or [Undo]: 
Specify next fence point or [Undo]: 
Specify next fence point or [Undo]: 
Specify next fence point or [Undo]: 

Select object to trim or shift-select to extend or
 [cuTting edges/Crossing/mOde/Project/eRase/Undo]: 
Select object to trim or shift-select to extend or
 [cuTting edges/Crossing/mOde/Project/eRase/Undo]: 
Specify next fence point or [Undo]: 
Specify next fence point or [Undo]: 
Specify next fence point or [Undo]: 
Specify next fence point or [Undo]: 

Select object to trim or shift-select to extend or
 [cuTting edges/Crossing/mOde/Project/eRase/Undo]: _u 
Select object to trim or shift-select to extend or
 [cuTting edges/Crossing/mOde/Project/eRase/Undo]:  
Resuming TRIM command.

Select object to trim or shift-select to extend or
 [cuTting edges/Crossing/mOde/Project/eRase/Undo]: *Cancel*

Command: 
Command: _trim 
Current settings: Projection=UCS, Edge=None, Mode=Quick
Select object to trim or shift-select to extend or
 [cuTting edges/Crossing/mOde/Project/eRase]: 
Select object to trim or shift-select to extend or
 [cuTting edges/Crossing/mOde/Project/eRase/Undo]: 
Specify next fence point or [Undo]: 
Specify next fence point or [Undo]: 
Specify next fence point or [Undo]: 
Specify next fence point or [Undo]: 

Select object to trim or shift-select to extend or
 [cuTting edges/Crossing/mOde/Project/eRase/Undo]: 

Select object to trim or shift-select to extend or
 [cuTting edges/Crossing/mOde/Project/eRase/Undo]: *Cancel*

Command: Specify opposite corner or [Fence/WPolygon/CPolygon]: 
Command: Specify opposite corner or [Fence/WPolygon/CPolygon]: 
Command: Specify opposite corner or [Fence/WPolygon/CPolygon]: 
Command: Specify opposite corner or [Fence/WPolygon/CPolygon]: 
Command: Specify opposite corner or [Fence/WPolygon/CPolygon]: 
Command: JOIN
10 found

10 objects converted to 1 polyline
Command: Specify opposite corner or [Fence/WPolygon/CPolygon]: 
Command: JOIN
2 found

0 objects joined, 2 objects discarded from the operation
Command: Specify opposite corner or [Fence/WPolygon/CPolygon]: *Cancel*

Command: 
Command: 
Command: _line 
Specify first point: 
Specify next point or [Undo]: 
Specify next point or [Undo]:  
Command:  
Command:  LINE

Specify first point: 
Specify next point or [Undo]: 
Specify next point or [Undo]:  
Command: 
Command: *Cancel*

Command: Specify opposite corner or [Fence/WPolygon/CPolygon]: 
Command: Specify opposite corner or [Fence/WPolygon/CPolygon]: 
Command: Specify opposite corner or [Fence/WPolygon/CPolygon]: 
Command: JOIN
4 found

11 segments joined into 1 polyline
Command:  
Command: 
Command: 
Command: _extrude 
Current wire frame density:  ISOLINES=20, Closed profiles creation mode = Solid

Select objects to extrude or [MOde]: _MO Closed profiles creation mode [SOlid/SUrface] <Solid>: _SO

Select objects to extrude or [MOde]: 1 found

Select objects to extrude or [MOde]: 

Specify height of extrusion or [Direction/Path/Taper angle/Expression] <1.000>: *Cancel*

Command: 
Command: 
EXTRUDE

Current wire frame density:  ISOLINES=20, Closed profiles creation mode = Solid
1 found

Specify height of extrusion or [Direction/Path/Taper angle/Expression] <1.000>: 1


Command:  EXTRUDE

Current wire frame density:  ISOLINES=20, Closed profiles creation mode = Solid

Select objects to extrude or [MOde]: 1 found

Select objects to extrude or [MOde]:  
Specify height of extrusion or [Direction/Path/Taper angle/Expression] <1.000>: 1


Command:  EXTRUDE

Current wire frame density:  ISOLINES=20, Closed profiles creation mode = Solid

Select objects to extrude or [MOde]: 1 found

Select objects to extrude or [MOde]:  
Specify height of extrusion or [Direction/Path/Taper angle/Expression] <1.000>: 1


Command:  EXTRUDE

Current wire frame density:  ISOLINES=20, Closed profiles creation mode = Solid

Select objects to extrude or [MOde]: Specify opposite corner: 2 found

Select objects to extrude or [MOde]:  
Specify height of extrusion or [Direction/Path/Taper angle/Expression] <1.000>: 1


Command: *Cancel*

Command: 
Command: 
Command: _subtract Select solids, surfaces, and regions to subtract from ..

Select objects: 1 found

Select objects:  Select solids, surfaces, and regions to subtract ..
Select objects: 1 found

Select objects: 


Command: Specify opposite corner or [Fence/WPolygon/CPolygon]: 
Command: 
Command: 
Command: _union 
Select objects: 

Command: Specify opposite corner or [Fence/WPolygon/CPolygon]: 
Command: 
Command: 
Command: _union 
Select objects: 1 found

Select objects: 1 found, 2 total

Select objects: 


Command: 
Command: 
Command: _union 
Select objects: 1 found

Select objects: 1 found, 2 total

Select objects: 


Command:  
Command: _u INTELLIZOOM 
Command:  
Command: 
Command: 
Command: _qsave 
Command:  
Command:  
Command:  
Command:  
Command:  
Command:  
Command: 
Command: 
Command: _offset 
Current settings: Erase source=No  Layer=Source  OFFSETGAPTYPE=0
Specify offset distance or [Through/Erase/Layer] <1.000>: 1

Select object to offset or [Exit/Undo] <Exit>: 
Specify point on side to offset or [Exit/Multiple/Undo] <Exit>: *Cancel*

Command: TRI
Unknown command "TRI".  Press F1 for help.

Command: *Cancel*

Command: Specify opposite corner or [Fence/WPolygon/CPolygon]: 
Command: EXPLODE
3 found
1 was not able to be exploded.

Command: 
Command: 
Command: _trim 
Current settings: Projection=UCS, Edge=None, Mode=Quick
Select object to trim or shift-select to extend or
 [cuTting edges/Crossing/mOde/Project/eRase]: 
Select object to trim or shift-select to extend or
 [cuTting edges/Crossing/mOde/Project/eRase/Undo]: 
Specify next fence point or [Undo]: 
Specify next fence point or [Undo]: 
Specify next fence point or [Undo]: 
Specify next fence point or [Undo]: 

Select object to trim or shift-select to extend or
 [cuTting edges/Crossing/mOde/Project/eRase/Undo]: 
Select object to trim or shift-select to extend or
 [cuTting edges/Crossing/mOde/Project/eRase/Undo]: 
Specify next fence point or [Undo]: 
Specify next fence point or [Undo]: 
Specify next fence point or [Undo]: 
Specify next fence point or [Undo]: 

Select object to trim or shift-select to extend or
 [cuTting edges/Crossing/mOde/Project/eRase/Undo]: *Cancel*

Command:  
Command: 
Command: 
Command: _extrude 
Current wire frame density:  ISOLINES=20, Closed profiles creation mode = Solid

Select objects to extrude or [MOde]: _MO Closed profiles creation mode [SOlid/SUrface] <Solid>: _SO

Select objects to extrude or [MOde]: 1 found

Select objects to extrude or [MOde]: 

Specify height of extrusion or [Direction/Path/Taper angle/Expression] <1.000>: *Cancel*

Command: 
Command:  EXTRUDE

Current wire frame density:  ISOLINES=20, Closed profiles creation mode = Solid
1 found

Specify height of extrusion or [Direction/Path/Taper angle/Expression] <1.000>: 1


Command:  EXTRUDE

Current wire frame density:  ISOLINES=20, Closed profiles creation mode = Solid

Select objects to extrude or [MOde]: *Cancel*

Command: Specify opposite corner or [Fence/WPolygon/CPolygon]: 
Command: JOIN
10 found

8 objects converted to 1 polyline, 2 objects discarded from the operation
Command: 
Command: 
Command: _extrude 
Current wire frame density:  ISOLINES=20, Closed profiles creation mode = Solid

Select objects to extrude or [MOde]: _MO Closed profiles creation mode [SOlid/SUrface] <Solid>: _SO

Select objects to extrude or [MOde]: 1 found

Select objects to extrude or [MOde]:  
Specify height of extrusion or [Direction/Path/Taper angle/Expression] <1.000>: 1


Command:  EXTRUDE

Current wire frame density:  ISOLINES=20, Closed profiles creation mode = Solid

Select objects to extrude or [MOde]: 1 found

Select objects to extrude or [MOde]:  
Specify height of extrusion or [Direction/Path/Taper angle/Expression] <1.000>: 1


Command: 
Command: 
Command: _subtract Select solids, surfaces, and regions to subtract from ..

Select objects: 1 found

Select objects:  Select solids, surfaces, and regions to subtract ..
Select objects: 1 found

Select objects: 


Command:  
Command:  
Command:  
Command:  
Command: Specify opposite corner or [Fence/WPolygon/CPolygon]: 
Command: JOIN
2 found

0 objects joined, 2 objects discarded from the operation
Command: 
Command: _.erase 1 found

Command: 
Command: 
Command: _line 
Specify first point: 
Specify next point or [Undo]: 
Specify next point or [Undo]: *Cancel*

Command: Specify opposite corner or [Fence/WPolygon/CPolygon]: 
Command: JOIN
2 found

0 objects joined, 2 objects discarded from the operation
Command: _u JOIN 
Command: _u LINE GROUP 
Command: _u ERASE 
Command:  
Automatic save to C:\Users\11903685\AppData\Local\Temp\logo_1_47_32e2bc89.sv$ ...

Command: 
Command:  
Command:  
Command:  
Command:  
Command: 
Command: 
Command: _offset 
Current settings: Erase source=No  Layer=Source  OFFSETGAPTYPE=0
Specify offset distance or [Through/Erase/Layer] <1.000>: 1

Select object to offset or [Exit/Undo] <Exit>: 
Specify point on side to offset or [Exit/Multiple/Undo] <Exit>: 
Select object to offset or [Exit/Undo] <Exit>: 
Specify point on side to offset or [Exit/Multiple/Undo] <Exit>: 
Select object to offset or [Exit/Undo] <Exit>: 
Specify point on side to offset or [Exit/Multiple/Undo] <Exit>: 
Select object to offset or [Exit/Undo] <Exit>: 
Specify point on side to offset or [Exit/Multiple/Undo] <Exit>: 
Select object to offset or [Exit/Undo] <Exit>:  
Command:  OFFSET

Current settings: Erase source=No  Layer=Source  OFFSETGAPTYPE=0
Specify offset distance or [Through/Erase/Layer] <1.000>: 0.5

Select object to offset or [Exit/Undo] <Exit>: 
Specify point on side to offset or [Exit/Multiple/Undo] <Exit>: 
Select object to offset or [Exit/Undo] <Exit>: 
Specify point on side to offset or [Exit/Multiple/Undo] <Exit>: 
Select object to offset or [Exit/Undo] <Exit>: 
Specify point on side to offset or [Exit/Multiple/Undo] <Exit>: 
Select object to offset or [Exit/Undo] <Exit>: 
Specify point on side to offset or [Exit/Multiple/Undo] <Exit>: _u 
Select object to offset or [Exit/Undo] <Exit>: 
Specify point on side to offset or [Exit/Multiple/Undo] <Exit>: 
Select object to offset or [Exit/Undo] <Exit>: 
Specify point on side to offset or [Exit/Multiple/Undo] <Exit>: 
Select object to offset or [Exit/Undo] <Exit>:  
Resuming OFFSET command.

Select object to offset or [Exit/Undo] <Exit>: *Cancel*

Command: 
Command: _qsave 
Command: Specify opposite corner or [Fence/WPolygon/CPolygon]: *Cancel*

Command: 
Command: _qsave 
Command: 
Command: _.erase 1 found

Command: 
Command: _.erase 1 found

Command:  
Command: 
Command: 
Command: _trim 
Current settings: Projection=UCS, Edge=None, Mode=Quick
Select object to trim or shift-select to extend or
 [cuTting edges/Crossing/mOde/Project/eRase]: 

Select object to trim or shift-select to extend or
 [cuTting edges/Crossing/mOde/Project/eRase/Undo]: 

Select object to trim or shift-select to extend or
 [cuTting edges/Crossing/mOde/Project/eRase/Undo]: 

Select object to trim or shift-select to extend or
 [cuTting edges/Crossing/mOde/Project/eRase/Undo]:  
Resuming TRIM command.

Select object to trim or shift-select to extend or
 [cuTting edges/Crossing/mOde/Project/eRase/Undo]: 

Select object to trim or shift-select to extend or
 [cuTting edges/Crossing/mOde/Project/eRase/Undo]: 

Select object to trim or shift-select to extend or
 [cuTting edges/Crossing/mOde/Project/eRase/Undo]: 

Select object to trim or shift-select to extend or
 [cuTting edges/Crossing/mOde/Project/eRase/Undo]:  
Resuming TRIM command.

Select object to trim or shift-select to extend or
 [cuTting edges/Crossing/mOde/Project/eRase/Undo]: 

Select object to trim or shift-select to extend or
 [cuTting edges/Crossing/mOde/Project/eRase/Undo]: 

Select object to trim or shift-select to extend or
 [cuTting edges/Crossing/mOde/Project/eRase/Undo]:  
Resuming TRIM command.

Select object to trim or shift-select to extend or
 [cuTting edges/Crossing/mOde/Project/eRase/Undo]: 

Select object to trim or shift-select to extend or
 [cuTting edges/Crossing/mOde/Project/eRase/Undo]: 

Select object to trim or shift-select to extend or
 [cuTting edges/Crossing/mOde/Project/eRase/Undo]: 

Select object to trim or shift-select to extend or
 [cuTting edges/Crossing/mOde/Project/eRase/Undo]: 

Select object to trim or shift-select to extend or
 [cuTting edges/Crossing/mOde/Project/eRase/Undo]:  
Resuming TRIM command.

Select object to trim or shift-select to extend or
 [cuTting edges/Crossing/mOde/Project/eRase/Undo]: *Cancel*

Command: 
Command: _extend 
Current settings: Projection=UCS, Edge=None, Mode=Quick
Select object to extend or shift-select to trim or
 [Boundary edges/Crossing/mOde/Project]: 
Select object to extend or shift-select to trim or
 [Boundary edges/Crossing/mOde/Project/Undo]: 
Specify next fence point or [Undo]: 
Specify next fence point or [Undo]: 
Specify next fence point or [Undo]: 
Specify next fence point or [Undo]: 

Select object to extend or shift-select to trim or
 [Boundary edges/Crossing/mOde/Project/Undo]: 

Select object to extend or shift-select to trim or
 [Boundary edges/Crossing/mOde/Project/Undo]:  
Resuming EXTEND command.

Select object to extend or shift-select to trim or
 [Boundary edges/Crossing/mOde/Project/Undo]: 

Select object to extend or shift-select to trim or
 [Boundary edges/Crossing/mOde/Project/Undo]: 

Select object to extend or shift-select to trim or
 [Boundary edges/Crossing/mOde/Project/Undo]: *Cancel*

Command: Specify opposite corner or [Fence/WPolygon/CPolygon]: 
Command: 
Command: 
Command: _offset 
Current settings: Erase source=No  Layer=Source  OFFSETGAPTYPE=0
Specify offset distance or [Through/Erase/Layer] <0.500>: 1

Select object to offset or [Exit/Undo] <Exit>: 
Specify point on side to offset or [Exit/Multiple/Undo] <Exit>: 
Select object to offset or [Exit/Undo] <Exit>: 
Select object to offset or [Exit/Undo] <Exit>: *Cancel*

Command: Specify opposite corner or [Fence/WPolygon/CPolygon]: 
Command: *Cancel*

Command: Specify opposite corner or [Fence/WPolygon/CPolygon]: 
Command: *Cancel*

Command: Specify opposite corner or [Fence/WPolygon/CPolygon]: 
Command: *Cancel*

Command: Specify opposite corner or [Fence/WPolygon/CPolygon]: 
Command: *Cancel*

Command: Specify opposite corner or [Fence/WPolygon/CPolygon]: 
Command: _.erase 19 found

Command: Specify opposite corner or [Fence/WPolygon/CPolygon]: 
Command: _.erase 12 found

Command: Specify opposite corner or [Fence/WPolygon/CPolygon]: 
Command: _.erase 2 found

Command: _u INTELLIZOOM INTELLIZOOM 
Command: _u ERASE 
Command: _u ERASE 
Command: _u ERASE 
Command: _u OFFSET GROUP 
Command: Specify opposite corner or [Fence/WPolygon/CPolygon]: 
Automatic save to C:\Users\11903685\AppData\Local\Temp\logo_1_6607_53dfcb33.sv$ ...

Command: 
Command: _.erase 8 found

Command: 
Command: 
Command: _rectang 
Specify first corner point or [Chamfer/Elevation/Fillet/Thickness/Width]: 
Specify other corner point or [Area/Dimensions/Rotation]: @1,1

Command:  
Command: _u INTELLIZOOM INTELLIZOOM 
Command: _u 
Command: _u RECTANG GROUP 
Command: _u ERASE 
Command: Specify opposite corner or [Fence/WPolygon/CPolygon]: *Cancel*

Command: 
Command: _qsave 
Command: *Cancel*

Command: *Cancel*

Command: _quit 
Command: 
