[ AutoCAD - Sun May 09 11:30:50 2021  ]----------------------------------------
Loading AEC Base...
Loading AEC Base Extended...
Loading AEC Core...
Loading AEC Project Base...
Loading AEC Architectural Base...
Loading AEC Schedule...

Opening an AutoCAD 2018 format file.
Substituting [simplex.shx] for [Freehand575 BT].
Regenerating model.


AutoCAD menu utilities loaded.*Cancel*

Command: 

Autodesk DWG.  This file is a TrustedDWG last saved by an Autodesk application or Autodesk licensed application.

Command: 

Command: 
Command: 

Command: *Cancel*

Command: *Cancel*

Command:  
Command: 
